ARM GAS  /tmp/cclzZb7y.s 			page 1


   1              		.cpu cortex-m0plus
   2              		.arch armv6s-m
   3              		.fpu softvfp
   4              		.eabi_attribute 20, 1
   5              		.eabi_attribute 21, 1
   6              		.eabi_attribute 23, 3
   7              		.eabi_attribute 24, 1
   8              		.eabi_attribute 25, 1
   9              		.eabi_attribute 26, 1
  10              		.eabi_attribute 30, 1
  11              		.eabi_attribute 34, 0
  12              		.eabi_attribute 18, 4
  13              		.file	"py32f0xx_hal_gpio.c"
  14              		.text
  15              	.Ltext0:
  16              		.cfi_sections	.debug_frame
  17              		.file 1 "PY32F0xx_HAL_Driver/Src/py32f0xx_hal_gpio.c"
  18              		.section	.text.HAL_GPIO_Init,"ax",%progbits
  19              		.align	1
  20              		.global	HAL_GPIO_Init
  21              		.syntax unified
  22              		.code	16
  23              		.thumb_func
  25              	HAL_GPIO_Init:
  26              	.LVL0:
  27              	.LFB55:
   1:PY32F0xx_HAL_Driver/Src/py32f0xx_hal_gpio.c **** /**
   2:PY32F0xx_HAL_Driver/Src/py32f0xx_hal_gpio.c ****   ******************************************************************************
   3:PY32F0xx_HAL_Driver/Src/py32f0xx_hal_gpio.c ****   * @file    py32f0xx_hal_gpio.c
   4:PY32F0xx_HAL_Driver/Src/py32f0xx_hal_gpio.c ****   * @author  MCU Application Team
   5:PY32F0xx_HAL_Driver/Src/py32f0xx_hal_gpio.c ****   * @brief   GPIO HAL module driver.
   6:PY32F0xx_HAL_Driver/Src/py32f0xx_hal_gpio.c ****   *          This file provides firmware functions to manage the following
   7:PY32F0xx_HAL_Driver/Src/py32f0xx_hal_gpio.c ****   *          functionalities of the General Purpose Input/Output (GPIO) peripheral:
   8:PY32F0xx_HAL_Driver/Src/py32f0xx_hal_gpio.c ****   *           + Initialization and de-initialization functions
   9:PY32F0xx_HAL_Driver/Src/py32f0xx_hal_gpio.c ****   *           + IO operation functions
  10:PY32F0xx_HAL_Driver/Src/py32f0xx_hal_gpio.c ****   *
  11:PY32F0xx_HAL_Driver/Src/py32f0xx_hal_gpio.c ****   @verbatim
  12:PY32F0xx_HAL_Driver/Src/py32f0xx_hal_gpio.c ****   ==============================================================================
  13:PY32F0xx_HAL_Driver/Src/py32f0xx_hal_gpio.c ****                     ##### GPIO Peripheral features #####
  14:PY32F0xx_HAL_Driver/Src/py32f0xx_hal_gpio.c ****   ==============================================================================
  15:PY32F0xx_HAL_Driver/Src/py32f0xx_hal_gpio.c ****   [..]
  16:PY32F0xx_HAL_Driver/Src/py32f0xx_hal_gpio.c ****     (+) Each port bit of the general-purpose I/O (GPIO) ports can be individually
  17:PY32F0xx_HAL_Driver/Src/py32f0xx_hal_gpio.c ****         configured by software in several modes:
  18:PY32F0xx_HAL_Driver/Src/py32f0xx_hal_gpio.c ****         (++) Input mode
  19:PY32F0xx_HAL_Driver/Src/py32f0xx_hal_gpio.c ****         (++) Analog mode
  20:PY32F0xx_HAL_Driver/Src/py32f0xx_hal_gpio.c ****         (++) Output mode
  21:PY32F0xx_HAL_Driver/Src/py32f0xx_hal_gpio.c ****         (++) Alternate function mode
  22:PY32F0xx_HAL_Driver/Src/py32f0xx_hal_gpio.c ****         (++) External interrupt/event lines
  23:PY32F0xx_HAL_Driver/Src/py32f0xx_hal_gpio.c **** 
  24:PY32F0xx_HAL_Driver/Src/py32f0xx_hal_gpio.c ****     (+) During and just after reset, the alternate functions and external interrupt
  25:PY32F0xx_HAL_Driver/Src/py32f0xx_hal_gpio.c ****         lines are not active and the I/O ports are configured in input floating mode.
  26:PY32F0xx_HAL_Driver/Src/py32f0xx_hal_gpio.c **** 
  27:PY32F0xx_HAL_Driver/Src/py32f0xx_hal_gpio.c ****     (+) All GPIO pins have weak internal pull-up and pull-down resistors, which can be
  28:PY32F0xx_HAL_Driver/Src/py32f0xx_hal_gpio.c ****         activated or not.
  29:PY32F0xx_HAL_Driver/Src/py32f0xx_hal_gpio.c **** 
  30:PY32F0xx_HAL_Driver/Src/py32f0xx_hal_gpio.c ****     (+) In Output or Alternate mode, each IO can be configured on open-drain or push-pull
  31:PY32F0xx_HAL_Driver/Src/py32f0xx_hal_gpio.c ****         type and the IO speed can be selected depending on the VDD value.
ARM GAS  /tmp/cclzZb7y.s 			page 2


  32:PY32F0xx_HAL_Driver/Src/py32f0xx_hal_gpio.c **** 
  33:PY32F0xx_HAL_Driver/Src/py32f0xx_hal_gpio.c ****     (+) The microcontroller IO pins are connected to onboard peripherals/modules through a
  34:PY32F0xx_HAL_Driver/Src/py32f0xx_hal_gpio.c ****         multiplexer that allows only one peripheral alternate function (AF) connected
  35:PY32F0xx_HAL_Driver/Src/py32f0xx_hal_gpio.c ****        to an IO pin at a time. In this way, there can be no conflict between peripherals
  36:PY32F0xx_HAL_Driver/Src/py32f0xx_hal_gpio.c ****        sharing the same IO pin.
  37:PY32F0xx_HAL_Driver/Src/py32f0xx_hal_gpio.c **** 
  38:PY32F0xx_HAL_Driver/Src/py32f0xx_hal_gpio.c ****     (+) All ports have external interrupt/event capability. To use external interrupt
  39:PY32F0xx_HAL_Driver/Src/py32f0xx_hal_gpio.c ****         lines, the port must be configured in input mode. All available GPIO pins are
  40:PY32F0xx_HAL_Driver/Src/py32f0xx_hal_gpio.c ****         connected to the 16 external interrupt/event lines from EXTI0 to EXTI15.
  41:PY32F0xx_HAL_Driver/Src/py32f0xx_hal_gpio.c **** 
  42:PY32F0xx_HAL_Driver/Src/py32f0xx_hal_gpio.c ****     (+) The external interrupt/event controller consists of up to 28 edge detectors
  43:PY32F0xx_HAL_Driver/Src/py32f0xx_hal_gpio.c ****         (16 lines are connected to GPIO) for generating event/interrupt requests (each
  44:PY32F0xx_HAL_Driver/Src/py32f0xx_hal_gpio.c ****         input line can be independently configured to select the type (interrupt or event)
  45:PY32F0xx_HAL_Driver/Src/py32f0xx_hal_gpio.c ****         and the corresponding trigger event (rising or falling or both). Each line can
  46:PY32F0xx_HAL_Driver/Src/py32f0xx_hal_gpio.c ****         also be masked independently.
  47:PY32F0xx_HAL_Driver/Src/py32f0xx_hal_gpio.c **** 
  48:PY32F0xx_HAL_Driver/Src/py32f0xx_hal_gpio.c ****                      ##### How to use this driver #####
  49:PY32F0xx_HAL_Driver/Src/py32f0xx_hal_gpio.c ****   ==============================================================================
  50:PY32F0xx_HAL_Driver/Src/py32f0xx_hal_gpio.c ****   [..]
  51:PY32F0xx_HAL_Driver/Src/py32f0xx_hal_gpio.c ****     (#) Enable the GPIO AHB clock using the following function: __HAL_RCC_GPIOx_CLK_ENABLE().
  52:PY32F0xx_HAL_Driver/Src/py32f0xx_hal_gpio.c **** 
  53:PY32F0xx_HAL_Driver/Src/py32f0xx_hal_gpio.c ****     (#) Configure the GPIO pin(s) using HAL_GPIO_Init().
  54:PY32F0xx_HAL_Driver/Src/py32f0xx_hal_gpio.c ****         (++) Configure the IO mode using "Mode" member from GPIO_InitTypeDef structure
  55:PY32F0xx_HAL_Driver/Src/py32f0xx_hal_gpio.c ****         (++) Activate Pull-up, Pull-down resistor using "Pull" member from GPIO_InitTypeDef
  56:PY32F0xx_HAL_Driver/Src/py32f0xx_hal_gpio.c ****              structure.
  57:PY32F0xx_HAL_Driver/Src/py32f0xx_hal_gpio.c ****         (++) In case of Output or alternate function mode selection: the speed is
  58:PY32F0xx_HAL_Driver/Src/py32f0xx_hal_gpio.c ****              configured through "Speed" member from GPIO_InitTypeDef structure.
  59:PY32F0xx_HAL_Driver/Src/py32f0xx_hal_gpio.c ****         (++) In alternate mode is selection, the alternate function connected to the IO
  60:PY32F0xx_HAL_Driver/Src/py32f0xx_hal_gpio.c ****              is configured through "Alternate" member from GPIO_InitTypeDef structure.
  61:PY32F0xx_HAL_Driver/Src/py32f0xx_hal_gpio.c ****         (++) Analog mode is required when a pin is to be used as ADC channel
  62:PY32F0xx_HAL_Driver/Src/py32f0xx_hal_gpio.c ****              or DAC output.
  63:PY32F0xx_HAL_Driver/Src/py32f0xx_hal_gpio.c ****         (++) In case of external interrupt/event selection the "Mode" member from
  64:PY32F0xx_HAL_Driver/Src/py32f0xx_hal_gpio.c ****              GPIO_InitTypeDef structure select the type (interrupt or event) and
  65:PY32F0xx_HAL_Driver/Src/py32f0xx_hal_gpio.c ****              the corresponding trigger event (rising or falling or both).
  66:PY32F0xx_HAL_Driver/Src/py32f0xx_hal_gpio.c **** 
  67:PY32F0xx_HAL_Driver/Src/py32f0xx_hal_gpio.c ****     (#) In case of external interrupt/event mode selection, configure NVIC IRQ priority
  68:PY32F0xx_HAL_Driver/Src/py32f0xx_hal_gpio.c ****         mapped to the EXTI line using HAL_NVIC_SetPriority() and enable it using
  69:PY32F0xx_HAL_Driver/Src/py32f0xx_hal_gpio.c ****         HAL_NVIC_EnableIRQ().
  70:PY32F0xx_HAL_Driver/Src/py32f0xx_hal_gpio.c **** 
  71:PY32F0xx_HAL_Driver/Src/py32f0xx_hal_gpio.c ****     (#) To get the level of a pin configured in input mode use HAL_GPIO_ReadPin().
  72:PY32F0xx_HAL_Driver/Src/py32f0xx_hal_gpio.c **** 
  73:PY32F0xx_HAL_Driver/Src/py32f0xx_hal_gpio.c ****     (#) To set/reset the level of a pin configured in output mode use
  74:PY32F0xx_HAL_Driver/Src/py32f0xx_hal_gpio.c ****         HAL_GPIO_WritePin()/HAL_GPIO_TogglePin().
  75:PY32F0xx_HAL_Driver/Src/py32f0xx_hal_gpio.c **** 
  76:PY32F0xx_HAL_Driver/Src/py32f0xx_hal_gpio.c ****     (#) To lock pin configuration until next reset use HAL_GPIO_LockPin().
  77:PY32F0xx_HAL_Driver/Src/py32f0xx_hal_gpio.c **** 
  78:PY32F0xx_HAL_Driver/Src/py32f0xx_hal_gpio.c ****     (#) During and just after reset, the alternate functions are not
  79:PY32F0xx_HAL_Driver/Src/py32f0xx_hal_gpio.c ****         active and the GPIO pins are configured in input floating mode (except JTAG
  80:PY32F0xx_HAL_Driver/Src/py32f0xx_hal_gpio.c ****         pins).
  81:PY32F0xx_HAL_Driver/Src/py32f0xx_hal_gpio.c **** 
  82:PY32F0xx_HAL_Driver/Src/py32f0xx_hal_gpio.c ****     (#) The LSE oscillator pins OSC32_IN and OSC32_OUT can be used as general purpose
  83:PY32F0xx_HAL_Driver/Src/py32f0xx_hal_gpio.c ****         when the LSE oscillator is off. The LSE has priority over the GPIO function.
  84:PY32F0xx_HAL_Driver/Src/py32f0xx_hal_gpio.c **** 
  85:PY32F0xx_HAL_Driver/Src/py32f0xx_hal_gpio.c ****     (#) The HSE oscillator pins OSC_IN/OSC_OUT can be used as
  86:PY32F0xx_HAL_Driver/Src/py32f0xx_hal_gpio.c ****         general purpose PF0 and PF1, respectively, when the HSE oscillator is off.
  87:PY32F0xx_HAL_Driver/Src/py32f0xx_hal_gpio.c ****         The HSE has priority over the GPIO function.
  88:PY32F0xx_HAL_Driver/Src/py32f0xx_hal_gpio.c **** 
ARM GAS  /tmp/cclzZb7y.s 			page 3


  89:PY32F0xx_HAL_Driver/Src/py32f0xx_hal_gpio.c ****   @endverbatim
  90:PY32F0xx_HAL_Driver/Src/py32f0xx_hal_gpio.c ****   ******************************************************************************
  91:PY32F0xx_HAL_Driver/Src/py32f0xx_hal_gpio.c **** 
  92:PY32F0xx_HAL_Driver/Src/py32f0xx_hal_gpio.c ****   *
  93:PY32F0xx_HAL_Driver/Src/py32f0xx_hal_gpio.c ****   ******************************************************************************
  94:PY32F0xx_HAL_Driver/Src/py32f0xx_hal_gpio.c ****   * @attention
  95:PY32F0xx_HAL_Driver/Src/py32f0xx_hal_gpio.c ****   *
  96:PY32F0xx_HAL_Driver/Src/py32f0xx_hal_gpio.c ****   * <h2><center>&copy; Copyright (c) Puya Semiconductor Co.
  97:PY32F0xx_HAL_Driver/Src/py32f0xx_hal_gpio.c ****   * All rights reserved.</center></h2>
  98:PY32F0xx_HAL_Driver/Src/py32f0xx_hal_gpio.c ****   *
  99:PY32F0xx_HAL_Driver/Src/py32f0xx_hal_gpio.c ****   * <h2><center>&copy; Copyright (c) 2016 STMicroelectronics.
 100:PY32F0xx_HAL_Driver/Src/py32f0xx_hal_gpio.c ****   * All rights reserved.</center></h2>
 101:PY32F0xx_HAL_Driver/Src/py32f0xx_hal_gpio.c ****   *
 102:PY32F0xx_HAL_Driver/Src/py32f0xx_hal_gpio.c ****   * This software component is licensed by ST under BSD 3-Clause license,
 103:PY32F0xx_HAL_Driver/Src/py32f0xx_hal_gpio.c ****   * the "License"; You may not use this file except in compliance with the
 104:PY32F0xx_HAL_Driver/Src/py32f0xx_hal_gpio.c ****   * License. You may obtain a copy of the License at:
 105:PY32F0xx_HAL_Driver/Src/py32f0xx_hal_gpio.c ****   *                        opensource.org/licenses/BSD-3-Clause
 106:PY32F0xx_HAL_Driver/Src/py32f0xx_hal_gpio.c ****   *
 107:PY32F0xx_HAL_Driver/Src/py32f0xx_hal_gpio.c ****   ******************************************************************************
 108:PY32F0xx_HAL_Driver/Src/py32f0xx_hal_gpio.c ****   */
 109:PY32F0xx_HAL_Driver/Src/py32f0xx_hal_gpio.c **** 
 110:PY32F0xx_HAL_Driver/Src/py32f0xx_hal_gpio.c **** /* Includes ------------------------------------------------------------------*/
 111:PY32F0xx_HAL_Driver/Src/py32f0xx_hal_gpio.c **** #include "py32f0xx_hal.h"
 112:PY32F0xx_HAL_Driver/Src/py32f0xx_hal_gpio.c **** 
 113:PY32F0xx_HAL_Driver/Src/py32f0xx_hal_gpio.c **** /** @addtogroup PY32F0xx_HAL_Driver
 114:PY32F0xx_HAL_Driver/Src/py32f0xx_hal_gpio.c ****   * @{
 115:PY32F0xx_HAL_Driver/Src/py32f0xx_hal_gpio.c ****   */
 116:PY32F0xx_HAL_Driver/Src/py32f0xx_hal_gpio.c **** 
 117:PY32F0xx_HAL_Driver/Src/py32f0xx_hal_gpio.c **** /** @addtogroup GPIO
 118:PY32F0xx_HAL_Driver/Src/py32f0xx_hal_gpio.c ****   * @{
 119:PY32F0xx_HAL_Driver/Src/py32f0xx_hal_gpio.c ****   */
 120:PY32F0xx_HAL_Driver/Src/py32f0xx_hal_gpio.c **** /** MISRA C:2012 deviation rule has been granted for following rules:
 121:PY32F0xx_HAL_Driver/Src/py32f0xx_hal_gpio.c ****   * Rule-12.2 - Medium: RHS argument is in interval [0,INF] which is out of
 122:PY32F0xx_HAL_Driver/Src/py32f0xx_hal_gpio.c ****   * range of the shift operator in following API :
 123:PY32F0xx_HAL_Driver/Src/py32f0xx_hal_gpio.c ****   * HAL_GPIO_Init
 124:PY32F0xx_HAL_Driver/Src/py32f0xx_hal_gpio.c ****   * HAL_GPIO_DeInit
 125:PY32F0xx_HAL_Driver/Src/py32f0xx_hal_gpio.c ****   */
 126:PY32F0xx_HAL_Driver/Src/py32f0xx_hal_gpio.c **** 
 127:PY32F0xx_HAL_Driver/Src/py32f0xx_hal_gpio.c **** #ifdef HAL_GPIO_MODULE_ENABLED
 128:PY32F0xx_HAL_Driver/Src/py32f0xx_hal_gpio.c **** 
 129:PY32F0xx_HAL_Driver/Src/py32f0xx_hal_gpio.c **** /* Private typedef -----------------------------------------------------------*/
 130:PY32F0xx_HAL_Driver/Src/py32f0xx_hal_gpio.c **** /* Private defines ------------------------------------------------------------*/
 131:PY32F0xx_HAL_Driver/Src/py32f0xx_hal_gpio.c **** /** @defgroup GPIO_Private_Constants GPIO Private Constants
 132:PY32F0xx_HAL_Driver/Src/py32f0xx_hal_gpio.c ****   * @{
 133:PY32F0xx_HAL_Driver/Src/py32f0xx_hal_gpio.c ****   */
 134:PY32F0xx_HAL_Driver/Src/py32f0xx_hal_gpio.c **** #define GPIO_MODE             (0x00000003u)
 135:PY32F0xx_HAL_Driver/Src/py32f0xx_hal_gpio.c **** #define EXTI_MODE             (0x10000000u)
 136:PY32F0xx_HAL_Driver/Src/py32f0xx_hal_gpio.c **** #define GPIO_MODE_IT          (0x00010000u)
 137:PY32F0xx_HAL_Driver/Src/py32f0xx_hal_gpio.c **** #define GPIO_MODE_EVT         (0x00020000u)
 138:PY32F0xx_HAL_Driver/Src/py32f0xx_hal_gpio.c **** #define RISING_EDGE           (0x00100000u)
 139:PY32F0xx_HAL_Driver/Src/py32f0xx_hal_gpio.c **** #define FALLING_EDGE          (0x00200000u)
 140:PY32F0xx_HAL_Driver/Src/py32f0xx_hal_gpio.c **** #define GPIO_OUTPUT_TYPE      (0x00000010u)
 141:PY32F0xx_HAL_Driver/Src/py32f0xx_hal_gpio.c **** 
 142:PY32F0xx_HAL_Driver/Src/py32f0xx_hal_gpio.c **** #define GPIO_NUMBER           (16u)
 143:PY32F0xx_HAL_Driver/Src/py32f0xx_hal_gpio.c **** /**
 144:PY32F0xx_HAL_Driver/Src/py32f0xx_hal_gpio.c ****   * @}
 145:PY32F0xx_HAL_Driver/Src/py32f0xx_hal_gpio.c ****   */
ARM GAS  /tmp/cclzZb7y.s 			page 4


 146:PY32F0xx_HAL_Driver/Src/py32f0xx_hal_gpio.c **** 
 147:PY32F0xx_HAL_Driver/Src/py32f0xx_hal_gpio.c **** #define __GPIO_LOCK_KEY_Msk   (0x00030000U)
 148:PY32F0xx_HAL_Driver/Src/py32f0xx_hal_gpio.c **** /* Private macros ------------------------------------------------------------*/
 149:PY32F0xx_HAL_Driver/Src/py32f0xx_hal_gpio.c **** /* Private variables ---------------------------------------------------------*/
 150:PY32F0xx_HAL_Driver/Src/py32f0xx_hal_gpio.c **** /* Private function prototypes -----------------------------------------------*/
 151:PY32F0xx_HAL_Driver/Src/py32f0xx_hal_gpio.c **** /* Exported functions --------------------------------------------------------*/
 152:PY32F0xx_HAL_Driver/Src/py32f0xx_hal_gpio.c **** 
 153:PY32F0xx_HAL_Driver/Src/py32f0xx_hal_gpio.c **** /** @addtogroup GPIO_Exported_Functions
 154:PY32F0xx_HAL_Driver/Src/py32f0xx_hal_gpio.c ****   * @{
 155:PY32F0xx_HAL_Driver/Src/py32f0xx_hal_gpio.c ****   */
 156:PY32F0xx_HAL_Driver/Src/py32f0xx_hal_gpio.c **** 
 157:PY32F0xx_HAL_Driver/Src/py32f0xx_hal_gpio.c **** /** @addtogroup GPIO_Exported_Functions_Group1
 158:PY32F0xx_HAL_Driver/Src/py32f0xx_hal_gpio.c ****  *  @brief    Initialization and Configuration functions
 159:PY32F0xx_HAL_Driver/Src/py32f0xx_hal_gpio.c ****  *
 160:PY32F0xx_HAL_Driver/Src/py32f0xx_hal_gpio.c **** @verbatim
 161:PY32F0xx_HAL_Driver/Src/py32f0xx_hal_gpio.c ****  ===============================================================================
 162:PY32F0xx_HAL_Driver/Src/py32f0xx_hal_gpio.c ****               ##### Initialization and de-initialization functions #####
 163:PY32F0xx_HAL_Driver/Src/py32f0xx_hal_gpio.c ****  ===============================================================================
 164:PY32F0xx_HAL_Driver/Src/py32f0xx_hal_gpio.c **** 
 165:PY32F0xx_HAL_Driver/Src/py32f0xx_hal_gpio.c **** @endverbatim
 166:PY32F0xx_HAL_Driver/Src/py32f0xx_hal_gpio.c ****   * @{
 167:PY32F0xx_HAL_Driver/Src/py32f0xx_hal_gpio.c ****   */
 168:PY32F0xx_HAL_Driver/Src/py32f0xx_hal_gpio.c **** 
 169:PY32F0xx_HAL_Driver/Src/py32f0xx_hal_gpio.c **** /**
 170:PY32F0xx_HAL_Driver/Src/py32f0xx_hal_gpio.c ****   * @brief  Initialize the GPIOx peripheral according to the specified parameters in the GPIO_Init.
 171:PY32F0xx_HAL_Driver/Src/py32f0xx_hal_gpio.c ****   * @param  GPIOx where x can be (A..F) to select the GPIO peripheral for PY32F0xx family
 172:PY32F0xx_HAL_Driver/Src/py32f0xx_hal_gpio.c ****   * @param  GPIO_Init pointer to a GPIO_InitTypeDef structure that contains
 173:PY32F0xx_HAL_Driver/Src/py32f0xx_hal_gpio.c ****   *         the configuration information for the specified GPIO peripheral.
 174:PY32F0xx_HAL_Driver/Src/py32f0xx_hal_gpio.c ****   * @retval None
 175:PY32F0xx_HAL_Driver/Src/py32f0xx_hal_gpio.c ****   */
 176:PY32F0xx_HAL_Driver/Src/py32f0xx_hal_gpio.c **** void HAL_GPIO_Init(GPIO_TypeDef  *GPIOx, GPIO_InitTypeDef *GPIO_Init)
 177:PY32F0xx_HAL_Driver/Src/py32f0xx_hal_gpio.c **** {
  28              		.loc 1 177 1 view -0
  29              		.cfi_startproc
  30              		@ args = 0, pretend = 0, frame = 0
  31              		@ frame_needed = 0, uses_anonymous_args = 0
  32              		.loc 1 177 1 is_stmt 0 view .LVU1
  33 0000 F0B5     		push	{r4, r5, r6, r7, lr}
  34              	.LCFI0:
  35              		.cfi_def_cfa_offset 20
  36              		.cfi_offset 4, -20
  37              		.cfi_offset 5, -16
  38              		.cfi_offset 6, -12
  39              		.cfi_offset 7, -8
  40              		.cfi_offset 14, -4
  41 0002 D646     		mov	lr, r10
  42 0004 4F46     		mov	r7, r9
  43 0006 4646     		mov	r6, r8
  44 0008 C0B5     		push	{r6, r7, lr}
  45              	.LCFI1:
  46              		.cfi_def_cfa_offset 32
  47              		.cfi_offset 8, -32
  48              		.cfi_offset 9, -28
  49              		.cfi_offset 10, -24
 178:PY32F0xx_HAL_Driver/Src/py32f0xx_hal_gpio.c ****   uint32_t position = 0x00u;
  50              		.loc 1 178 3 is_stmt 1 view .LVU2
  51              	.LVL1:
ARM GAS  /tmp/cclzZb7y.s 			page 5


 179:PY32F0xx_HAL_Driver/Src/py32f0xx_hal_gpio.c ****   uint32_t iocurrent;
  52              		.loc 1 179 3 view .LVU3
 180:PY32F0xx_HAL_Driver/Src/py32f0xx_hal_gpio.c ****   uint32_t temp;
  53              		.loc 1 180 3 view .LVU4
 181:PY32F0xx_HAL_Driver/Src/py32f0xx_hal_gpio.c **** 
 182:PY32F0xx_HAL_Driver/Src/py32f0xx_hal_gpio.c ****   /* Check the parameters */
 183:PY32F0xx_HAL_Driver/Src/py32f0xx_hal_gpio.c ****   assert_param(IS_GPIO_ALL_INSTANCE(GPIOx));
  54              		.loc 1 183 3 view .LVU5
 184:PY32F0xx_HAL_Driver/Src/py32f0xx_hal_gpio.c ****   assert_param(IS_GPIO_PIN(GPIO_Init->Pin));
  55              		.loc 1 184 3 view .LVU6
 185:PY32F0xx_HAL_Driver/Src/py32f0xx_hal_gpio.c ****   assert_param(IS_GPIO_MODE(GPIO_Init->Mode));
  56              		.loc 1 185 3 view .LVU7
 186:PY32F0xx_HAL_Driver/Src/py32f0xx_hal_gpio.c ****   assert_param(IS_GPIO_PULL(GPIO_Init->Pull));
  57              		.loc 1 186 3 view .LVU8
 187:PY32F0xx_HAL_Driver/Src/py32f0xx_hal_gpio.c **** 
 188:PY32F0xx_HAL_Driver/Src/py32f0xx_hal_gpio.c ****   /* Configure the port pins */
 189:PY32F0xx_HAL_Driver/Src/py32f0xx_hal_gpio.c ****   while (((GPIO_Init->Pin) >> position) != 0x00u)
  58              		.loc 1 189 3 view .LVU9
 178:PY32F0xx_HAL_Driver/Src/py32f0xx_hal_gpio.c ****   uint32_t iocurrent;
  59              		.loc 1 178 12 is_stmt 0 view .LVU10
  60 000a 0023     		movs	r3, #0
  61              		.loc 1 189 9 view .LVU11
  62 000c 69E0     		b	.L2
  63              	.LVL2:
  64              	.L6:
 190:PY32F0xx_HAL_Driver/Src/py32f0xx_hal_gpio.c ****   {
 191:PY32F0xx_HAL_Driver/Src/py32f0xx_hal_gpio.c ****     /* Get current io position */
 192:PY32F0xx_HAL_Driver/Src/py32f0xx_hal_gpio.c ****     iocurrent = (GPIO_Init->Pin) & (1uL << position);
 193:PY32F0xx_HAL_Driver/Src/py32f0xx_hal_gpio.c **** 
 194:PY32F0xx_HAL_Driver/Src/py32f0xx_hal_gpio.c ****     if (iocurrent != 0x00u)
 195:PY32F0xx_HAL_Driver/Src/py32f0xx_hal_gpio.c ****     {
 196:PY32F0xx_HAL_Driver/Src/py32f0xx_hal_gpio.c ****       /*--------------------- GPIO Mode Configuration ------------------------*/
 197:PY32F0xx_HAL_Driver/Src/py32f0xx_hal_gpio.c ****       /* In case of Alternate function mode selection */
 198:PY32F0xx_HAL_Driver/Src/py32f0xx_hal_gpio.c ****       if ((GPIO_Init->Mode == GPIO_MODE_AF_PP) || (GPIO_Init->Mode == GPIO_MODE_AF_OD))
 199:PY32F0xx_HAL_Driver/Src/py32f0xx_hal_gpio.c ****       {
 200:PY32F0xx_HAL_Driver/Src/py32f0xx_hal_gpio.c ****         /* Check the Alternate function parameters */
 201:PY32F0xx_HAL_Driver/Src/py32f0xx_hal_gpio.c ****         assert_param(IS_GPIO_AF_INSTANCE(GPIOx));
 202:PY32F0xx_HAL_Driver/Src/py32f0xx_hal_gpio.c ****         assert_param(IS_GPIO_AF(GPIO_Init->Alternate));
 203:PY32F0xx_HAL_Driver/Src/py32f0xx_hal_gpio.c **** 
 204:PY32F0xx_HAL_Driver/Src/py32f0xx_hal_gpio.c ****         /* Configure Alternate function mapped with the current IO */
 205:PY32F0xx_HAL_Driver/Src/py32f0xx_hal_gpio.c ****         temp = GPIOx->AFR[position >> 3u];
 206:PY32F0xx_HAL_Driver/Src/py32f0xx_hal_gpio.c ****         temp &= ~(0xFu << ((position & 0x07u) * 4u));
 207:PY32F0xx_HAL_Driver/Src/py32f0xx_hal_gpio.c ****         temp |= ((GPIO_Init->Alternate) << ((position & 0x07u) * 4u));
 208:PY32F0xx_HAL_Driver/Src/py32f0xx_hal_gpio.c ****         GPIOx->AFR[position >> 3u] = temp;
 209:PY32F0xx_HAL_Driver/Src/py32f0xx_hal_gpio.c ****       }
 210:PY32F0xx_HAL_Driver/Src/py32f0xx_hal_gpio.c **** 
 211:PY32F0xx_HAL_Driver/Src/py32f0xx_hal_gpio.c ****       /* Configure IO Direction mode (Input, Output, Alternate or Analog) */
 212:PY32F0xx_HAL_Driver/Src/py32f0xx_hal_gpio.c ****       temp = GPIOx->MODER;
 213:PY32F0xx_HAL_Driver/Src/py32f0xx_hal_gpio.c ****       temp &= ~(GPIO_MODER_MODE0 << (position * 2u));
 214:PY32F0xx_HAL_Driver/Src/py32f0xx_hal_gpio.c ****       temp |= ((GPIO_Init->Mode & GPIO_MODE) << (position * 2u));
 215:PY32F0xx_HAL_Driver/Src/py32f0xx_hal_gpio.c ****       GPIOx->MODER = temp;
 216:PY32F0xx_HAL_Driver/Src/py32f0xx_hal_gpio.c **** 
 217:PY32F0xx_HAL_Driver/Src/py32f0xx_hal_gpio.c ****       /* In case of Output or Alternate function mode selection */
 218:PY32F0xx_HAL_Driver/Src/py32f0xx_hal_gpio.c ****       if ((GPIO_Init->Mode == GPIO_MODE_OUTPUT_PP) || (GPIO_Init->Mode == GPIO_MODE_AF_PP) ||
 219:PY32F0xx_HAL_Driver/Src/py32f0xx_hal_gpio.c ****           (GPIO_Init->Mode == GPIO_MODE_OUTPUT_OD) || (GPIO_Init->Mode == GPIO_MODE_AF_OD))
 220:PY32F0xx_HAL_Driver/Src/py32f0xx_hal_gpio.c ****       {
 221:PY32F0xx_HAL_Driver/Src/py32f0xx_hal_gpio.c ****         /* Check the Speed parameter */
ARM GAS  /tmp/cclzZb7y.s 			page 6


 222:PY32F0xx_HAL_Driver/Src/py32f0xx_hal_gpio.c ****         assert_param(IS_GPIO_SPEED(GPIO_Init->Speed));
  65              		.loc 1 222 9 is_stmt 1 view .LVU12
 223:PY32F0xx_HAL_Driver/Src/py32f0xx_hal_gpio.c ****         /* Configure the IO Speed */
 224:PY32F0xx_HAL_Driver/Src/py32f0xx_hal_gpio.c ****         temp = GPIOx->OSPEEDR;
  66              		.loc 1 224 9 view .LVU13
  67              		.loc 1 224 14 is_stmt 0 view .LVU14
  68 000e 8468     		ldr	r4, [r0, #8]
  69              	.LVL3:
 225:PY32F0xx_HAL_Driver/Src/py32f0xx_hal_gpio.c ****         temp &= ~(GPIO_OSPEEDR_OSPEED0 << (position * 2u));
  70              		.loc 1 225 9 is_stmt 1 view .LVU15
  71              		.loc 1 225 14 is_stmt 0 view .LVU16
  72 0010 3C40     		ands	r4, r7
  73              	.LVL4:
  74              		.loc 1 225 14 view .LVU17
  75 0012 A446     		mov	ip, r4
  76              	.LVL5:
 226:PY32F0xx_HAL_Driver/Src/py32f0xx_hal_gpio.c ****         temp |= (GPIO_Init->Speed << (position * 2u));
  77              		.loc 1 226 9 is_stmt 1 view .LVU18
  78              		.loc 1 226 27 is_stmt 0 view .LVU19
  79 0014 CC68     		ldr	r4, [r1, #12]
  80              	.LVL6:
  81              		.loc 1 226 35 view .LVU20
  82 0016 B440     		lsls	r4, r4, r6
  83              		.loc 1 226 14 view .LVU21
  84 0018 6546     		mov	r5, ip
  85 001a 2C43     		orrs	r4, r5
  86              	.LVL7:
 227:PY32F0xx_HAL_Driver/Src/py32f0xx_hal_gpio.c ****         GPIOx->OSPEEDR = temp;
  87              		.loc 1 227 9 is_stmt 1 view .LVU22
  88              		.loc 1 227 24 is_stmt 0 view .LVU23
  89 001c 8460     		str	r4, [r0, #8]
 228:PY32F0xx_HAL_Driver/Src/py32f0xx_hal_gpio.c **** 
 229:PY32F0xx_HAL_Driver/Src/py32f0xx_hal_gpio.c ****         /* Configure the IO Output Type */
 230:PY32F0xx_HAL_Driver/Src/py32f0xx_hal_gpio.c ****         temp = GPIOx->OTYPER;
  90              		.loc 1 230 9 is_stmt 1 view .LVU24
  91              		.loc 1 230 14 is_stmt 0 view .LVU25
  92 001e 4468     		ldr	r4, [r0, #4]
  93              	.LVL8:
 231:PY32F0xx_HAL_Driver/Src/py32f0xx_hal_gpio.c ****         temp &= ~(GPIO_OTYPER_OT0 << position) ;
  94              		.loc 1 231 9 is_stmt 1 view .LVU26
  95              		.loc 1 231 14 is_stmt 0 view .LVU27
  96 0020 9443     		bics	r4, r2
  97              	.LVL9:
 232:PY32F0xx_HAL_Driver/Src/py32f0xx_hal_gpio.c ****         temp |= (((GPIO_Init->Mode & GPIO_OUTPUT_TYPE) >> 4u) << position);
  98              		.loc 1 232 9 is_stmt 1 view .LVU28
  99              		.loc 1 232 29 is_stmt 0 view .LVU29
 100 0022 4A68     		ldr	r2, [r1, #4]
 101              		.loc 1 232 56 view .LVU30
 102 0024 1209     		lsrs	r2, r2, #4
 103 0026 9446     		mov	ip, r2
 104 0028 0122     		movs	r2, #1
 105 002a 6546     		mov	r5, ip
 106 002c 2A40     		ands	r2, r5
 107              		.loc 1 232 63 view .LVU31
 108 002e 9A40     		lsls	r2, r2, r3
 109              		.loc 1 232 14 view .LVU32
 110 0030 2243     		orrs	r2, r4
ARM GAS  /tmp/cclzZb7y.s 			page 7


 111              	.LVL10:
 233:PY32F0xx_HAL_Driver/Src/py32f0xx_hal_gpio.c ****         GPIOx->OTYPER = temp;
 112              		.loc 1 233 9 is_stmt 1 view .LVU33
 113              		.loc 1 233 23 is_stmt 0 view .LVU34
 114 0032 4260     		str	r2, [r0, #4]
 115              	.LVL11:
 116              	.L7:
 234:PY32F0xx_HAL_Driver/Src/py32f0xx_hal_gpio.c ****       }
 235:PY32F0xx_HAL_Driver/Src/py32f0xx_hal_gpio.c **** 
 236:PY32F0xx_HAL_Driver/Src/py32f0xx_hal_gpio.c ****       /* Activate the Pull-up or Pull down resistor for the current IO */
 237:PY32F0xx_HAL_Driver/Src/py32f0xx_hal_gpio.c ****       temp = GPIOx->PUPDR;
 117              		.loc 1 237 7 is_stmt 1 view .LVU35
 118              		.loc 1 237 12 is_stmt 0 view .LVU36
 119 0034 C468     		ldr	r4, [r0, #12]
 120              	.LVL12:
 238:PY32F0xx_HAL_Driver/Src/py32f0xx_hal_gpio.c ****       temp &= ~(GPIO_PUPDR_PUPD0 << (position * 2u));
 121              		.loc 1 238 7 is_stmt 1 view .LVU37
 122              		.loc 1 238 12 is_stmt 0 view .LVU38
 123 0036 3C40     		ands	r4, r7
 124              	.LVL13:
 239:PY32F0xx_HAL_Driver/Src/py32f0xx_hal_gpio.c ****       temp |= ((GPIO_Init->Pull) << (position * 2u));
 125              		.loc 1 239 7 is_stmt 1 view .LVU39
 126              		.loc 1 239 26 is_stmt 0 view .LVU40
 127 0038 8A68     		ldr	r2, [r1, #8]
 128              		.loc 1 239 34 view .LVU41
 129 003a B240     		lsls	r2, r2, r6
 130              		.loc 1 239 12 view .LVU42
 131 003c 2243     		orrs	r2, r4
 132              	.LVL14:
 240:PY32F0xx_HAL_Driver/Src/py32f0xx_hal_gpio.c ****       GPIOx->PUPDR = temp;
 133              		.loc 1 240 7 is_stmt 1 view .LVU43
 134              		.loc 1 240 20 is_stmt 0 view .LVU44
 135 003e C260     		str	r2, [r0, #12]
 241:PY32F0xx_HAL_Driver/Src/py32f0xx_hal_gpio.c **** 
 242:PY32F0xx_HAL_Driver/Src/py32f0xx_hal_gpio.c ****       /*--------------------- EXTI Mode Configuration ------------------------*/
 243:PY32F0xx_HAL_Driver/Src/py32f0xx_hal_gpio.c ****       /* Configure the External Interrupt or event for the current IO */
 244:PY32F0xx_HAL_Driver/Src/py32f0xx_hal_gpio.c ****       if ((GPIO_Init->Mode & EXTI_MODE) == EXTI_MODE)
 136              		.loc 1 244 7 is_stmt 1 view .LVU45
 137              		.loc 1 244 21 is_stmt 0 view .LVU46
 138 0040 4A68     		ldr	r2, [r1, #4]
 139              	.LVL15:
 140              		.loc 1 244 10 view .LVU47
 141 0042 D200     		lsls	r2, r2, #3
 142 0044 4CD5     		bpl	.L3
 245:PY32F0xx_HAL_Driver/Src/py32f0xx_hal_gpio.c ****       {
 246:PY32F0xx_HAL_Driver/Src/py32f0xx_hal_gpio.c ****         temp = EXTI->EXTICR[position >> 2u];
 143              		.loc 1 246 9 is_stmt 1 view .LVU48
 144              		.loc 1 246 38 is_stmt 0 view .LVU49
 145 0046 9A08     		lsrs	r2, r3, #2
 146              		.loc 1 246 14 view .LVU50
 147 0048 1400     		movs	r4, r2
 148 004a 1834     		adds	r4, r4, #24
 149 004c A400     		lsls	r4, r4, #2
 150 004e 4A4E     		ldr	r6, .L23
 151 0050 A759     		ldr	r7, [r4, r6]
 152              	.LVL16:
 247:PY32F0xx_HAL_Driver/Src/py32f0xx_hal_gpio.c ****         temp &= ~(0x0FuL << (8u * (position & 0x03u)));
ARM GAS  /tmp/cclzZb7y.s 			page 8


 153              		.loc 1 247 9 is_stmt 1 view .LVU51
 154              		.loc 1 247 45 is_stmt 0 view .LVU52
 155 0052 0324     		movs	r4, #3
 156 0054 1C40     		ands	r4, r3
 157              		.loc 1 247 33 view .LVU53
 158 0056 E400     		lsls	r4, r4, #3
 159              		.loc 1 247 26 view .LVU54
 160 0058 0F26     		movs	r6, #15
 161 005a A640     		lsls	r6, r6, r4
 162              		.loc 1 247 14 view .LVU55
 163 005c B743     		bics	r7, r6
 164              	.LVL17:
 248:PY32F0xx_HAL_Driver/Src/py32f0xx_hal_gpio.c ****         temp |= (GPIO_GET_INDEX(GPIOx) << (8u * (position & 0x03u)));
 165              		.loc 1 248 9 is_stmt 1 view .LVU56
 166              		.loc 1 248 18 is_stmt 0 view .LVU57
 167 005e A026     		movs	r6, #160
 168 0060 F605     		lsls	r6, r6, #23
 169 0062 B042     		cmp	r0, r6
 170 0064 00D1     		bne	.LCB132
 171 0066 80E0     		b	.L14	@long jump
 172              	.LCB132:
 173              		.loc 1 248 18 discriminator 1 view .LVU58
 174 0068 444E     		ldr	r6, .L23+4
 175 006a B042     		cmp	r0, r6
 176 006c 7BD0     		beq	.L21
 177              		.loc 1 248 18 discriminator 4 view .LVU59
 178 006e 0226     		movs	r6, #2
 179              	.L8:
 180              		.loc 1 248 40 discriminator 8 view .LVU60
 181 0070 A640     		lsls	r6, r6, r4
 182 0072 3400     		movs	r4, r6
 183              		.loc 1 248 14 discriminator 8 view .LVU61
 184 0074 3C43     		orrs	r4, r7
 185              	.LVL18:
 249:PY32F0xx_HAL_Driver/Src/py32f0xx_hal_gpio.c ****         EXTI->EXTICR[position >> 2u] = temp;
 186              		.loc 1 249 9 is_stmt 1 view .LVU62
 187              		.loc 1 249 38 is_stmt 0 view .LVU63
 188 0076 404E     		ldr	r6, .L23
 189 0078 1832     		adds	r2, r2, #24
 190 007a 9200     		lsls	r2, r2, #2
 191 007c 9451     		str	r4, [r2, r6]
 250:PY32F0xx_HAL_Driver/Src/py32f0xx_hal_gpio.c **** 
 251:PY32F0xx_HAL_Driver/Src/py32f0xx_hal_gpio.c ****         /* Clear EXTI line configuration */
 252:PY32F0xx_HAL_Driver/Src/py32f0xx_hal_gpio.c ****         temp = EXTI->IMR;
 192              		.loc 1 252 9 is_stmt 1 view .LVU64
 193              		.loc 1 252 14 is_stmt 0 view .LVU65
 194 007e 8022     		movs	r2, #128
 195 0080 B758     		ldr	r7, [r6, r2]
 196              	.LVL19:
 253:PY32F0xx_HAL_Driver/Src/py32f0xx_hal_gpio.c ****         temp &= ~(iocurrent);
 197              		.loc 1 253 9 is_stmt 1 view .LVU66
 198              		.loc 1 253 17 is_stmt 0 view .LVU67
 199 0082 4A46     		mov	r2, r9
 200 0084 D243     		mvns	r2, r2
 201              		.loc 1 253 14 view .LVU68
 202 0086 3E00     		movs	r6, r7
 203 0088 4C46     		mov	r4, r9
ARM GAS  /tmp/cclzZb7y.s 			page 9


 204 008a A643     		bics	r6, r4
 205              	.LVL20:
 254:PY32F0xx_HAL_Driver/Src/py32f0xx_hal_gpio.c ****         if ((GPIO_Init->Mode & GPIO_MODE_IT) == GPIO_MODE_IT)
 206              		.loc 1 254 9 is_stmt 1 view .LVU69
 207              		.loc 1 254 23 is_stmt 0 view .LVU70
 208 008c 4C68     		ldr	r4, [r1, #4]
 209              		.loc 1 254 12 view .LVU71
 210 008e E403     		lsls	r4, r4, #15
 211 0090 02D5     		bpl	.L9
 255:PY32F0xx_HAL_Driver/Src/py32f0xx_hal_gpio.c ****         {
 256:PY32F0xx_HAL_Driver/Src/py32f0xx_hal_gpio.c ****           temp |= iocurrent;
 212              		.loc 1 256 11 is_stmt 1 view .LVU72
 213              		.loc 1 256 16 is_stmt 0 view .LVU73
 214 0092 3E00     		movs	r6, r7
 215              	.LVL21:
 216              		.loc 1 256 16 view .LVU74
 217 0094 4C46     		mov	r4, r9
 218 0096 2643     		orrs	r6, r4
 219              	.L9:
 220              	.LVL22:
 257:PY32F0xx_HAL_Driver/Src/py32f0xx_hal_gpio.c ****         }
 258:PY32F0xx_HAL_Driver/Src/py32f0xx_hal_gpio.c ****         EXTI->IMR = temp;
 221              		.loc 1 258 9 is_stmt 1 view .LVU75
 222              		.loc 1 258 19 is_stmt 0 view .LVU76
 223 0098 374C     		ldr	r4, .L23
 224 009a 8027     		movs	r7, #128
 225 009c E651     		str	r6, [r4, r7]
 259:PY32F0xx_HAL_Driver/Src/py32f0xx_hal_gpio.c **** 
 260:PY32F0xx_HAL_Driver/Src/py32f0xx_hal_gpio.c ****         temp = EXTI->EMR;
 226              		.loc 1 260 9 is_stmt 1 view .LVU77
 227              		.loc 1 260 14 is_stmt 0 view .LVU78
 228 009e 8426     		movs	r6, #132
 229              	.LVL23:
 230              		.loc 1 260 14 view .LVU79
 231 00a0 A759     		ldr	r7, [r4, r6]
 232              	.LVL24:
 261:PY32F0xx_HAL_Driver/Src/py32f0xx_hal_gpio.c ****         temp &= ~(iocurrent);
 233              		.loc 1 261 9 is_stmt 1 view .LVU80
 234              		.loc 1 261 14 is_stmt 0 view .LVU81
 235 00a2 3E00     		movs	r6, r7
 236 00a4 1640     		ands	r6, r2
 237              	.LVL25:
 262:PY32F0xx_HAL_Driver/Src/py32f0xx_hal_gpio.c ****         if ((GPIO_Init->Mode & GPIO_MODE_EVT) == GPIO_MODE_EVT)
 238              		.loc 1 262 9 is_stmt 1 view .LVU82
 239              		.loc 1 262 23 is_stmt 0 view .LVU83
 240 00a6 4C68     		ldr	r4, [r1, #4]
 241              		.loc 1 262 12 view .LVU84
 242 00a8 A403     		lsls	r4, r4, #14
 243 00aa 02D5     		bpl	.L10
 263:PY32F0xx_HAL_Driver/Src/py32f0xx_hal_gpio.c ****         {
 264:PY32F0xx_HAL_Driver/Src/py32f0xx_hal_gpio.c ****           temp |= iocurrent;
 244              		.loc 1 264 11 is_stmt 1 view .LVU85
 245              		.loc 1 264 16 is_stmt 0 view .LVU86
 246 00ac 3E00     		movs	r6, r7
 247              	.LVL26:
 248              		.loc 1 264 16 view .LVU87
 249 00ae 4C46     		mov	r4, r9
ARM GAS  /tmp/cclzZb7y.s 			page 10


 250 00b0 2643     		orrs	r6, r4
 251              	.L10:
 252              	.LVL27:
 265:PY32F0xx_HAL_Driver/Src/py32f0xx_hal_gpio.c ****         }
 266:PY32F0xx_HAL_Driver/Src/py32f0xx_hal_gpio.c ****         EXTI->EMR = temp;
 253              		.loc 1 266 9 is_stmt 1 view .LVU88
 254              		.loc 1 266 19 is_stmt 0 view .LVU89
 255 00b2 314C     		ldr	r4, .L23
 256 00b4 8427     		movs	r7, #132
 257 00b6 E651     		str	r6, [r4, r7]
 267:PY32F0xx_HAL_Driver/Src/py32f0xx_hal_gpio.c **** 
 268:PY32F0xx_HAL_Driver/Src/py32f0xx_hal_gpio.c ****         /* Clear Rising Falling edge configuration */
 269:PY32F0xx_HAL_Driver/Src/py32f0xx_hal_gpio.c ****         temp = EXTI->RTSR;
 258              		.loc 1 269 9 is_stmt 1 view .LVU90
 259              		.loc 1 269 14 is_stmt 0 view .LVU91
 260 00b8 2768     		ldr	r7, [r4]
 261              	.LVL28:
 270:PY32F0xx_HAL_Driver/Src/py32f0xx_hal_gpio.c ****         temp &= ~(iocurrent);
 262              		.loc 1 270 9 is_stmt 1 view .LVU92
 263              		.loc 1 270 14 is_stmt 0 view .LVU93
 264 00ba 3E00     		movs	r6, r7
 265 00bc 1640     		ands	r6, r2
 266              	.LVL29:
 271:PY32F0xx_HAL_Driver/Src/py32f0xx_hal_gpio.c ****         if ((GPIO_Init->Mode & RISING_EDGE) == RISING_EDGE)
 267              		.loc 1 271 9 is_stmt 1 view .LVU94
 268              		.loc 1 271 23 is_stmt 0 view .LVU95
 269 00be 4C68     		ldr	r4, [r1, #4]
 270              		.loc 1 271 12 view .LVU96
 271 00c0 E402     		lsls	r4, r4, #11
 272 00c2 02D5     		bpl	.L11
 272:PY32F0xx_HAL_Driver/Src/py32f0xx_hal_gpio.c ****         {
 273:PY32F0xx_HAL_Driver/Src/py32f0xx_hal_gpio.c ****           temp |= iocurrent;
 273              		.loc 1 273 11 is_stmt 1 view .LVU97
 274              		.loc 1 273 16 is_stmt 0 view .LVU98
 275 00c4 3E00     		movs	r6, r7
 276              	.LVL30:
 277              		.loc 1 273 16 view .LVU99
 278 00c6 4C46     		mov	r4, r9
 279 00c8 2643     		orrs	r6, r4
 280              	.L11:
 281              	.LVL31:
 274:PY32F0xx_HAL_Driver/Src/py32f0xx_hal_gpio.c ****         }
 275:PY32F0xx_HAL_Driver/Src/py32f0xx_hal_gpio.c ****         EXTI->RTSR = temp;
 282              		.loc 1 275 9 is_stmt 1 view .LVU100
 283              		.loc 1 275 20 is_stmt 0 view .LVU101
 284 00ca 2B4C     		ldr	r4, .L23
 285 00cc 2660     		str	r6, [r4]
 276:PY32F0xx_HAL_Driver/Src/py32f0xx_hal_gpio.c **** 
 277:PY32F0xx_HAL_Driver/Src/py32f0xx_hal_gpio.c ****         temp = EXTI->FTSR;
 286              		.loc 1 277 9 is_stmt 1 view .LVU102
 287              		.loc 1 277 14 is_stmt 0 view .LVU103
 288 00ce 6668     		ldr	r6, [r4, #4]
 289              	.LVL32:
 278:PY32F0xx_HAL_Driver/Src/py32f0xx_hal_gpio.c ****         temp &= ~(iocurrent);
 290              		.loc 1 278 9 is_stmt 1 view .LVU104
 291              		.loc 1 278 14 is_stmt 0 view .LVU105
 292 00d0 3240     		ands	r2, r6
ARM GAS  /tmp/cclzZb7y.s 			page 11


 293              	.LVL33:
 279:PY32F0xx_HAL_Driver/Src/py32f0xx_hal_gpio.c ****         if ((GPIO_Init->Mode & FALLING_EDGE) == FALLING_EDGE)
 294              		.loc 1 279 9 is_stmt 1 view .LVU106
 295              		.loc 1 279 23 is_stmt 0 view .LVU107
 296 00d2 4C68     		ldr	r4, [r1, #4]
 297              		.loc 1 279 12 view .LVU108
 298 00d4 A402     		lsls	r4, r4, #10
 299 00d6 01D5     		bpl	.L12
 280:PY32F0xx_HAL_Driver/Src/py32f0xx_hal_gpio.c ****         {
 281:PY32F0xx_HAL_Driver/Src/py32f0xx_hal_gpio.c ****           temp |= iocurrent;
 300              		.loc 1 281 11 is_stmt 1 view .LVU109
 301              		.loc 1 281 16 is_stmt 0 view .LVU110
 302 00d8 4A46     		mov	r2, r9
 303              	.LVL34:
 304              		.loc 1 281 16 view .LVU111
 305 00da 3243     		orrs	r2, r6
 306              	.L12:
 307              	.LVL35:
 282:PY32F0xx_HAL_Driver/Src/py32f0xx_hal_gpio.c ****         }
 283:PY32F0xx_HAL_Driver/Src/py32f0xx_hal_gpio.c ****         EXTI->FTSR = temp;
 308              		.loc 1 283 9 is_stmt 1 view .LVU112
 309              		.loc 1 283 20 is_stmt 0 view .LVU113
 310 00dc 264C     		ldr	r4, .L23
 311 00de 6260     		str	r2, [r4, #4]
 312              	.LVL36:
 313              	.L3:
 284:PY32F0xx_HAL_Driver/Src/py32f0xx_hal_gpio.c ****       }
 285:PY32F0xx_HAL_Driver/Src/py32f0xx_hal_gpio.c ****     }
 286:PY32F0xx_HAL_Driver/Src/py32f0xx_hal_gpio.c **** 
 287:PY32F0xx_HAL_Driver/Src/py32f0xx_hal_gpio.c ****     position++;
 314              		.loc 1 287 5 is_stmt 1 view .LVU114
 315              		.loc 1 287 13 is_stmt 0 view .LVU115
 316 00e0 0133     		adds	r3, r3, #1
 317              	.LVL37:
 318              	.L2:
 189:PY32F0xx_HAL_Driver/Src/py32f0xx_hal_gpio.c ****   {
 319              		.loc 1 189 41 is_stmt 1 view .LVU116
 189:PY32F0xx_HAL_Driver/Src/py32f0xx_hal_gpio.c ****   {
 320              		.loc 1 189 21 is_stmt 0 view .LVU117
 321 00e2 0C68     		ldr	r4, [r1]
 189:PY32F0xx_HAL_Driver/Src/py32f0xx_hal_gpio.c ****   {
 322              		.loc 1 189 28 view .LVU118
 323 00e4 2200     		movs	r2, r4
 324 00e6 DA40     		lsrs	r2, r2, r3
 189:PY32F0xx_HAL_Driver/Src/py32f0xx_hal_gpio.c ****   {
 325              		.loc 1 189 41 view .LVU119
 326 00e8 41D0     		beq	.L22
 192:PY32F0xx_HAL_Driver/Src/py32f0xx_hal_gpio.c **** 
 327              		.loc 1 192 5 is_stmt 1 view .LVU120
 192:PY32F0xx_HAL_Driver/Src/py32f0xx_hal_gpio.c **** 
 328              		.loc 1 192 41 is_stmt 0 view .LVU121
 329 00ea 0122     		movs	r2, #1
 330 00ec 9A40     		lsls	r2, r2, r3
 192:PY32F0xx_HAL_Driver/Src/py32f0xx_hal_gpio.c **** 
 331              		.loc 1 192 15 view .LVU122
 332 00ee 2500     		movs	r5, r4
 333 00f0 1540     		ands	r5, r2
ARM GAS  /tmp/cclzZb7y.s 			page 12


 334 00f2 A946     		mov	r9, r5
 335              	.LVL38:
 194:PY32F0xx_HAL_Driver/Src/py32f0xx_hal_gpio.c ****     {
 336              		.loc 1 194 5 is_stmt 1 view .LVU123
 194:PY32F0xx_HAL_Driver/Src/py32f0xx_hal_gpio.c ****     {
 337              		.loc 1 194 8 is_stmt 0 view .LVU124
 338 00f4 1442     		tst	r4, r2
 339 00f6 F3D0     		beq	.L3
 198:PY32F0xx_HAL_Driver/Src/py32f0xx_hal_gpio.c ****       {
 340              		.loc 1 198 7 is_stmt 1 view .LVU125
 198:PY32F0xx_HAL_Driver/Src/py32f0xx_hal_gpio.c ****       {
 341              		.loc 1 198 21 is_stmt 0 view .LVU126
 342 00f8 4C68     		ldr	r4, [r1, #4]
 198:PY32F0xx_HAL_Driver/Src/py32f0xx_hal_gpio.c ****       {
 343              		.loc 1 198 10 view .LVU127
 344 00fa 022C     		cmp	r4, #2
 345 00fc 01D0     		beq	.L4
 198:PY32F0xx_HAL_Driver/Src/py32f0xx_hal_gpio.c ****       {
 346              		.loc 1 198 48 discriminator 1 view .LVU128
 347 00fe 122C     		cmp	r4, #18
 348 0100 10D1     		bne	.L5
 349              	.L4:
 201:PY32F0xx_HAL_Driver/Src/py32f0xx_hal_gpio.c ****         assert_param(IS_GPIO_AF(GPIO_Init->Alternate));
 350              		.loc 1 201 9 is_stmt 1 view .LVU129
 202:PY32F0xx_HAL_Driver/Src/py32f0xx_hal_gpio.c **** 
 351              		.loc 1 202 9 view .LVU130
 205:PY32F0xx_HAL_Driver/Src/py32f0xx_hal_gpio.c ****         temp &= ~(0xFu << ((position & 0x07u) * 4u));
 352              		.loc 1 205 9 view .LVU131
 205:PY32F0xx_HAL_Driver/Src/py32f0xx_hal_gpio.c ****         temp &= ~(0xFu << ((position & 0x07u) * 4u));
 353              		.loc 1 205 36 is_stmt 0 view .LVU132
 354 0102 DC08     		lsrs	r4, r3, #3
 205:PY32F0xx_HAL_Driver/Src/py32f0xx_hal_gpio.c ****         temp &= ~(0xFu << ((position & 0x07u) * 4u));
 355              		.loc 1 205 14 view .LVU133
 356 0104 0834     		adds	r4, r4, #8
 357 0106 A400     		lsls	r4, r4, #2
 358 0108 2758     		ldr	r7, [r4, r0]
 359              	.LVL39:
 206:PY32F0xx_HAL_Driver/Src/py32f0xx_hal_gpio.c ****         temp |= ((GPIO_Init->Alternate) << ((position & 0x07u) * 4u));
 360              		.loc 1 206 9 is_stmt 1 view .LVU134
 206:PY32F0xx_HAL_Driver/Src/py32f0xx_hal_gpio.c ****         temp |= ((GPIO_Init->Alternate) << ((position & 0x07u) * 4u));
 361              		.loc 1 206 38 is_stmt 0 view .LVU135
 362 010a 0726     		movs	r6, #7
 363 010c 1E40     		ands	r6, r3
 206:PY32F0xx_HAL_Driver/Src/py32f0xx_hal_gpio.c ****         temp |= ((GPIO_Init->Alternate) << ((position & 0x07u) * 4u));
 364              		.loc 1 206 47 view .LVU136
 365 010e B600     		lsls	r6, r6, #2
 206:PY32F0xx_HAL_Driver/Src/py32f0xx_hal_gpio.c ****         temp |= ((GPIO_Init->Alternate) << ((position & 0x07u) * 4u));
 366              		.loc 1 206 24 view .LVU137
 367 0110 0F25     		movs	r5, #15
 368              	.LVL40:
 206:PY32F0xx_HAL_Driver/Src/py32f0xx_hal_gpio.c ****         temp |= ((GPIO_Init->Alternate) << ((position & 0x07u) * 4u));
 369              		.loc 1 206 24 view .LVU138
 370 0112 B540     		lsls	r5, r5, r6
 206:PY32F0xx_HAL_Driver/Src/py32f0xx_hal_gpio.c ****         temp |= ((GPIO_Init->Alternate) << ((position & 0x07u) * 4u));
 371              		.loc 1 206 14 view .LVU139
 372 0114 AF43     		bics	r7, r5
 373              	.LVL41:
ARM GAS  /tmp/cclzZb7y.s 			page 13


 206:PY32F0xx_HAL_Driver/Src/py32f0xx_hal_gpio.c ****         temp |= ((GPIO_Init->Alternate) << ((position & 0x07u) * 4u));
 374              		.loc 1 206 14 view .LVU140
 375 0116 BC46     		mov	ip, r7
 376              	.LVL42:
 207:PY32F0xx_HAL_Driver/Src/py32f0xx_hal_gpio.c ****         GPIOx->AFR[position >> 3u] = temp;
 377              		.loc 1 207 9 is_stmt 1 view .LVU141
 207:PY32F0xx_HAL_Driver/Src/py32f0xx_hal_gpio.c ****         GPIOx->AFR[position >> 3u] = temp;
 378              		.loc 1 207 28 is_stmt 0 view .LVU142
 379 0118 0F69     		ldr	r7, [r1, #16]
 380              	.LVL43:
 207:PY32F0xx_HAL_Driver/Src/py32f0xx_hal_gpio.c ****         GPIOx->AFR[position >> 3u] = temp;
 381              		.loc 1 207 41 view .LVU143
 382 011a B740     		lsls	r7, r7, r6
 383 011c 3E00     		movs	r6, r7
 207:PY32F0xx_HAL_Driver/Src/py32f0xx_hal_gpio.c ****         GPIOx->AFR[position >> 3u] = temp;
 384              		.loc 1 207 14 view .LVU144
 385 011e 6546     		mov	r5, ip
 386 0120 2E43     		orrs	r6, r5
 387              	.LVL44:
 208:PY32F0xx_HAL_Driver/Src/py32f0xx_hal_gpio.c ****       }
 388              		.loc 1 208 9 is_stmt 1 view .LVU145
 208:PY32F0xx_HAL_Driver/Src/py32f0xx_hal_gpio.c ****       }
 389              		.loc 1 208 36 is_stmt 0 view .LVU146
 390 0122 2650     		str	r6, [r4, r0]
 391              	.LVL45:
 392              	.L5:
 212:PY32F0xx_HAL_Driver/Src/py32f0xx_hal_gpio.c ****       temp &= ~(GPIO_MODER_MODE0 << (position * 2u));
 393              		.loc 1 212 7 is_stmt 1 view .LVU147
 212:PY32F0xx_HAL_Driver/Src/py32f0xx_hal_gpio.c ****       temp &= ~(GPIO_MODER_MODE0 << (position * 2u));
 394              		.loc 1 212 12 is_stmt 0 view .LVU148
 395 0124 0468     		ldr	r4, [r0]
 396 0126 A446     		mov	ip, r4
 397              	.LVL46:
 213:PY32F0xx_HAL_Driver/Src/py32f0xx_hal_gpio.c ****       temp |= ((GPIO_Init->Mode & GPIO_MODE) << (position * 2u));
 398              		.loc 1 213 7 is_stmt 1 view .LVU149
 213:PY32F0xx_HAL_Driver/Src/py32f0xx_hal_gpio.c ****       temp |= ((GPIO_Init->Mode & GPIO_MODE) << (position * 2u));
 399              		.loc 1 213 47 is_stmt 0 view .LVU150
 400 0128 5E00     		lsls	r6, r3, #1
 213:PY32F0xx_HAL_Driver/Src/py32f0xx_hal_gpio.c ****       temp |= ((GPIO_Init->Mode & GPIO_MODE) << (position * 2u));
 401              		.loc 1 213 34 view .LVU151
 402 012a 0324     		movs	r4, #3
 403              	.LVL47:
 213:PY32F0xx_HAL_Driver/Src/py32f0xx_hal_gpio.c ****       temp |= ((GPIO_Init->Mode & GPIO_MODE) << (position * 2u));
 404              		.loc 1 213 34 view .LVU152
 405 012c A246     		mov	r10, r4
 406 012e 2700     		movs	r7, r4
 407 0130 B740     		lsls	r7, r7, r6
 408 0132 B846     		mov	r8, r7
 213:PY32F0xx_HAL_Driver/Src/py32f0xx_hal_gpio.c ****       temp |= ((GPIO_Init->Mode & GPIO_MODE) << (position * 2u));
 409              		.loc 1 213 15 view .LVU153
 410 0134 FF43     		mvns	r7, r7
 213:PY32F0xx_HAL_Driver/Src/py32f0xx_hal_gpio.c ****       temp |= ((GPIO_Init->Mode & GPIO_MODE) << (position * 2u));
 411              		.loc 1 213 12 view .LVU154
 412 0136 6546     		mov	r5, ip
 413 0138 4446     		mov	r4, r8
 414 013a A543     		bics	r5, r4
 415 013c AC46     		mov	ip, r5
ARM GAS  /tmp/cclzZb7y.s 			page 14


 416              	.LVL48:
 214:PY32F0xx_HAL_Driver/Src/py32f0xx_hal_gpio.c ****       GPIOx->MODER = temp;
 417              		.loc 1 214 7 is_stmt 1 view .LVU155
 214:PY32F0xx_HAL_Driver/Src/py32f0xx_hal_gpio.c ****       GPIOx->MODER = temp;
 418              		.loc 1 214 26 is_stmt 0 view .LVU156
 419 013e 4C68     		ldr	r4, [r1, #4]
 214:PY32F0xx_HAL_Driver/Src/py32f0xx_hal_gpio.c ****       GPIOx->MODER = temp;
 420              		.loc 1 214 33 view .LVU157
 421 0140 5546     		mov	r5, r10
 422              	.LVL49:
 214:PY32F0xx_HAL_Driver/Src/py32f0xx_hal_gpio.c ****       GPIOx->MODER = temp;
 423              		.loc 1 214 33 view .LVU158
 424 0142 2540     		ands	r5, r4
 425 0144 2C00     		movs	r4, r5
 214:PY32F0xx_HAL_Driver/Src/py32f0xx_hal_gpio.c ****       GPIOx->MODER = temp;
 426              		.loc 1 214 46 view .LVU159
 427 0146 B440     		lsls	r4, r4, r6
 214:PY32F0xx_HAL_Driver/Src/py32f0xx_hal_gpio.c ****       GPIOx->MODER = temp;
 428              		.loc 1 214 12 view .LVU160
 429 0148 6546     		mov	r5, ip
 430 014a 2C43     		orrs	r4, r5
 431              	.LVL50:
 215:PY32F0xx_HAL_Driver/Src/py32f0xx_hal_gpio.c **** 
 432              		.loc 1 215 7 is_stmt 1 view .LVU161
 215:PY32F0xx_HAL_Driver/Src/py32f0xx_hal_gpio.c **** 
 433              		.loc 1 215 20 is_stmt 0 view .LVU162
 434 014c 0460     		str	r4, [r0]
 218:PY32F0xx_HAL_Driver/Src/py32f0xx_hal_gpio.c ****           (GPIO_Init->Mode == GPIO_MODE_OUTPUT_OD) || (GPIO_Init->Mode == GPIO_MODE_AF_OD))
 435              		.loc 1 218 7 is_stmt 1 view .LVU163
 218:PY32F0xx_HAL_Driver/Src/py32f0xx_hal_gpio.c ****           (GPIO_Init->Mode == GPIO_MODE_OUTPUT_OD) || (GPIO_Init->Mode == GPIO_MODE_AF_OD))
 436              		.loc 1 218 21 is_stmt 0 view .LVU164
 437 014e 4C68     		ldr	r4, [r1, #4]
 438              	.LVL51:
 218:PY32F0xx_HAL_Driver/Src/py32f0xx_hal_gpio.c ****           (GPIO_Init->Mode == GPIO_MODE_OUTPUT_OD) || (GPIO_Init->Mode == GPIO_MODE_AF_OD))
 439              		.loc 1 218 52 view .LVU165
 440 0150 651E     		subs	r5, r4, #1
 218:PY32F0xx_HAL_Driver/Src/py32f0xx_hal_gpio.c ****           (GPIO_Init->Mode == GPIO_MODE_OUTPUT_OD) || (GPIO_Init->Mode == GPIO_MODE_AF_OD))
 441              		.loc 1 218 10 view .LVU166
 442 0152 012D     		cmp	r5, #1
 443 0154 00D8     		bhi	.LCB374
 444 0156 5AE7     		b	.L6	@long jump
 445              	.LCB374:
 218:PY32F0xx_HAL_Driver/Src/py32f0xx_hal_gpio.c ****           (GPIO_Init->Mode == GPIO_MODE_OUTPUT_OD) || (GPIO_Init->Mode == GPIO_MODE_AF_OD))
 446              		.loc 1 218 92 discriminator 1 view .LVU167
 447 0158 112C     		cmp	r4, #17
 448 015a 00D1     		bne	.LCB376
 449 015c 57E7     		b	.L6	@long jump
 450              	.LCB376:
 219:PY32F0xx_HAL_Driver/Src/py32f0xx_hal_gpio.c ****       {
 451              		.loc 1 219 52 view .LVU168
 452 015e 122C     		cmp	r4, #18
 453 0160 00D0     		beq	.LCB378
 454 0162 67E7     		b	.L7	@long jump
 455              	.LCB378:
 456 0164 53E7     		b	.L6
 457              	.LVL52:
 458              	.L21:
ARM GAS  /tmp/cclzZb7y.s 			page 15


 248:PY32F0xx_HAL_Driver/Src/py32f0xx_hal_gpio.c ****         EXTI->EXTICR[position >> 2u] = temp;
 459              		.loc 1 248 18 discriminator 3 view .LVU169
 460 0166 0126     		movs	r6, #1
 461 0168 82E7     		b	.L8
 462              	.L14:
 248:PY32F0xx_HAL_Driver/Src/py32f0xx_hal_gpio.c ****         EXTI->EXTICR[position >> 2u] = temp;
 463              		.loc 1 248 18 discriminator 2 view .LVU170
 464 016a 0026     		movs	r6, #0
 465 016c 80E7     		b	.L8
 466              	.LVL53:
 467              	.L22:
 288:PY32F0xx_HAL_Driver/Src/py32f0xx_hal_gpio.c ****   }
 289:PY32F0xx_HAL_Driver/Src/py32f0xx_hal_gpio.c **** }
 468              		.loc 1 289 1 view .LVU171
 469              		@ sp needed
 470 016e E0BC     		pop	{r5, r6, r7}
 471 0170 BA46     		mov	r10, r7
 472 0172 B146     		mov	r9, r6
 473 0174 A846     		mov	r8, r5
 474 0176 F0BD     		pop	{r4, r5, r6, r7, pc}
 475              	.L24:
 476              		.align	2
 477              	.L23:
 478 0178 00180240 		.word	1073879040
 479 017c 00040050 		.word	1342178304
 480              		.cfi_endproc
 481              	.LFE55:
 483              		.section	.text.HAL_GPIO_DeInit,"ax",%progbits
 484              		.align	1
 485              		.global	HAL_GPIO_DeInit
 486              		.syntax unified
 487              		.code	16
 488              		.thumb_func
 490              	HAL_GPIO_DeInit:
 491              	.LVL54:
 492              	.LFB56:
 290:PY32F0xx_HAL_Driver/Src/py32f0xx_hal_gpio.c **** 
 291:PY32F0xx_HAL_Driver/Src/py32f0xx_hal_gpio.c **** /**
 292:PY32F0xx_HAL_Driver/Src/py32f0xx_hal_gpio.c ****   * @brief  De-initialize the GPIOx peripheral registers to their default reset values.
 293:PY32F0xx_HAL_Driver/Src/py32f0xx_hal_gpio.c ****   * @param  GPIOx where x can be (A..F) to select the GPIO peripheral for PY32F0xx family
 294:PY32F0xx_HAL_Driver/Src/py32f0xx_hal_gpio.c ****   * @param  GPIO_Pin specifies the port bit to be written.
 295:PY32F0xx_HAL_Driver/Src/py32f0xx_hal_gpio.c ****   *         This parameter can be any combination of GPIO_Pin_x where x can be (0..15).
 296:PY32F0xx_HAL_Driver/Src/py32f0xx_hal_gpio.c ****   * @retval None
 297:PY32F0xx_HAL_Driver/Src/py32f0xx_hal_gpio.c ****   */
 298:PY32F0xx_HAL_Driver/Src/py32f0xx_hal_gpio.c **** void HAL_GPIO_DeInit(GPIO_TypeDef  *GPIOx, uint32_t GPIO_Pin)
 299:PY32F0xx_HAL_Driver/Src/py32f0xx_hal_gpio.c **** {
 493              		.loc 1 299 1 is_stmt 1 view -0
 494              		.cfi_startproc
 495              		@ args = 0, pretend = 0, frame = 0
 496              		@ frame_needed = 0, uses_anonymous_args = 0
 497              		.loc 1 299 1 is_stmt 0 view .LVU173
 498 0000 F0B5     		push	{r4, r5, r6, r7, lr}
 499              	.LCFI2:
 500              		.cfi_def_cfa_offset 20
 501              		.cfi_offset 4, -20
 502              		.cfi_offset 5, -16
 503              		.cfi_offset 6, -12
ARM GAS  /tmp/cclzZb7y.s 			page 16


 504              		.cfi_offset 7, -8
 505              		.cfi_offset 14, -4
 506 0002 CE46     		mov	lr, r9
 507 0004 4746     		mov	r7, r8
 508 0006 80B5     		push	{r7, lr}
 509              	.LCFI3:
 510              		.cfi_def_cfa_offset 28
 511              		.cfi_offset 8, -28
 512              		.cfi_offset 9, -24
 513 0008 8946     		mov	r9, r1
 300:PY32F0xx_HAL_Driver/Src/py32f0xx_hal_gpio.c ****   uint32_t position = 0x00u;
 514              		.loc 1 300 3 is_stmt 1 view .LVU174
 515              	.LVL55:
 301:PY32F0xx_HAL_Driver/Src/py32f0xx_hal_gpio.c ****   uint32_t iocurrent;
 516              		.loc 1 301 3 view .LVU175
 302:PY32F0xx_HAL_Driver/Src/py32f0xx_hal_gpio.c ****   uint32_t tmp;
 517              		.loc 1 302 3 view .LVU176
 303:PY32F0xx_HAL_Driver/Src/py32f0xx_hal_gpio.c **** 
 304:PY32F0xx_HAL_Driver/Src/py32f0xx_hal_gpio.c ****   /* Check the parameters */
 305:PY32F0xx_HAL_Driver/Src/py32f0xx_hal_gpio.c ****   assert_param(IS_GPIO_ALL_INSTANCE(GPIOx));
 518              		.loc 1 305 3 view .LVU177
 306:PY32F0xx_HAL_Driver/Src/py32f0xx_hal_gpio.c ****   assert_param(IS_GPIO_PIN(GPIO_Pin));
 519              		.loc 1 306 3 view .LVU178
 307:PY32F0xx_HAL_Driver/Src/py32f0xx_hal_gpio.c **** 
 308:PY32F0xx_HAL_Driver/Src/py32f0xx_hal_gpio.c ****   /* Configure the port pins */
 309:PY32F0xx_HAL_Driver/Src/py32f0xx_hal_gpio.c ****   while ((GPIO_Pin >> position) != 0x00u)
 520              		.loc 1 309 3 view .LVU179
 300:PY32F0xx_HAL_Driver/Src/py32f0xx_hal_gpio.c ****   uint32_t iocurrent;
 521              		.loc 1 300 12 is_stmt 0 view .LVU180
 522 000a 0023     		movs	r3, #0
 523              		.loc 1 309 9 view .LVU181
 524 000c 23E0     		b	.L26
 525              	.LVL56:
 526              	.L35:
 310:PY32F0xx_HAL_Driver/Src/py32f0xx_hal_gpio.c ****   {
 311:PY32F0xx_HAL_Driver/Src/py32f0xx_hal_gpio.c ****     /* Get current io position */
 312:PY32F0xx_HAL_Driver/Src/py32f0xx_hal_gpio.c ****     iocurrent = (GPIO_Pin) & (1uL << position);
 313:PY32F0xx_HAL_Driver/Src/py32f0xx_hal_gpio.c **** 
 314:PY32F0xx_HAL_Driver/Src/py32f0xx_hal_gpio.c ****     if (iocurrent != 0x00u)
 315:PY32F0xx_HAL_Driver/Src/py32f0xx_hal_gpio.c ****     {
 316:PY32F0xx_HAL_Driver/Src/py32f0xx_hal_gpio.c ****       /*------------------------- EXTI Mode Configuration --------------------*/
 317:PY32F0xx_HAL_Driver/Src/py32f0xx_hal_gpio.c ****       /* Clear the External Interrupt or Event for the current IO */
 318:PY32F0xx_HAL_Driver/Src/py32f0xx_hal_gpio.c **** 
 319:PY32F0xx_HAL_Driver/Src/py32f0xx_hal_gpio.c ****       tmp = EXTI->EXTICR[position >> 2u];
 320:PY32F0xx_HAL_Driver/Src/py32f0xx_hal_gpio.c ****       tmp &= (0x0FuL << (8u * (position & 0x03u)));
 321:PY32F0xx_HAL_Driver/Src/py32f0xx_hal_gpio.c ****       if (tmp == (GPIO_GET_INDEX(GPIOx) << (8u * (position & 0x03u))))
 527              		.loc 1 321 19 discriminator 3 view .LVU182
 528 000e 0121     		movs	r1, #1
 529 0010 8846     		mov	r8, r1
 530 0012 01E0     		b	.L28
 531              	.L31:
 532              		.loc 1 321 19 discriminator 2 view .LVU183
 533 0014 0021     		movs	r1, #0
 534 0016 8846     		mov	r8, r1
 535              	.L28:
 536              		.loc 1 321 41 discriminator 8 view .LVU184
 537 0018 4146     		mov	r1, r8
ARM GAS  /tmp/cclzZb7y.s 			page 17


 538 001a A140     		lsls	r1, r1, r4
 539              		.loc 1 321 10 discriminator 8 view .LVU185
 540 001c A942     		cmp	r1, r5
 541 001e 3BD0     		beq	.L33
 542              	.LVL57:
 543              	.L29:
 322:PY32F0xx_HAL_Driver/Src/py32f0xx_hal_gpio.c ****       {
 323:PY32F0xx_HAL_Driver/Src/py32f0xx_hal_gpio.c ****         /* Clear EXTI line configuration */
 324:PY32F0xx_HAL_Driver/Src/py32f0xx_hal_gpio.c ****         EXTI->IMR &= ~(iocurrent);
 325:PY32F0xx_HAL_Driver/Src/py32f0xx_hal_gpio.c ****         EXTI->EMR &= ~(iocurrent);
 326:PY32F0xx_HAL_Driver/Src/py32f0xx_hal_gpio.c **** 
 327:PY32F0xx_HAL_Driver/Src/py32f0xx_hal_gpio.c ****         /* Clear Rising Falling edge configuration */
 328:PY32F0xx_HAL_Driver/Src/py32f0xx_hal_gpio.c ****         EXTI->RTSR &= ~(iocurrent);
 329:PY32F0xx_HAL_Driver/Src/py32f0xx_hal_gpio.c ****         EXTI->FTSR &= ~(iocurrent);
 330:PY32F0xx_HAL_Driver/Src/py32f0xx_hal_gpio.c **** 
 331:PY32F0xx_HAL_Driver/Src/py32f0xx_hal_gpio.c ****         tmp = 0x0FuL << (8u * (position & 0x03u));
 332:PY32F0xx_HAL_Driver/Src/py32f0xx_hal_gpio.c ****         EXTI->EXTICR[position >> 2u] &= ~tmp;
 333:PY32F0xx_HAL_Driver/Src/py32f0xx_hal_gpio.c ****       }
 334:PY32F0xx_HAL_Driver/Src/py32f0xx_hal_gpio.c **** 
 335:PY32F0xx_HAL_Driver/Src/py32f0xx_hal_gpio.c ****       /*------------------------- GPIO Mode Configuration --------------------*/
 336:PY32F0xx_HAL_Driver/Src/py32f0xx_hal_gpio.c ****       /* Configure IO in Analog Mode */
 337:PY32F0xx_HAL_Driver/Src/py32f0xx_hal_gpio.c ****       GPIOx->MODER |= (GPIO_MODER_MODE0 << (position * 2u));
 544              		.loc 1 337 7 is_stmt 1 view .LVU186
 545              		.loc 1 337 12 is_stmt 0 view .LVU187
 546 0020 0468     		ldr	r4, [r0]
 547              		.loc 1 337 54 view .LVU188
 548 0022 5E00     		lsls	r6, r3, #1
 549              		.loc 1 337 41 view .LVU189
 550 0024 0325     		movs	r5, #3
 551 0026 B540     		lsls	r5, r5, r6
 552              		.loc 1 337 20 view .LVU190
 553 0028 2C43     		orrs	r4, r5
 554 002a 0460     		str	r4, [r0]
 338:PY32F0xx_HAL_Driver/Src/py32f0xx_hal_gpio.c **** 
 339:PY32F0xx_HAL_Driver/Src/py32f0xx_hal_gpio.c ****       /* Configure the default Alternate Function in current IO */
 340:PY32F0xx_HAL_Driver/Src/py32f0xx_hal_gpio.c ****       GPIOx->AFR[position >> 3u] &= ~(0xFu << ((position & 0x07u) * 4u)) ;
 555              		.loc 1 340 7 is_stmt 1 view .LVU191
 556              		.loc 1 340 17 is_stmt 0 view .LVU192
 557 002c DC08     		lsrs	r4, r3, #3
 558 002e 0834     		adds	r4, r4, #8
 559 0030 A400     		lsls	r4, r4, #2
 560 0032 2758     		ldr	r7, [r4, r0]
 561              		.loc 1 340 58 view .LVU193
 562 0034 0726     		movs	r6, #7
 563 0036 1E40     		ands	r6, r3
 564              		.loc 1 340 67 view .LVU194
 565 0038 B600     		lsls	r6, r6, #2
 566              		.loc 1 340 44 view .LVU195
 567 003a 0F21     		movs	r1, #15
 568 003c B140     		lsls	r1, r1, r6
 569              		.loc 1 340 34 view .LVU196
 570 003e 8F43     		bics	r7, r1
 571 0040 2750     		str	r7, [r4, r0]
 341:PY32F0xx_HAL_Driver/Src/py32f0xx_hal_gpio.c **** 
 342:PY32F0xx_HAL_Driver/Src/py32f0xx_hal_gpio.c ****       /* Configure the default value for IO Speed */
 343:PY32F0xx_HAL_Driver/Src/py32f0xx_hal_gpio.c ****       GPIOx->OSPEEDR &= ~(GPIO_OSPEEDR_OSPEED0 << (position * 2u));
 572              		.loc 1 343 7 is_stmt 1 view .LVU197
ARM GAS  /tmp/cclzZb7y.s 			page 18


 573              		.loc 1 343 12 is_stmt 0 view .LVU198
 574 0042 8468     		ldr	r4, [r0, #8]
 575              		.loc 1 343 22 view .LVU199
 576 0044 AC43     		bics	r4, r5
 577 0046 8460     		str	r4, [r0, #8]
 344:PY32F0xx_HAL_Driver/Src/py32f0xx_hal_gpio.c **** 
 345:PY32F0xx_HAL_Driver/Src/py32f0xx_hal_gpio.c ****       /* Configure the default value IO Output Type */
 346:PY32F0xx_HAL_Driver/Src/py32f0xx_hal_gpio.c ****       GPIOx->OTYPER  &= ~(GPIO_OTYPER_OT0 << position) ;
 578              		.loc 1 346 7 is_stmt 1 view .LVU200
 579              		.loc 1 346 12 is_stmt 0 view .LVU201
 580 0048 4468     		ldr	r4, [r0, #4]
 581              		.loc 1 346 22 view .LVU202
 582 004a 9443     		bics	r4, r2
 583 004c 4460     		str	r4, [r0, #4]
 347:PY32F0xx_HAL_Driver/Src/py32f0xx_hal_gpio.c **** 
 348:PY32F0xx_HAL_Driver/Src/py32f0xx_hal_gpio.c ****       /* Deactivate the Pull-up and Pull-down resistor for the current IO */
 349:PY32F0xx_HAL_Driver/Src/py32f0xx_hal_gpio.c ****       GPIOx->PUPDR &= ~(GPIO_PUPDR_PUPD0 << (position * 2u));
 584              		.loc 1 349 7 is_stmt 1 view .LVU203
 585              		.loc 1 349 12 is_stmt 0 view .LVU204
 586 004e C268     		ldr	r2, [r0, #12]
 587              		.loc 1 349 20 view .LVU205
 588 0050 AA43     		bics	r2, r5
 589 0052 C260     		str	r2, [r0, #12]
 590              	.L27:
 350:PY32F0xx_HAL_Driver/Src/py32f0xx_hal_gpio.c ****     }
 351:PY32F0xx_HAL_Driver/Src/py32f0xx_hal_gpio.c **** 
 352:PY32F0xx_HAL_Driver/Src/py32f0xx_hal_gpio.c ****     position++;
 591              		.loc 1 352 5 is_stmt 1 view .LVU206
 592              		.loc 1 352 13 is_stmt 0 view .LVU207
 593 0054 0133     		adds	r3, r3, #1
 594              	.LVL58:
 595              	.L26:
 309:PY32F0xx_HAL_Driver/Src/py32f0xx_hal_gpio.c ****   {
 596              		.loc 1 309 33 is_stmt 1 view .LVU208
 309:PY32F0xx_HAL_Driver/Src/py32f0xx_hal_gpio.c ****   {
 597              		.loc 1 309 20 is_stmt 0 view .LVU209
 598 0056 4A46     		mov	r2, r9
 599 0058 DA40     		lsrs	r2, r2, r3
 309:PY32F0xx_HAL_Driver/Src/py32f0xx_hal_gpio.c ****   {
 600              		.loc 1 309 33 view .LVU210
 601 005a 39D0     		beq	.L34
 312:PY32F0xx_HAL_Driver/Src/py32f0xx_hal_gpio.c **** 
 602              		.loc 1 312 5 is_stmt 1 view .LVU211
 312:PY32F0xx_HAL_Driver/Src/py32f0xx_hal_gpio.c **** 
 603              		.loc 1 312 35 is_stmt 0 view .LVU212
 604 005c 0122     		movs	r2, #1
 605 005e 9A40     		lsls	r2, r2, r3
 312:PY32F0xx_HAL_Driver/Src/py32f0xx_hal_gpio.c **** 
 606              		.loc 1 312 15 view .LVU213
 607 0060 4C46     		mov	r4, r9
 608 0062 1440     		ands	r4, r2
 609 0064 A446     		mov	ip, r4
 610              	.LVL59:
 314:PY32F0xx_HAL_Driver/Src/py32f0xx_hal_gpio.c ****     {
 611              		.loc 1 314 5 is_stmt 1 view .LVU214
 314:PY32F0xx_HAL_Driver/Src/py32f0xx_hal_gpio.c ****     {
 612              		.loc 1 314 8 is_stmt 0 view .LVU215
ARM GAS  /tmp/cclzZb7y.s 			page 19


 613 0066 4946     		mov	r1, r9
 614 0068 1142     		tst	r1, r2
 615 006a F3D0     		beq	.L27
 616              	.LVL60:
 319:PY32F0xx_HAL_Driver/Src/py32f0xx_hal_gpio.c ****       tmp &= (0x0FuL << (8u * (position & 0x03u)));
 617              		.loc 1 319 7 is_stmt 1 view .LVU216
 319:PY32F0xx_HAL_Driver/Src/py32f0xx_hal_gpio.c ****       tmp &= (0x0FuL << (8u * (position & 0x03u)));
 618              		.loc 1 319 35 is_stmt 0 view .LVU217
 619 006c 9F08     		lsrs	r7, r3, #2
 319:PY32F0xx_HAL_Driver/Src/py32f0xx_hal_gpio.c ****       tmp &= (0x0FuL << (8u * (position & 0x03u)));
 620              		.loc 1 319 11 view .LVU218
 621 006e 3C00     		movs	r4, r7
 622              	.LVL61:
 319:PY32F0xx_HAL_Driver/Src/py32f0xx_hal_gpio.c ****       tmp &= (0x0FuL << (8u * (position & 0x03u)));
 623              		.loc 1 319 11 view .LVU219
 624 0070 1834     		adds	r4, r4, #24
 625 0072 A400     		lsls	r4, r4, #2
 626 0074 184D     		ldr	r5, .L36
 627 0076 6559     		ldr	r5, [r4, r5]
 628              	.LVL62:
 320:PY32F0xx_HAL_Driver/Src/py32f0xx_hal_gpio.c ****       if (tmp == (GPIO_GET_INDEX(GPIOx) << (8u * (position & 0x03u))))
 629              		.loc 1 320 7 is_stmt 1 view .LVU220
 320:PY32F0xx_HAL_Driver/Src/py32f0xx_hal_gpio.c ****       if (tmp == (GPIO_GET_INDEX(GPIOx) << (8u * (position & 0x03u))))
 630              		.loc 1 320 41 is_stmt 0 view .LVU221
 631 0078 0326     		movs	r6, #3
 632 007a 1E40     		ands	r6, r3
 320:PY32F0xx_HAL_Driver/Src/py32f0xx_hal_gpio.c ****       if (tmp == (GPIO_GET_INDEX(GPIOx) << (8u * (position & 0x03u))))
 633              		.loc 1 320 29 view .LVU222
 634 007c F400     		lsls	r4, r6, #3
 320:PY32F0xx_HAL_Driver/Src/py32f0xx_hal_gpio.c ****       if (tmp == (GPIO_GET_INDEX(GPIOx) << (8u * (position & 0x03u))))
 635              		.loc 1 320 22 view .LVU223
 636 007e 0F26     		movs	r6, #15
 637 0080 A640     		lsls	r6, r6, r4
 320:PY32F0xx_HAL_Driver/Src/py32f0xx_hal_gpio.c ****       if (tmp == (GPIO_GET_INDEX(GPIOx) << (8u * (position & 0x03u))))
 638              		.loc 1 320 11 view .LVU224
 639 0082 3540     		ands	r5, r6
 640              	.LVL63:
 321:PY32F0xx_HAL_Driver/Src/py32f0xx_hal_gpio.c ****       {
 641              		.loc 1 321 7 is_stmt 1 view .LVU225
 321:PY32F0xx_HAL_Driver/Src/py32f0xx_hal_gpio.c ****       {
 642              		.loc 1 321 19 is_stmt 0 view .LVU226
 643 0084 A021     		movs	r1, #160
 644              	.LVL64:
 321:PY32F0xx_HAL_Driver/Src/py32f0xx_hal_gpio.c ****       {
 645              		.loc 1 321 19 view .LVU227
 646 0086 C905     		lsls	r1, r1, #23
 647 0088 8842     		cmp	r0, r1
 648 008a C3D0     		beq	.L31
 321:PY32F0xx_HAL_Driver/Src/py32f0xx_hal_gpio.c ****       {
 649              		.loc 1 321 19 discriminator 1 view .LVU228
 650 008c 1349     		ldr	r1, .L36+4
 651 008e 8842     		cmp	r0, r1
 652 0090 BDD0     		beq	.L35
 321:PY32F0xx_HAL_Driver/Src/py32f0xx_hal_gpio.c ****       {
 653              		.loc 1 321 19 discriminator 4 view .LVU229
 654 0092 0221     		movs	r1, #2
 655 0094 8846     		mov	r8, r1
ARM GAS  /tmp/cclzZb7y.s 			page 20


 656 0096 BFE7     		b	.L28
 657              	.L33:
 324:PY32F0xx_HAL_Driver/Src/py32f0xx_hal_gpio.c ****         EXTI->EMR &= ~(iocurrent);
 658              		.loc 1 324 9 is_stmt 1 view .LVU230
 324:PY32F0xx_HAL_Driver/Src/py32f0xx_hal_gpio.c ****         EXTI->EMR &= ~(iocurrent);
 659              		.loc 1 324 13 is_stmt 0 view .LVU231
 660 0098 0F4D     		ldr	r5, .L36
 661              	.LVL65:
 324:PY32F0xx_HAL_Driver/Src/py32f0xx_hal_gpio.c ****         EXTI->EMR &= ~(iocurrent);
 662              		.loc 1 324 13 view .LVU232
 663 009a 8021     		movs	r1, #128
 664 009c 8846     		mov	r8, r1
 665 009e 6C58     		ldr	r4, [r5, r1]
 324:PY32F0xx_HAL_Driver/Src/py32f0xx_hal_gpio.c ****         EXTI->EMR &= ~(iocurrent);
 666              		.loc 1 324 19 view .LVU233
 667 00a0 6146     		mov	r1, ip
 668 00a2 8C43     		bics	r4, r1
 669 00a4 4146     		mov	r1, r8
 670 00a6 6C50     		str	r4, [r5, r1]
 325:PY32F0xx_HAL_Driver/Src/py32f0xx_hal_gpio.c **** 
 671              		.loc 1 325 9 is_stmt 1 view .LVU234
 325:PY32F0xx_HAL_Driver/Src/py32f0xx_hal_gpio.c **** 
 672              		.loc 1 325 13 is_stmt 0 view .LVU235
 673 00a8 0431     		adds	r1, r1, #4
 674 00aa 8846     		mov	r8, r1
 675 00ac 6C58     		ldr	r4, [r5, r1]
 325:PY32F0xx_HAL_Driver/Src/py32f0xx_hal_gpio.c **** 
 676              		.loc 1 325 19 view .LVU236
 677 00ae 6146     		mov	r1, ip
 678 00b0 8C43     		bics	r4, r1
 679 00b2 4146     		mov	r1, r8
 680 00b4 6C50     		str	r4, [r5, r1]
 328:PY32F0xx_HAL_Driver/Src/py32f0xx_hal_gpio.c ****         EXTI->FTSR &= ~(iocurrent);
 681              		.loc 1 328 9 is_stmt 1 view .LVU237
 328:PY32F0xx_HAL_Driver/Src/py32f0xx_hal_gpio.c ****         EXTI->FTSR &= ~(iocurrent);
 682              		.loc 1 328 13 is_stmt 0 view .LVU238
 683 00b6 2C68     		ldr	r4, [r5]
 328:PY32F0xx_HAL_Driver/Src/py32f0xx_hal_gpio.c ****         EXTI->FTSR &= ~(iocurrent);
 684              		.loc 1 328 20 view .LVU239
 685 00b8 6146     		mov	r1, ip
 686 00ba 8C43     		bics	r4, r1
 687 00bc 2C60     		str	r4, [r5]
 329:PY32F0xx_HAL_Driver/Src/py32f0xx_hal_gpio.c **** 
 688              		.loc 1 329 9 is_stmt 1 view .LVU240
 329:PY32F0xx_HAL_Driver/Src/py32f0xx_hal_gpio.c **** 
 689              		.loc 1 329 13 is_stmt 0 view .LVU241
 690 00be 6C68     		ldr	r4, [r5, #4]
 329:PY32F0xx_HAL_Driver/Src/py32f0xx_hal_gpio.c **** 
 691              		.loc 1 329 20 view .LVU242
 692 00c0 8C43     		bics	r4, r1
 693 00c2 6C60     		str	r4, [r5, #4]
 331:PY32F0xx_HAL_Driver/Src/py32f0xx_hal_gpio.c ****         EXTI->EXTICR[position >> 2u] &= ~tmp;
 694              		.loc 1 331 9 is_stmt 1 view .LVU243
 695              	.LVL66:
 332:PY32F0xx_HAL_Driver/Src/py32f0xx_hal_gpio.c ****       }
 696              		.loc 1 332 9 view .LVU244
 332:PY32F0xx_HAL_Driver/Src/py32f0xx_hal_gpio.c ****       }
ARM GAS  /tmp/cclzZb7y.s 			page 21


 697              		.loc 1 332 21 is_stmt 0 view .LVU245
 698 00c4 1837     		adds	r7, r7, #24
 699 00c6 BC00     		lsls	r4, r7, #2
 700 00c8 6759     		ldr	r7, [r4, r5]
 332:PY32F0xx_HAL_Driver/Src/py32f0xx_hal_gpio.c ****       }
 701              		.loc 1 332 38 view .LVU246
 702 00ca B743     		bics	r7, r6
 703 00cc 6751     		str	r7, [r4, r5]
 704 00ce A7E7     		b	.L29
 705              	.LVL67:
 706              	.L34:
 353:PY32F0xx_HAL_Driver/Src/py32f0xx_hal_gpio.c ****   }
 354:PY32F0xx_HAL_Driver/Src/py32f0xx_hal_gpio.c **** }
 707              		.loc 1 354 1 view .LVU247
 708              		@ sp needed
 709              	.LVL68:
 710              		.loc 1 354 1 view .LVU248
 711 00d0 C0BC     		pop	{r6, r7}
 712 00d2 B946     		mov	r9, r7
 713 00d4 B046     		mov	r8, r6
 714 00d6 F0BD     		pop	{r4, r5, r6, r7, pc}
 715              	.L37:
 716              		.align	2
 717              	.L36:
 718 00d8 00180240 		.word	1073879040
 719 00dc 00040050 		.word	1342178304
 720              		.cfi_endproc
 721              	.LFE56:
 723              		.section	.text.HAL_GPIO_ReadPin,"ax",%progbits
 724              		.align	1
 725              		.global	HAL_GPIO_ReadPin
 726              		.syntax unified
 727              		.code	16
 728              		.thumb_func
 730              	HAL_GPIO_ReadPin:
 731              	.LVL69:
 732              	.LFB57:
 355:PY32F0xx_HAL_Driver/Src/py32f0xx_hal_gpio.c **** 
 356:PY32F0xx_HAL_Driver/Src/py32f0xx_hal_gpio.c **** /**
 357:PY32F0xx_HAL_Driver/Src/py32f0xx_hal_gpio.c ****   * @}
 358:PY32F0xx_HAL_Driver/Src/py32f0xx_hal_gpio.c ****   */
 359:PY32F0xx_HAL_Driver/Src/py32f0xx_hal_gpio.c **** 
 360:PY32F0xx_HAL_Driver/Src/py32f0xx_hal_gpio.c **** /** @addtogroup GPIO_Exported_Functions_Group2
 361:PY32F0xx_HAL_Driver/Src/py32f0xx_hal_gpio.c ****  *  @brief GPIO Read, Write, Toggle, Lock and EXTI management functions.
 362:PY32F0xx_HAL_Driver/Src/py32f0xx_hal_gpio.c ****  *
 363:PY32F0xx_HAL_Driver/Src/py32f0xx_hal_gpio.c **** @verbatim
 364:PY32F0xx_HAL_Driver/Src/py32f0xx_hal_gpio.c ****  ===============================================================================
 365:PY32F0xx_HAL_Driver/Src/py32f0xx_hal_gpio.c ****                        ##### IO operation functions #####
 366:PY32F0xx_HAL_Driver/Src/py32f0xx_hal_gpio.c ****  ===============================================================================
 367:PY32F0xx_HAL_Driver/Src/py32f0xx_hal_gpio.c **** 
 368:PY32F0xx_HAL_Driver/Src/py32f0xx_hal_gpio.c **** @endverbatim
 369:PY32F0xx_HAL_Driver/Src/py32f0xx_hal_gpio.c ****   * @{
 370:PY32F0xx_HAL_Driver/Src/py32f0xx_hal_gpio.c ****   */
 371:PY32F0xx_HAL_Driver/Src/py32f0xx_hal_gpio.c **** 
 372:PY32F0xx_HAL_Driver/Src/py32f0xx_hal_gpio.c **** /**
 373:PY32F0xx_HAL_Driver/Src/py32f0xx_hal_gpio.c ****   * @brief  Read the specified input port pin.
 374:PY32F0xx_HAL_Driver/Src/py32f0xx_hal_gpio.c ****   * @param  GPIOx where x can be (A..F) to select the GPIO peripheral for PY32F0xx family
ARM GAS  /tmp/cclzZb7y.s 			page 22


 375:PY32F0xx_HAL_Driver/Src/py32f0xx_hal_gpio.c ****   * @param  GPIO_Pin specifies the port bit to read.
 376:PY32F0xx_HAL_Driver/Src/py32f0xx_hal_gpio.c ****   *         This parameter can be any combination of GPIO_Pin_x where x can be (0..15).
 377:PY32F0xx_HAL_Driver/Src/py32f0xx_hal_gpio.c ****   * @retval The input port pin value.
 378:PY32F0xx_HAL_Driver/Src/py32f0xx_hal_gpio.c ****   */
 379:PY32F0xx_HAL_Driver/Src/py32f0xx_hal_gpio.c **** GPIO_PinState HAL_GPIO_ReadPin(GPIO_TypeDef *GPIOx, uint16_t GPIO_Pin)
 380:PY32F0xx_HAL_Driver/Src/py32f0xx_hal_gpio.c **** {
 733              		.loc 1 380 1 is_stmt 1 view -0
 734              		.cfi_startproc
 735              		@ args = 0, pretend = 0, frame = 0
 736              		@ frame_needed = 0, uses_anonymous_args = 0
 737              		@ link register save eliminated.
 381:PY32F0xx_HAL_Driver/Src/py32f0xx_hal_gpio.c ****   GPIO_PinState bitstatus;
 738              		.loc 1 381 3 view .LVU250
 382:PY32F0xx_HAL_Driver/Src/py32f0xx_hal_gpio.c **** 
 383:PY32F0xx_HAL_Driver/Src/py32f0xx_hal_gpio.c ****   /* Check the parameters */
 384:PY32F0xx_HAL_Driver/Src/py32f0xx_hal_gpio.c ****   assert_param(IS_GPIO_PIN(GPIO_Pin));
 739              		.loc 1 384 3 view .LVU251
 385:PY32F0xx_HAL_Driver/Src/py32f0xx_hal_gpio.c **** 
 386:PY32F0xx_HAL_Driver/Src/py32f0xx_hal_gpio.c ****   if ((GPIOx->IDR & GPIO_Pin) != 0x00u)
 740              		.loc 1 386 3 view .LVU252
 741              		.loc 1 386 13 is_stmt 0 view .LVU253
 742 0000 0369     		ldr	r3, [r0, #16]
 743              		.loc 1 386 6 view .LVU254
 744 0002 0B42     		tst	r3, r1
 745 0004 01D0     		beq	.L40
 387:PY32F0xx_HAL_Driver/Src/py32f0xx_hal_gpio.c ****   {
 388:PY32F0xx_HAL_Driver/Src/py32f0xx_hal_gpio.c ****     bitstatus = GPIO_PIN_SET;
 746              		.loc 1 388 15 view .LVU255
 747 0006 0120     		movs	r0, #1
 748              	.LVL70:
 749              	.L39:
 389:PY32F0xx_HAL_Driver/Src/py32f0xx_hal_gpio.c ****   }
 390:PY32F0xx_HAL_Driver/Src/py32f0xx_hal_gpio.c ****   else
 391:PY32F0xx_HAL_Driver/Src/py32f0xx_hal_gpio.c ****   {
 392:PY32F0xx_HAL_Driver/Src/py32f0xx_hal_gpio.c ****     bitstatus = GPIO_PIN_RESET;
 393:PY32F0xx_HAL_Driver/Src/py32f0xx_hal_gpio.c ****   }
 394:PY32F0xx_HAL_Driver/Src/py32f0xx_hal_gpio.c ****   return bitstatus;
 750              		.loc 1 394 3 is_stmt 1 view .LVU256
 395:PY32F0xx_HAL_Driver/Src/py32f0xx_hal_gpio.c **** }
 751              		.loc 1 395 1 is_stmt 0 view .LVU257
 752              		@ sp needed
 753 0008 7047     		bx	lr
 754              	.LVL71:
 755              	.L40:
 392:PY32F0xx_HAL_Driver/Src/py32f0xx_hal_gpio.c ****   }
 756              		.loc 1 392 15 view .LVU258
 757 000a 0020     		movs	r0, #0
 758              	.LVL72:
 392:PY32F0xx_HAL_Driver/Src/py32f0xx_hal_gpio.c ****   }
 759              		.loc 1 392 15 view .LVU259
 760 000c FCE7     		b	.L39
 761              		.cfi_endproc
 762              	.LFE57:
 764              		.section	.text.HAL_GPIO_WritePin,"ax",%progbits
 765              		.align	1
 766              		.global	HAL_GPIO_WritePin
 767              		.syntax unified
ARM GAS  /tmp/cclzZb7y.s 			page 23


 768              		.code	16
 769              		.thumb_func
 771              	HAL_GPIO_WritePin:
 772              	.LVL73:
 773              	.LFB58:
 396:PY32F0xx_HAL_Driver/Src/py32f0xx_hal_gpio.c **** 
 397:PY32F0xx_HAL_Driver/Src/py32f0xx_hal_gpio.c **** /**
 398:PY32F0xx_HAL_Driver/Src/py32f0xx_hal_gpio.c ****   * @brief  Set or clear the selected data port bit.
 399:PY32F0xx_HAL_Driver/Src/py32f0xx_hal_gpio.c ****   * @note   This function uses GPIOx_BSRR and GPIOx_BRR registers to allow atomic read/modify
 400:PY32F0xx_HAL_Driver/Src/py32f0xx_hal_gpio.c ****   *         accesses. In this way, there is no risk of an IRQ occurring between
 401:PY32F0xx_HAL_Driver/Src/py32f0xx_hal_gpio.c ****   *         the read and the modify access.
 402:PY32F0xx_HAL_Driver/Src/py32f0xx_hal_gpio.c ****   * @param  GPIOx where x can be (A..F) to select the GPIO peripheral for PY32F0xx family
 403:PY32F0xx_HAL_Driver/Src/py32f0xx_hal_gpio.c ****   * @param  GPIO_Pin specifies the port bit to be written.
 404:PY32F0xx_HAL_Driver/Src/py32f0xx_hal_gpio.c ****   *         This parameter can be any combination of GPIO_Pin_x where x can be (0..15).
 405:PY32F0xx_HAL_Driver/Src/py32f0xx_hal_gpio.c ****   * @param  PinState specifies the value to be written to the selected bit.
 406:PY32F0xx_HAL_Driver/Src/py32f0xx_hal_gpio.c ****   *         This parameter can be one of the GPIO_PinState enum values:
 407:PY32F0xx_HAL_Driver/Src/py32f0xx_hal_gpio.c ****   *            @arg GPIO_PIN_RESET: to clear the port pin
 408:PY32F0xx_HAL_Driver/Src/py32f0xx_hal_gpio.c ****   *            @arg GPIO_PIN_SET: to set the port pin
 409:PY32F0xx_HAL_Driver/Src/py32f0xx_hal_gpio.c ****   * @retval None
 410:PY32F0xx_HAL_Driver/Src/py32f0xx_hal_gpio.c ****   */
 411:PY32F0xx_HAL_Driver/Src/py32f0xx_hal_gpio.c **** void HAL_GPIO_WritePin(GPIO_TypeDef *GPIOx, uint16_t GPIO_Pin, GPIO_PinState PinState)
 412:PY32F0xx_HAL_Driver/Src/py32f0xx_hal_gpio.c **** {
 774              		.loc 1 412 1 is_stmt 1 view -0
 775              		.cfi_startproc
 776              		@ args = 0, pretend = 0, frame = 0
 777              		@ frame_needed = 0, uses_anonymous_args = 0
 778              		@ link register save eliminated.
 413:PY32F0xx_HAL_Driver/Src/py32f0xx_hal_gpio.c ****   /* Check the parameters */
 414:PY32F0xx_HAL_Driver/Src/py32f0xx_hal_gpio.c ****   assert_param(IS_GPIO_PIN(GPIO_Pin));
 779              		.loc 1 414 3 view .LVU261
 415:PY32F0xx_HAL_Driver/Src/py32f0xx_hal_gpio.c ****   assert_param(IS_GPIO_PIN_ACTION(PinState));
 780              		.loc 1 415 3 view .LVU262
 416:PY32F0xx_HAL_Driver/Src/py32f0xx_hal_gpio.c **** 
 417:PY32F0xx_HAL_Driver/Src/py32f0xx_hal_gpio.c ****   if (PinState != GPIO_PIN_RESET)
 781              		.loc 1 417 3 view .LVU263
 782              		.loc 1 417 6 is_stmt 0 view .LVU264
 783 0000 002A     		cmp	r2, #0
 784 0002 01D0     		beq	.L42
 418:PY32F0xx_HAL_Driver/Src/py32f0xx_hal_gpio.c ****   {
 419:PY32F0xx_HAL_Driver/Src/py32f0xx_hal_gpio.c ****     GPIOx->BSRR = (uint32_t)GPIO_Pin;
 785              		.loc 1 419 5 is_stmt 1 view .LVU265
 786              		.loc 1 419 17 is_stmt 0 view .LVU266
 787 0004 8161     		str	r1, [r0, #24]
 788              	.L41:
 420:PY32F0xx_HAL_Driver/Src/py32f0xx_hal_gpio.c ****   }
 421:PY32F0xx_HAL_Driver/Src/py32f0xx_hal_gpio.c ****   else
 422:PY32F0xx_HAL_Driver/Src/py32f0xx_hal_gpio.c ****   {
 423:PY32F0xx_HAL_Driver/Src/py32f0xx_hal_gpio.c ****     GPIOx->BRR = (uint32_t)GPIO_Pin;
 424:PY32F0xx_HAL_Driver/Src/py32f0xx_hal_gpio.c ****   }
 425:PY32F0xx_HAL_Driver/Src/py32f0xx_hal_gpio.c **** }
 789              		.loc 1 425 1 view .LVU267
 790              		@ sp needed
 791 0006 7047     		bx	lr
 792              	.L42:
 423:PY32F0xx_HAL_Driver/Src/py32f0xx_hal_gpio.c ****   }
 793              		.loc 1 423 5 is_stmt 1 view .LVU268
 423:PY32F0xx_HAL_Driver/Src/py32f0xx_hal_gpio.c ****   }
ARM GAS  /tmp/cclzZb7y.s 			page 24


 794              		.loc 1 423 16 is_stmt 0 view .LVU269
 795 0008 8162     		str	r1, [r0, #40]
 796              		.loc 1 425 1 view .LVU270
 797 000a FCE7     		b	.L41
 798              		.cfi_endproc
 799              	.LFE58:
 801              		.section	.text.HAL_GPIO_TogglePin,"ax",%progbits
 802              		.align	1
 803              		.global	HAL_GPIO_TogglePin
 804              		.syntax unified
 805              		.code	16
 806              		.thumb_func
 808              	HAL_GPIO_TogglePin:
 809              	.LVL74:
 810              	.LFB59:
 426:PY32F0xx_HAL_Driver/Src/py32f0xx_hal_gpio.c **** 
 427:PY32F0xx_HAL_Driver/Src/py32f0xx_hal_gpio.c **** /**
 428:PY32F0xx_HAL_Driver/Src/py32f0xx_hal_gpio.c ****   * @brief  Toggle the specified GPIO pin.
 429:PY32F0xx_HAL_Driver/Src/py32f0xx_hal_gpio.c ****   * @param  GPIOx where x can be (A..F) to select the GPIO peripheral for PY32F0xx family
 430:PY32F0xx_HAL_Driver/Src/py32f0xx_hal_gpio.c ****   * @param  GPIO_Pin specifies the pin to be toggled.
 431:PY32F0xx_HAL_Driver/Src/py32f0xx_hal_gpio.c ****   *         This parameter can be any combination of GPIO_Pin_x where x can be (0..15).
 432:PY32F0xx_HAL_Driver/Src/py32f0xx_hal_gpio.c ****   * @retval None
 433:PY32F0xx_HAL_Driver/Src/py32f0xx_hal_gpio.c ****   */
 434:PY32F0xx_HAL_Driver/Src/py32f0xx_hal_gpio.c **** void HAL_GPIO_TogglePin(GPIO_TypeDef *GPIOx, uint16_t GPIO_Pin)
 435:PY32F0xx_HAL_Driver/Src/py32f0xx_hal_gpio.c **** {
 811              		.loc 1 435 1 is_stmt 1 view -0
 812              		.cfi_startproc
 813              		@ args = 0, pretend = 0, frame = 0
 814              		@ frame_needed = 0, uses_anonymous_args = 0
 815              		@ link register save eliminated.
 436:PY32F0xx_HAL_Driver/Src/py32f0xx_hal_gpio.c ****   /* Check the parameters */
 437:PY32F0xx_HAL_Driver/Src/py32f0xx_hal_gpio.c ****   assert_param(IS_GPIO_PIN(GPIO_Pin));
 816              		.loc 1 437 3 view .LVU272
 438:PY32F0xx_HAL_Driver/Src/py32f0xx_hal_gpio.c **** 
 439:PY32F0xx_HAL_Driver/Src/py32f0xx_hal_gpio.c ****   if ((GPIOx->ODR & GPIO_Pin) != 0x00u)
 817              		.loc 1 439 3 view .LVU273
 818              		.loc 1 439 13 is_stmt 0 view .LVU274
 819 0000 4369     		ldr	r3, [r0, #20]
 820              		.loc 1 439 6 view .LVU275
 821 0002 1942     		tst	r1, r3
 822 0004 01D0     		beq	.L45
 440:PY32F0xx_HAL_Driver/Src/py32f0xx_hal_gpio.c ****   {
 441:PY32F0xx_HAL_Driver/Src/py32f0xx_hal_gpio.c ****     GPIOx->BRR = (uint32_t)GPIO_Pin;
 823              		.loc 1 441 5 is_stmt 1 view .LVU276
 824              		.loc 1 441 16 is_stmt 0 view .LVU277
 825 0006 8162     		str	r1, [r0, #40]
 826              	.L44:
 442:PY32F0xx_HAL_Driver/Src/py32f0xx_hal_gpio.c ****   }
 443:PY32F0xx_HAL_Driver/Src/py32f0xx_hal_gpio.c ****   else
 444:PY32F0xx_HAL_Driver/Src/py32f0xx_hal_gpio.c ****   {
 445:PY32F0xx_HAL_Driver/Src/py32f0xx_hal_gpio.c ****     GPIOx->BSRR = (uint32_t)GPIO_Pin;
 446:PY32F0xx_HAL_Driver/Src/py32f0xx_hal_gpio.c ****   }
 447:PY32F0xx_HAL_Driver/Src/py32f0xx_hal_gpio.c **** }
 827              		.loc 1 447 1 view .LVU278
 828              		@ sp needed
 829 0008 7047     		bx	lr
 830              	.L45:
ARM GAS  /tmp/cclzZb7y.s 			page 25


 445:PY32F0xx_HAL_Driver/Src/py32f0xx_hal_gpio.c ****   }
 831              		.loc 1 445 5 is_stmt 1 view .LVU279
 445:PY32F0xx_HAL_Driver/Src/py32f0xx_hal_gpio.c ****   }
 832              		.loc 1 445 17 is_stmt 0 view .LVU280
 833 000a 8161     		str	r1, [r0, #24]
 834              		.loc 1 447 1 view .LVU281
 835 000c FCE7     		b	.L44
 836              		.cfi_endproc
 837              	.LFE59:
 839              		.section	.text.HAL_GPIO_LockPin,"ax",%progbits
 840              		.align	1
 841              		.global	HAL_GPIO_LockPin
 842              		.syntax unified
 843              		.code	16
 844              		.thumb_func
 846              	HAL_GPIO_LockPin:
 847              	.LVL75:
 848              	.LFB60:
 448:PY32F0xx_HAL_Driver/Src/py32f0xx_hal_gpio.c **** 
 449:PY32F0xx_HAL_Driver/Src/py32f0xx_hal_gpio.c **** /**
 450:PY32F0xx_HAL_Driver/Src/py32f0xx_hal_gpio.c ****   * @brief  Lock GPIO Pins configuration registers.
 451:PY32F0xx_HAL_Driver/Src/py32f0xx_hal_gpio.c ****   * @note   The locked registers are GPIOx_MODER, GPIOx_OTYPER, GPIOx_OSPEEDR,
 452:PY32F0xx_HAL_Driver/Src/py32f0xx_hal_gpio.c ****   *         GPIOx_PUPDR, GPIOx_AFRL and GPIOx_AFRH.
 453:PY32F0xx_HAL_Driver/Src/py32f0xx_hal_gpio.c ****   * @note   The configuration of the locked GPIO pins can no longer be modified
 454:PY32F0xx_HAL_Driver/Src/py32f0xx_hal_gpio.c ****   *         until the next reset.
 455:PY32F0xx_HAL_Driver/Src/py32f0xx_hal_gpio.c ****   * @param  GPIOx where x can be (A..F) to select the GPIO peripheral for PY32F0xx family
 456:PY32F0xx_HAL_Driver/Src/py32f0xx_hal_gpio.c ****   * @param  GPIO_Pin specifies the port bits to be locked.
 457:PY32F0xx_HAL_Driver/Src/py32f0xx_hal_gpio.c ****   *         This parameter can be any combination of GPIO_Pin_x where x can be (0..15).
 458:PY32F0xx_HAL_Driver/Src/py32f0xx_hal_gpio.c ****   * @retval None
 459:PY32F0xx_HAL_Driver/Src/py32f0xx_hal_gpio.c ****   */
 460:PY32F0xx_HAL_Driver/Src/py32f0xx_hal_gpio.c **** HAL_StatusTypeDef HAL_GPIO_LockPin(GPIO_TypeDef *GPIOx, uint16_t GPIO_Pin)
 461:PY32F0xx_HAL_Driver/Src/py32f0xx_hal_gpio.c **** {
 849              		.loc 1 461 1 is_stmt 1 view -0
 850              		.cfi_startproc
 851              		@ args = 0, pretend = 0, frame = 8
 852              		@ frame_needed = 0, uses_anonymous_args = 0
 853              		@ link register save eliminated.
 854              		.loc 1 461 1 is_stmt 0 view .LVU283
 855 0000 82B0     		sub	sp, sp, #8
 856              	.LCFI4:
 857              		.cfi_def_cfa_offset 8
 462:PY32F0xx_HAL_Driver/Src/py32f0xx_hal_gpio.c ****   __IO uint32_t tmp = GPIO_LCKR_LCKK;
 858              		.loc 1 462 3 is_stmt 1 view .LVU284
 859              		.loc 1 462 17 is_stmt 0 view .LVU285
 860 0002 8023     		movs	r3, #128
 861 0004 5B02     		lsls	r3, r3, #9
 862 0006 0193     		str	r3, [sp, #4]
 463:PY32F0xx_HAL_Driver/Src/py32f0xx_hal_gpio.c **** 
 464:PY32F0xx_HAL_Driver/Src/py32f0xx_hal_gpio.c ****   /* Check the parameters */
 465:PY32F0xx_HAL_Driver/Src/py32f0xx_hal_gpio.c ****   assert_param(IS_GPIO_LOCK_INSTANCE(GPIOx));
 863              		.loc 1 465 3 is_stmt 1 view .LVU286
 466:PY32F0xx_HAL_Driver/Src/py32f0xx_hal_gpio.c ****   assert_param(IS_GPIO_PIN(GPIO_Pin));
 864              		.loc 1 466 3 view .LVU287
 467:PY32F0xx_HAL_Driver/Src/py32f0xx_hal_gpio.c **** 
 468:PY32F0xx_HAL_Driver/Src/py32f0xx_hal_gpio.c ****   /* Apply lock key write sequence */
 469:PY32F0xx_HAL_Driver/Src/py32f0xx_hal_gpio.c ****   tmp |= GPIO_Pin;
 865              		.loc 1 469 3 view .LVU288
ARM GAS  /tmp/cclzZb7y.s 			page 26


 866              		.loc 1 469 7 is_stmt 0 view .LVU289
 867 0008 019B     		ldr	r3, [sp, #4]
 868 000a 0B43     		orrs	r3, r1
 869 000c 0193     		str	r3, [sp, #4]
 470:PY32F0xx_HAL_Driver/Src/py32f0xx_hal_gpio.c ****   /* Set LCKx bit(s): LCKK='1' + LCK[15-0] */
 471:PY32F0xx_HAL_Driver/Src/py32f0xx_hal_gpio.c ****   GPIOx->LCKR = tmp;
 870              		.loc 1 471 3 is_stmt 1 view .LVU290
 871              		.loc 1 471 15 is_stmt 0 view .LVU291
 872 000e 019B     		ldr	r3, [sp, #4]
 873 0010 C361     		str	r3, [r0, #28]
 472:PY32F0xx_HAL_Driver/Src/py32f0xx_hal_gpio.c ****   /* Reset LCKx bit(s): LCKK='0' + LCK[15-0] */
 473:PY32F0xx_HAL_Driver/Src/py32f0xx_hal_gpio.c ****   GPIOx->LCKR = GPIO_Pin;
 874              		.loc 1 473 3 is_stmt 1 view .LVU292
 875              		.loc 1 473 15 is_stmt 0 view .LVU293
 876 0012 C161     		str	r1, [r0, #28]
 474:PY32F0xx_HAL_Driver/Src/py32f0xx_hal_gpio.c ****   /* Set LCKx bit(s): LCKK='1' + LCK[15-0] */
 475:PY32F0xx_HAL_Driver/Src/py32f0xx_hal_gpio.c ****   GPIOx->LCKR = tmp;
 877              		.loc 1 475 3 is_stmt 1 view .LVU294
 878              		.loc 1 475 15 is_stmt 0 view .LVU295
 879 0014 019B     		ldr	r3, [sp, #4]
 880 0016 C361     		str	r3, [r0, #28]
 476:PY32F0xx_HAL_Driver/Src/py32f0xx_hal_gpio.c ****   /* Read LCKK register. This read is mandatory to complete key lock sequence */
 477:PY32F0xx_HAL_Driver/Src/py32f0xx_hal_gpio.c ****   tmp = GPIOx->LCKR;
 881              		.loc 1 477 3 is_stmt 1 view .LVU296
 882              		.loc 1 477 14 is_stmt 0 view .LVU297
 883 0018 C369     		ldr	r3, [r0, #28]
 884              		.loc 1 477 7 view .LVU298
 885 001a 0193     		str	r3, [sp, #4]
 478:PY32F0xx_HAL_Driver/Src/py32f0xx_hal_gpio.c **** 
 479:PY32F0xx_HAL_Driver/Src/py32f0xx_hal_gpio.c ****   /* read again in order to confirm lock is active */
 480:PY32F0xx_HAL_Driver/Src/py32f0xx_hal_gpio.c ****   if ((GPIOx->LCKR & __GPIO_LOCK_KEY_Msk) != 0x00u)
 886              		.loc 1 480 3 is_stmt 1 view .LVU299
 887              		.loc 1 480 13 is_stmt 0 view .LVU300
 888 001c C269     		ldr	r2, [r0, #28]
 889              		.loc 1 480 20 view .LVU301
 890 001e C023     		movs	r3, #192
 891 0020 9B02     		lsls	r3, r3, #10
 892              		.loc 1 480 6 view .LVU302
 893 0022 1A42     		tst	r2, r3
 894 0024 02D0     		beq	.L49
 481:PY32F0xx_HAL_Driver/Src/py32f0xx_hal_gpio.c ****   {
 482:PY32F0xx_HAL_Driver/Src/py32f0xx_hal_gpio.c ****     return HAL_OK;
 895              		.loc 1 482 12 view .LVU303
 896 0026 0020     		movs	r0, #0
 897              	.LVL76:
 898              	.L48:
 483:PY32F0xx_HAL_Driver/Src/py32f0xx_hal_gpio.c ****   }
 484:PY32F0xx_HAL_Driver/Src/py32f0xx_hal_gpio.c ****   else
 485:PY32F0xx_HAL_Driver/Src/py32f0xx_hal_gpio.c ****   {
 486:PY32F0xx_HAL_Driver/Src/py32f0xx_hal_gpio.c ****     return HAL_ERROR;
 487:PY32F0xx_HAL_Driver/Src/py32f0xx_hal_gpio.c ****   }
 488:PY32F0xx_HAL_Driver/Src/py32f0xx_hal_gpio.c **** }
 899              		.loc 1 488 1 view .LVU304
 900 0028 02B0     		add	sp, sp, #8
 901              		@ sp needed
 902 002a 7047     		bx	lr
 903              	.LVL77:
ARM GAS  /tmp/cclzZb7y.s 			page 27


 904              	.L49:
 486:PY32F0xx_HAL_Driver/Src/py32f0xx_hal_gpio.c ****   }
 905              		.loc 1 486 12 view .LVU305
 906 002c 0120     		movs	r0, #1
 907              	.LVL78:
 486:PY32F0xx_HAL_Driver/Src/py32f0xx_hal_gpio.c ****   }
 908              		.loc 1 486 12 view .LVU306
 909 002e FBE7     		b	.L48
 910              		.cfi_endproc
 911              	.LFE60:
 913              		.section	.text.HAL_GPIO_EXTI_Callback,"ax",%progbits
 914              		.align	1
 915              		.weak	HAL_GPIO_EXTI_Callback
 916              		.syntax unified
 917              		.code	16
 918              		.thumb_func
 920              	HAL_GPIO_EXTI_Callback:
 921              	.LVL79:
 922              	.LFB61:
 489:PY32F0xx_HAL_Driver/Src/py32f0xx_hal_gpio.c **** __weak void HAL_GPIO_EXTI_Callback(uint16_t GPIO_Pin)
 490:PY32F0xx_HAL_Driver/Src/py32f0xx_hal_gpio.c **** {
 923              		.loc 1 490 1 is_stmt 1 view -0
 924              		.cfi_startproc
 925              		@ args = 0, pretend = 0, frame = 0
 926              		@ frame_needed = 0, uses_anonymous_args = 0
 927              		@ link register save eliminated.
 491:PY32F0xx_HAL_Driver/Src/py32f0xx_hal_gpio.c ****   /* Prevent unused argument(s) compilation warning */
 492:PY32F0xx_HAL_Driver/Src/py32f0xx_hal_gpio.c ****   UNUSED(GPIO_Pin);
 928              		.loc 1 492 3 view .LVU308
 493:PY32F0xx_HAL_Driver/Src/py32f0xx_hal_gpio.c **** 
 494:PY32F0xx_HAL_Driver/Src/py32f0xx_hal_gpio.c ****   /* NOTE: This function should not be modified, when the callback is needed,
 495:PY32F0xx_HAL_Driver/Src/py32f0xx_hal_gpio.c ****             the HAL_GPIO_EXTI_Callback could be implemented in the user file
 496:PY32F0xx_HAL_Driver/Src/py32f0xx_hal_gpio.c ****    */
 497:PY32F0xx_HAL_Driver/Src/py32f0xx_hal_gpio.c **** }
 929              		.loc 1 497 1 is_stmt 0 view .LVU309
 930              		@ sp needed
 931 0000 7047     		bx	lr
 932              		.cfi_endproc
 933              	.LFE61:
 935              		.section	.text.HAL_GPIO_EXTI_IRQHandler,"ax",%progbits
 936              		.align	1
 937              		.global	HAL_GPIO_EXTI_IRQHandler
 938              		.syntax unified
 939              		.code	16
 940              		.thumb_func
 942              	HAL_GPIO_EXTI_IRQHandler:
 943              	.LVL80:
 944              	.LFB62:
 498:PY32F0xx_HAL_Driver/Src/py32f0xx_hal_gpio.c **** /**
 499:PY32F0xx_HAL_Driver/Src/py32f0xx_hal_gpio.c ****   * @brief  Handle EXTI interrupt request.
 500:PY32F0xx_HAL_Driver/Src/py32f0xx_hal_gpio.c ****   * @param  GPIO_Pin Specifies the port pin connected to corresponding EXTI line.
 501:PY32F0xx_HAL_Driver/Src/py32f0xx_hal_gpio.c ****   * @retval None
 502:PY32F0xx_HAL_Driver/Src/py32f0xx_hal_gpio.c ****   */
 503:PY32F0xx_HAL_Driver/Src/py32f0xx_hal_gpio.c **** void HAL_GPIO_EXTI_IRQHandler(uint16_t GPIO_Pin)
 504:PY32F0xx_HAL_Driver/Src/py32f0xx_hal_gpio.c **** {
 945              		.loc 1 504 1 is_stmt 1 view -0
 946              		.cfi_startproc
ARM GAS  /tmp/cclzZb7y.s 			page 28


 947              		@ args = 0, pretend = 0, frame = 0
 948              		@ frame_needed = 0, uses_anonymous_args = 0
 949              		.loc 1 504 1 is_stmt 0 view .LVU311
 950 0000 10B5     		push	{r4, lr}
 951              	.LCFI5:
 952              		.cfi_def_cfa_offset 8
 953              		.cfi_offset 4, -8
 954              		.cfi_offset 14, -4
 505:PY32F0xx_HAL_Driver/Src/py32f0xx_hal_gpio.c ****   /* EXTI line interrupt detected */
 506:PY32F0xx_HAL_Driver/Src/py32f0xx_hal_gpio.c ****   if(__HAL_GPIO_EXTI_GET_IT(GPIO_Pin) != 0x00u)
 955              		.loc 1 506 3 is_stmt 1 view .LVU312
 956              		.loc 1 506 6 is_stmt 0 view .LVU313
 957 0002 054B     		ldr	r3, .L54
 958 0004 DB68     		ldr	r3, [r3, #12]
 959              		.loc 1 506 5 view .LVU314
 960 0006 1842     		tst	r0, r3
 961 0008 00D1     		bne	.L53
 962              	.LVL81:
 963              	.L51:
 507:PY32F0xx_HAL_Driver/Src/py32f0xx_hal_gpio.c ****   {
 508:PY32F0xx_HAL_Driver/Src/py32f0xx_hal_gpio.c ****     __HAL_GPIO_EXTI_CLEAR_IT(GPIO_Pin);
 509:PY32F0xx_HAL_Driver/Src/py32f0xx_hal_gpio.c ****     HAL_GPIO_EXTI_Callback(GPIO_Pin);
 510:PY32F0xx_HAL_Driver/Src/py32f0xx_hal_gpio.c ****   }
 511:PY32F0xx_HAL_Driver/Src/py32f0xx_hal_gpio.c **** }
 964              		.loc 1 511 1 view .LVU315
 965              		@ sp needed
 966 000a 10BD     		pop	{r4, pc}
 967              	.LVL82:
 968              	.L53:
 508:PY32F0xx_HAL_Driver/Src/py32f0xx_hal_gpio.c ****     HAL_GPIO_EXTI_Callback(GPIO_Pin);
 969              		.loc 1 508 5 is_stmt 1 view .LVU316
 970 000c 024B     		ldr	r3, .L54
 971 000e D860     		str	r0, [r3, #12]
 509:PY32F0xx_HAL_Driver/Src/py32f0xx_hal_gpio.c ****   }
 972              		.loc 1 509 5 view .LVU317
 973 0010 FFF7FEFF 		bl	HAL_GPIO_EXTI_Callback
 974              	.LVL83:
 975              		.loc 1 511 1 is_stmt 0 view .LVU318
 976 0014 F9E7     		b	.L51
 977              	.L55:
 978 0016 C046     		.align	2
 979              	.L54:
 980 0018 00180240 		.word	1073879040
 981              		.cfi_endproc
 982              	.LFE62:
 984              		.text
 985              	.Letext0:
 986              		.file 2 "/usr/lib/gcc/arm-none-eabi/14.2.1/include/stdint.h"
 987              		.file 3 "CMSIS/Device/PY32F0xx/Include/py32f003x8.h"
 988              		.file 4 "PY32F0xx_HAL_Driver/Inc/py32f0xx_hal_def.h"
 989              		.file 5 "PY32F0xx_HAL_Driver/Inc/py32f0xx_hal_gpio.h"
ARM GAS  /tmp/cclzZb7y.s 			page 29


DEFINED SYMBOLS
                            *ABS*:00000000 py32f0xx_hal_gpio.c
     /tmp/cclzZb7y.s:19     .text.HAL_GPIO_Init:00000000 $t
     /tmp/cclzZb7y.s:25     .text.HAL_GPIO_Init:00000000 HAL_GPIO_Init
     /tmp/cclzZb7y.s:478    .text.HAL_GPIO_Init:00000178 $d
     /tmp/cclzZb7y.s:484    .text.HAL_GPIO_DeInit:00000000 $t
     /tmp/cclzZb7y.s:490    .text.HAL_GPIO_DeInit:00000000 HAL_GPIO_DeInit
     /tmp/cclzZb7y.s:718    .text.HAL_GPIO_DeInit:000000d8 $d
     /tmp/cclzZb7y.s:724    .text.HAL_GPIO_ReadPin:00000000 $t
     /tmp/cclzZb7y.s:730    .text.HAL_GPIO_ReadPin:00000000 HAL_GPIO_ReadPin
     /tmp/cclzZb7y.s:765    .text.HAL_GPIO_WritePin:00000000 $t
     /tmp/cclzZb7y.s:771    .text.HAL_GPIO_WritePin:00000000 HAL_GPIO_WritePin
     /tmp/cclzZb7y.s:802    .text.HAL_GPIO_TogglePin:00000000 $t
     /tmp/cclzZb7y.s:808    .text.HAL_GPIO_TogglePin:00000000 HAL_GPIO_TogglePin
     /tmp/cclzZb7y.s:840    .text.HAL_GPIO_LockPin:00000000 $t
     /tmp/cclzZb7y.s:846    .text.HAL_GPIO_LockPin:00000000 HAL_GPIO_LockPin
     /tmp/cclzZb7y.s:914    .text.HAL_GPIO_EXTI_Callback:00000000 $t
     /tmp/cclzZb7y.s:920    .text.HAL_GPIO_EXTI_Callback:00000000 HAL_GPIO_EXTI_Callback
     /tmp/cclzZb7y.s:936    .text.HAL_GPIO_EXTI_IRQHandler:00000000 $t
     /tmp/cclzZb7y.s:942    .text.HAL_GPIO_EXTI_IRQHandler:00000000 HAL_GPIO_EXTI_IRQHandler
     /tmp/cclzZb7y.s:980    .text.HAL_GPIO_EXTI_IRQHandler:00000018 $d

NO UNDEFINED SYMBOLS
