ARM GAS  /tmp/cc7OGAfB.s 			page 1


   1              		.cpu cortex-m0plus
   2              		.arch armv6s-m
   3              		.fpu softvfp
   4              		.eabi_attribute 20, 1
   5              		.eabi_attribute 21, 1
   6              		.eabi_attribute 23, 3
   7              		.eabi_attribute 24, 1
   8              		.eabi_attribute 25, 1
   9              		.eabi_attribute 26, 1
  10              		.eabi_attribute 30, 1
  11              		.eabi_attribute 34, 0
  12              		.eabi_attribute 18, 4
  13              		.file	"py32f0xx_hal.c"
  14              		.text
  15              	.Ltext0:
  16              		.cfi_sections	.debug_frame
  17              		.file 1 "PY32F0xx_HAL_Driver/Src/py32f0xx_hal.c"
  18              		.section	.text.HAL_MspInit,"ax",%progbits
  19              		.align	1
  20              		.weak	HAL_MspInit
  21              		.syntax unified
  22              		.code	16
  23              		.thumb_func
  25              	HAL_MspInit:
  26              	.LFB57:
   1:PY32F0xx_HAL_Driver/Src/py32f0xx_hal.c **** /**
   2:PY32F0xx_HAL_Driver/Src/py32f0xx_hal.c ****   ******************************************************************************
   3:PY32F0xx_HAL_Driver/Src/py32f0xx_hal.c ****   * @file    py32f0xx_hal.c
   4:PY32F0xx_HAL_Driver/Src/py32f0xx_hal.c ****   * @author  MCU Application Team
   5:PY32F0xx_HAL_Driver/Src/py32f0xx_hal.c ****   * @brief   HAL module driver.
   6:PY32F0xx_HAL_Driver/Src/py32f0xx_hal.c ****   *          This is the common part of the HAL initialization
   7:PY32F0xx_HAL_Driver/Src/py32f0xx_hal.c ****   *
   8:PY32F0xx_HAL_Driver/Src/py32f0xx_hal.c ****   @verbatim
   9:PY32F0xx_HAL_Driver/Src/py32f0xx_hal.c ****   ==============================================================================
  10:PY32F0xx_HAL_Driver/Src/py32f0xx_hal.c ****                      ##### How to use this driver #####
  11:PY32F0xx_HAL_Driver/Src/py32f0xx_hal.c ****   ==============================================================================
  12:PY32F0xx_HAL_Driver/Src/py32f0xx_hal.c ****     [..]
  13:PY32F0xx_HAL_Driver/Src/py32f0xx_hal.c ****     The common HAL driver contains a set of generic and common APIs that can be
  14:PY32F0xx_HAL_Driver/Src/py32f0xx_hal.c ****     used by the PPP peripheral drivers and the user to start using the HAL.
  15:PY32F0xx_HAL_Driver/Src/py32f0xx_hal.c ****     [..]
  16:PY32F0xx_HAL_Driver/Src/py32f0xx_hal.c ****     The HAL contains two APIs categories:
  17:PY32F0xx_HAL_Driver/Src/py32f0xx_hal.c ****          (+) Common HAL APIs
  18:PY32F0xx_HAL_Driver/Src/py32f0xx_hal.c ****          (+) Services HAL APIs
  19:PY32F0xx_HAL_Driver/Src/py32f0xx_hal.c **** 
  20:PY32F0xx_HAL_Driver/Src/py32f0xx_hal.c ****   @endverbatim
  21:PY32F0xx_HAL_Driver/Src/py32f0xx_hal.c ****   ******************************************************************************
  22:PY32F0xx_HAL_Driver/Src/py32f0xx_hal.c ****   * @attention
  23:PY32F0xx_HAL_Driver/Src/py32f0xx_hal.c ****   *
  24:PY32F0xx_HAL_Driver/Src/py32f0xx_hal.c ****   * <h2><center>&copy; Copyright (c) Puya Semiconductor Co.
  25:PY32F0xx_HAL_Driver/Src/py32f0xx_hal.c ****   * All rights reserved.</center></h2>
  26:PY32F0xx_HAL_Driver/Src/py32f0xx_hal.c ****   *
  27:PY32F0xx_HAL_Driver/Src/py32f0xx_hal.c ****   * <h2><center>&copy; Copyright (c) 2016 STMicroelectronics.
  28:PY32F0xx_HAL_Driver/Src/py32f0xx_hal.c ****   * All rights reserved.</center></h2>
  29:PY32F0xx_HAL_Driver/Src/py32f0xx_hal.c ****   *
  30:PY32F0xx_HAL_Driver/Src/py32f0xx_hal.c ****   * This software component is licensed by ST under BSD 3-Clause license,
  31:PY32F0xx_HAL_Driver/Src/py32f0xx_hal.c ****   * the "License"; You may not use this file except in compliance with the
  32:PY32F0xx_HAL_Driver/Src/py32f0xx_hal.c ****   * License. You may obtain a copy of the License at:
ARM GAS  /tmp/cc7OGAfB.s 			page 2


  33:PY32F0xx_HAL_Driver/Src/py32f0xx_hal.c ****   *                        opensource.org/licenses/BSD-3-Clause
  34:PY32F0xx_HAL_Driver/Src/py32f0xx_hal.c ****   *
  35:PY32F0xx_HAL_Driver/Src/py32f0xx_hal.c ****   ******************************************************************************
  36:PY32F0xx_HAL_Driver/Src/py32f0xx_hal.c ****   */
  37:PY32F0xx_HAL_Driver/Src/py32f0xx_hal.c **** 
  38:PY32F0xx_HAL_Driver/Src/py32f0xx_hal.c **** /* Includes ------------------------------------------------------------------*/
  39:PY32F0xx_HAL_Driver/Src/py32f0xx_hal.c **** #include "py32f0xx_hal.h"
  40:PY32F0xx_HAL_Driver/Src/py32f0xx_hal.c **** 
  41:PY32F0xx_HAL_Driver/Src/py32f0xx_hal.c **** /** @addtogroup PY32F0xx_HAL_Driver
  42:PY32F0xx_HAL_Driver/Src/py32f0xx_hal.c ****   * @{
  43:PY32F0xx_HAL_Driver/Src/py32f0xx_hal.c ****   */
  44:PY32F0xx_HAL_Driver/Src/py32f0xx_hal.c **** 
  45:PY32F0xx_HAL_Driver/Src/py32f0xx_hal.c **** /** @addtogroup HAL
  46:PY32F0xx_HAL_Driver/Src/py32f0xx_hal.c ****   * @brief HAL module driver
  47:PY32F0xx_HAL_Driver/Src/py32f0xx_hal.c ****   * @{
  48:PY32F0xx_HAL_Driver/Src/py32f0xx_hal.c ****   */
  49:PY32F0xx_HAL_Driver/Src/py32f0xx_hal.c **** 
  50:PY32F0xx_HAL_Driver/Src/py32f0xx_hal.c **** #ifdef HAL_MODULE_ENABLED
  51:PY32F0xx_HAL_Driver/Src/py32f0xx_hal.c **** 
  52:PY32F0xx_HAL_Driver/Src/py32f0xx_hal.c **** /* Private typedef -----------------------------------------------------------*/
  53:PY32F0xx_HAL_Driver/Src/py32f0xx_hal.c **** /* Private define ------------------------------------------------------------*/
  54:PY32F0xx_HAL_Driver/Src/py32f0xx_hal.c **** 
  55:PY32F0xx_HAL_Driver/Src/py32f0xx_hal.c **** /** @defgroup HAL_Private_Constants HAL Private Constants
  56:PY32F0xx_HAL_Driver/Src/py32f0xx_hal.c ****   * @{
  57:PY32F0xx_HAL_Driver/Src/py32f0xx_hal.c ****   */
  58:PY32F0xx_HAL_Driver/Src/py32f0xx_hal.c **** /**
  59:PY32F0xx_HAL_Driver/Src/py32f0xx_hal.c ****  * @brief PY32F0xx HAL Driver version number
  60:PY32F0xx_HAL_Driver/Src/py32f0xx_hal.c ****    */
  61:PY32F0xx_HAL_Driver/Src/py32f0xx_hal.c **** #define __PY32F0xx_HAL_VERSION_MAIN   (0x01U) /*!< [31:24] main version */
  62:PY32F0xx_HAL_Driver/Src/py32f0xx_hal.c **** #define __PY32F0xx_HAL_VERSION_SUB1   (0x03U) /*!< [23:16] sub1 version */
  63:PY32F0xx_HAL_Driver/Src/py32f0xx_hal.c **** #define __PY32F0xx_HAL_VERSION_SUB2   (0x00U) /*!< [15:8]  sub2 version */
  64:PY32F0xx_HAL_Driver/Src/py32f0xx_hal.c **** #define __PY32F0xx_HAL_VERSION_RC     (0x00U) /*!< [7:0]  release candidate */
  65:PY32F0xx_HAL_Driver/Src/py32f0xx_hal.c **** #define __PY32F0xx_HAL_VERSION        ((__PY32F0xx_HAL_VERSION_MAIN << 24U)\
  66:PY32F0xx_HAL_Driver/Src/py32f0xx_hal.c ****                                        |(__PY32F0xx_HAL_VERSION_SUB1 << 16U)\
  67:PY32F0xx_HAL_Driver/Src/py32f0xx_hal.c ****                                        |(__PY32F0xx_HAL_VERSION_SUB2 << 8U )\
  68:PY32F0xx_HAL_Driver/Src/py32f0xx_hal.c ****                                        |(__PY32F0xx_HAL_VERSION_RC))
  69:PY32F0xx_HAL_Driver/Src/py32f0xx_hal.c **** 
  70:PY32F0xx_HAL_Driver/Src/py32f0xx_hal.c **** #if defined(VREFBUF)
  71:PY32F0xx_HAL_Driver/Src/py32f0xx_hal.c **** #define VREFBUF_TIMEOUT_VALUE     10U   /*!<  10 ms */
  72:PY32F0xx_HAL_Driver/Src/py32f0xx_hal.c **** #endif /* VREFBUF */
  73:PY32F0xx_HAL_Driver/Src/py32f0xx_hal.c **** 
  74:PY32F0xx_HAL_Driver/Src/py32f0xx_hal.c **** /**
  75:PY32F0xx_HAL_Driver/Src/py32f0xx_hal.c ****   * @}
  76:PY32F0xx_HAL_Driver/Src/py32f0xx_hal.c ****   */
  77:PY32F0xx_HAL_Driver/Src/py32f0xx_hal.c **** 
  78:PY32F0xx_HAL_Driver/Src/py32f0xx_hal.c **** /* Private macro -------------------------------------------------------------*/
  79:PY32F0xx_HAL_Driver/Src/py32f0xx_hal.c **** /* Exported variables ---------------------------------------------------------*/
  80:PY32F0xx_HAL_Driver/Src/py32f0xx_hal.c **** /** @defgroup HAL_Exported_Variables HAL Exported Variables
  81:PY32F0xx_HAL_Driver/Src/py32f0xx_hal.c ****   * @{
  82:PY32F0xx_HAL_Driver/Src/py32f0xx_hal.c ****   */
  83:PY32F0xx_HAL_Driver/Src/py32f0xx_hal.c **** __IO uint32_t uwTick;
  84:PY32F0xx_HAL_Driver/Src/py32f0xx_hal.c **** uint32_t uwTickPrio = (1UL << __NVIC_PRIO_BITS); /* Invalid PRIO */
  85:PY32F0xx_HAL_Driver/Src/py32f0xx_hal.c **** uint32_t uwTickFreq = HAL_TICK_FREQ_DEFAULT;  /* 1KHz */
  86:PY32F0xx_HAL_Driver/Src/py32f0xx_hal.c **** /**
  87:PY32F0xx_HAL_Driver/Src/py32f0xx_hal.c ****   * @}
  88:PY32F0xx_HAL_Driver/Src/py32f0xx_hal.c ****   */
  89:PY32F0xx_HAL_Driver/Src/py32f0xx_hal.c **** 
ARM GAS  /tmp/cc7OGAfB.s 			page 3


  90:PY32F0xx_HAL_Driver/Src/py32f0xx_hal.c **** /* Private function prototypes -----------------------------------------------*/
  91:PY32F0xx_HAL_Driver/Src/py32f0xx_hal.c **** /* Exported functions --------------------------------------------------------*/
  92:PY32F0xx_HAL_Driver/Src/py32f0xx_hal.c **** 
  93:PY32F0xx_HAL_Driver/Src/py32f0xx_hal.c **** /** @addtogroup HAL_Exported_Functions
  94:PY32F0xx_HAL_Driver/Src/py32f0xx_hal.c ****   * @{
  95:PY32F0xx_HAL_Driver/Src/py32f0xx_hal.c ****   */
  96:PY32F0xx_HAL_Driver/Src/py32f0xx_hal.c **** 
  97:PY32F0xx_HAL_Driver/Src/py32f0xx_hal.c **** /** @addtogroup HAL_Exported_Functions_Group1
  98:PY32F0xx_HAL_Driver/Src/py32f0xx_hal.c ****  *  @brief    HAL Initialization and Configuration functions
  99:PY32F0xx_HAL_Driver/Src/py32f0xx_hal.c ****  *
 100:PY32F0xx_HAL_Driver/Src/py32f0xx_hal.c **** @verbatim
 101:PY32F0xx_HAL_Driver/Src/py32f0xx_hal.c ****  ===============================================================================
 102:PY32F0xx_HAL_Driver/Src/py32f0xx_hal.c ****            ##### HAL Initialization and Configuration functions #####
 103:PY32F0xx_HAL_Driver/Src/py32f0xx_hal.c ****  ===============================================================================
 104:PY32F0xx_HAL_Driver/Src/py32f0xx_hal.c ****     [..]  This section provides functions allowing to:
 105:PY32F0xx_HAL_Driver/Src/py32f0xx_hal.c ****       (+) Initialize the Flash interface the NVIC allocation and initial time base
 106:PY32F0xx_HAL_Driver/Src/py32f0xx_hal.c ****           clock configuration.
 107:PY32F0xx_HAL_Driver/Src/py32f0xx_hal.c ****       (+) De-initialize common part of the HAL.
 108:PY32F0xx_HAL_Driver/Src/py32f0xx_hal.c ****       (+) Configure the time base source to have 1ms time base with a dedicated
 109:PY32F0xx_HAL_Driver/Src/py32f0xx_hal.c ****           Tick interrupt priority.
 110:PY32F0xx_HAL_Driver/Src/py32f0xx_hal.c ****         (++) SysTick timer is used by default as source of time base, but user
 111:PY32F0xx_HAL_Driver/Src/py32f0xx_hal.c ****              can eventually implement his proper time base source (a general purpose
 112:PY32F0xx_HAL_Driver/Src/py32f0xx_hal.c ****              timer for example or other time source), keeping in mind that Time base
 113:PY32F0xx_HAL_Driver/Src/py32f0xx_hal.c ****              duration should be kept 1ms since PPP_TIMEOUT_VALUEs are defined and
 114:PY32F0xx_HAL_Driver/Src/py32f0xx_hal.c ****              handled in milliseconds basis.
 115:PY32F0xx_HAL_Driver/Src/py32f0xx_hal.c ****         (++) Time base configuration function (HAL_InitTick ()) is called automatically
 116:PY32F0xx_HAL_Driver/Src/py32f0xx_hal.c ****              at the beginning of the program after reset by HAL_Init() or at any time
 117:PY32F0xx_HAL_Driver/Src/py32f0xx_hal.c ****              when clock is configured, by HAL_RCC_ClockConfig().
 118:PY32F0xx_HAL_Driver/Src/py32f0xx_hal.c ****         (++) Source of time base is configured  to generate interrupts at regular
 119:PY32F0xx_HAL_Driver/Src/py32f0xx_hal.c ****              time intervals. Care must be taken if HAL_Delay() is called from a
 120:PY32F0xx_HAL_Driver/Src/py32f0xx_hal.c ****              peripheral ISR process, the Tick interrupt line must have higher priority
 121:PY32F0xx_HAL_Driver/Src/py32f0xx_hal.c ****             (numerically lower) than the peripheral interrupt. Otherwise the caller
 122:PY32F0xx_HAL_Driver/Src/py32f0xx_hal.c ****             ISR process will be blocked.
 123:PY32F0xx_HAL_Driver/Src/py32f0xx_hal.c ****        (++) functions affecting time base configurations are declared as __weak
 124:PY32F0xx_HAL_Driver/Src/py32f0xx_hal.c ****              to make  override possible  in case of other  implementations in user file.
 125:PY32F0xx_HAL_Driver/Src/py32f0xx_hal.c **** @endverbatim
 126:PY32F0xx_HAL_Driver/Src/py32f0xx_hal.c ****   * @{
 127:PY32F0xx_HAL_Driver/Src/py32f0xx_hal.c ****   */
 128:PY32F0xx_HAL_Driver/Src/py32f0xx_hal.c **** 
 129:PY32F0xx_HAL_Driver/Src/py32f0xx_hal.c **** /**
 130:PY32F0xx_HAL_Driver/Src/py32f0xx_hal.c ****   * @brief  Configure the Flash prefetch and the Instruction cache,
 131:PY32F0xx_HAL_Driver/Src/py32f0xx_hal.c ****   *         the time base source, NVIC and any required global low level hardware
 132:PY32F0xx_HAL_Driver/Src/py32f0xx_hal.c ****   *         by calling the HAL_MspInit() callback function to be optionally defined in user file
 133:PY32F0xx_HAL_Driver/Src/py32f0xx_hal.c ****   *         PY32F0xx_hal_msp.c.
 134:PY32F0xx_HAL_Driver/Src/py32f0xx_hal.c ****   *
 135:PY32F0xx_HAL_Driver/Src/py32f0xx_hal.c ****   * @note   HAL_Init() function is called at the beginning of program after reset and before
 136:PY32F0xx_HAL_Driver/Src/py32f0xx_hal.c ****   *         the clock configuration.
 137:PY32F0xx_HAL_Driver/Src/py32f0xx_hal.c ****   *
 138:PY32F0xx_HAL_Driver/Src/py32f0xx_hal.c ****   * @note   In the default implementation the System Timer (Systick) is used as source of time base
 139:PY32F0xx_HAL_Driver/Src/py32f0xx_hal.c ****   *         The Systick configuration is based on HSI clock, as HSI is the clock
 140:PY32F0xx_HAL_Driver/Src/py32f0xx_hal.c ****   *         used after a system Reset.
 141:PY32F0xx_HAL_Driver/Src/py32f0xx_hal.c ****   *         Once done, time base tick starts incrementing: the tick variable counter is incremented
 142:PY32F0xx_HAL_Driver/Src/py32f0xx_hal.c ****   *         each 1ms in the SysTick_Handler() interrupt handler.
 143:PY32F0xx_HAL_Driver/Src/py32f0xx_hal.c ****   *
 144:PY32F0xx_HAL_Driver/Src/py32f0xx_hal.c ****   * @retval HAL status
 145:PY32F0xx_HAL_Driver/Src/py32f0xx_hal.c ****   */
 146:PY32F0xx_HAL_Driver/Src/py32f0xx_hal.c **** HAL_StatusTypeDef HAL_Init(void)
ARM GAS  /tmp/cc7OGAfB.s 			page 4


 147:PY32F0xx_HAL_Driver/Src/py32f0xx_hal.c **** {
 148:PY32F0xx_HAL_Driver/Src/py32f0xx_hal.c ****   HAL_StatusTypeDef  status = HAL_OK;
 149:PY32F0xx_HAL_Driver/Src/py32f0xx_hal.c **** 
 150:PY32F0xx_HAL_Driver/Src/py32f0xx_hal.c ****   /* Configure Flash prefetch, Instruction cache             */
 151:PY32F0xx_HAL_Driver/Src/py32f0xx_hal.c ****   /* Default configuration at reset is:                      */
 152:PY32F0xx_HAL_Driver/Src/py32f0xx_hal.c ****   /* - Prefetch disabled                                     */
 153:PY32F0xx_HAL_Driver/Src/py32f0xx_hal.c ****   /* - Instruction cache enabled                             */
 154:PY32F0xx_HAL_Driver/Src/py32f0xx_hal.c **** 
 155:PY32F0xx_HAL_Driver/Src/py32f0xx_hal.c ****   /* Use SysTick as time base source and configure 1ms tick (default clock after Reset is HSI) */
 156:PY32F0xx_HAL_Driver/Src/py32f0xx_hal.c ****   if (HAL_InitTick(TICK_INT_PRIORITY) != HAL_OK)
 157:PY32F0xx_HAL_Driver/Src/py32f0xx_hal.c ****   {
 158:PY32F0xx_HAL_Driver/Src/py32f0xx_hal.c ****     status = HAL_ERROR;
 159:PY32F0xx_HAL_Driver/Src/py32f0xx_hal.c ****   }
 160:PY32F0xx_HAL_Driver/Src/py32f0xx_hal.c ****   else
 161:PY32F0xx_HAL_Driver/Src/py32f0xx_hal.c ****   {
 162:PY32F0xx_HAL_Driver/Src/py32f0xx_hal.c ****     /* Init the low level hardware */
 163:PY32F0xx_HAL_Driver/Src/py32f0xx_hal.c ****     HAL_MspInit();
 164:PY32F0xx_HAL_Driver/Src/py32f0xx_hal.c ****   }
 165:PY32F0xx_HAL_Driver/Src/py32f0xx_hal.c **** 
 166:PY32F0xx_HAL_Driver/Src/py32f0xx_hal.c ****   /* Return function status */
 167:PY32F0xx_HAL_Driver/Src/py32f0xx_hal.c ****   return status;
 168:PY32F0xx_HAL_Driver/Src/py32f0xx_hal.c **** }
 169:PY32F0xx_HAL_Driver/Src/py32f0xx_hal.c **** 
 170:PY32F0xx_HAL_Driver/Src/py32f0xx_hal.c **** /**
 171:PY32F0xx_HAL_Driver/Src/py32f0xx_hal.c ****   * @brief  This function de-Initializes common part of the HAL and stops the source of time base.
 172:PY32F0xx_HAL_Driver/Src/py32f0xx_hal.c ****   * @note   This function is optional.
 173:PY32F0xx_HAL_Driver/Src/py32f0xx_hal.c ****   * @retval HAL status
 174:PY32F0xx_HAL_Driver/Src/py32f0xx_hal.c ****   */
 175:PY32F0xx_HAL_Driver/Src/py32f0xx_hal.c **** HAL_StatusTypeDef HAL_DeInit(void)
 176:PY32F0xx_HAL_Driver/Src/py32f0xx_hal.c **** {
 177:PY32F0xx_HAL_Driver/Src/py32f0xx_hal.c ****   /* Reset of all peripherals */
 178:PY32F0xx_HAL_Driver/Src/py32f0xx_hal.c ****   __HAL_RCC_APB1_FORCE_RESET();
 179:PY32F0xx_HAL_Driver/Src/py32f0xx_hal.c ****   __HAL_RCC_APB1_RELEASE_RESET();
 180:PY32F0xx_HAL_Driver/Src/py32f0xx_hal.c **** 
 181:PY32F0xx_HAL_Driver/Src/py32f0xx_hal.c ****   __HAL_RCC_APB2_FORCE_RESET();
 182:PY32F0xx_HAL_Driver/Src/py32f0xx_hal.c ****   __HAL_RCC_APB2_RELEASE_RESET();
 183:PY32F0xx_HAL_Driver/Src/py32f0xx_hal.c **** 
 184:PY32F0xx_HAL_Driver/Src/py32f0xx_hal.c ****   __HAL_RCC_AHB_FORCE_RESET();
 185:PY32F0xx_HAL_Driver/Src/py32f0xx_hal.c ****   __HAL_RCC_AHB_RELEASE_RESET();
 186:PY32F0xx_HAL_Driver/Src/py32f0xx_hal.c **** 
 187:PY32F0xx_HAL_Driver/Src/py32f0xx_hal.c ****   __HAL_RCC_IOP_FORCE_RESET();
 188:PY32F0xx_HAL_Driver/Src/py32f0xx_hal.c ****   __HAL_RCC_IOP_RELEASE_RESET();
 189:PY32F0xx_HAL_Driver/Src/py32f0xx_hal.c **** 
 190:PY32F0xx_HAL_Driver/Src/py32f0xx_hal.c ****   /* De-Init the low level hardware */
 191:PY32F0xx_HAL_Driver/Src/py32f0xx_hal.c ****   HAL_MspDeInit();
 192:PY32F0xx_HAL_Driver/Src/py32f0xx_hal.c **** 
 193:PY32F0xx_HAL_Driver/Src/py32f0xx_hal.c ****   /* Return function status */
 194:PY32F0xx_HAL_Driver/Src/py32f0xx_hal.c ****   return HAL_OK;
 195:PY32F0xx_HAL_Driver/Src/py32f0xx_hal.c **** }
 196:PY32F0xx_HAL_Driver/Src/py32f0xx_hal.c **** 
 197:PY32F0xx_HAL_Driver/Src/py32f0xx_hal.c **** /**
 198:PY32F0xx_HAL_Driver/Src/py32f0xx_hal.c ****   * @brief  Initialize the MSP.
 199:PY32F0xx_HAL_Driver/Src/py32f0xx_hal.c ****   * @retval None
 200:PY32F0xx_HAL_Driver/Src/py32f0xx_hal.c ****   */
 201:PY32F0xx_HAL_Driver/Src/py32f0xx_hal.c **** __weak void HAL_MspInit(void)
 202:PY32F0xx_HAL_Driver/Src/py32f0xx_hal.c **** {
  27              		.loc 1 202 1 view -0
ARM GAS  /tmp/cc7OGAfB.s 			page 5


  28              		.cfi_startproc
  29              		@ args = 0, pretend = 0, frame = 0
  30              		@ frame_needed = 0, uses_anonymous_args = 0
  31              		@ link register save eliminated.
 203:PY32F0xx_HAL_Driver/Src/py32f0xx_hal.c ****   /* NOTE : This function should not be modified, when the callback is needed,
 204:PY32F0xx_HAL_Driver/Src/py32f0xx_hal.c ****             the HAL_MspInit could be implemented in the user file
 205:PY32F0xx_HAL_Driver/Src/py32f0xx_hal.c ****    */
 206:PY32F0xx_HAL_Driver/Src/py32f0xx_hal.c **** }
  32              		.loc 1 206 1 view .LVU1
  33              		@ sp needed
  34 0000 7047     		bx	lr
  35              		.cfi_endproc
  36              	.LFE57:
  38              		.section	.text.HAL_MspDeInit,"ax",%progbits
  39              		.align	1
  40              		.weak	HAL_MspDeInit
  41              		.syntax unified
  42              		.code	16
  43              		.thumb_func
  45              	HAL_MspDeInit:
  46              	.LFB58:
 207:PY32F0xx_HAL_Driver/Src/py32f0xx_hal.c **** 
 208:PY32F0xx_HAL_Driver/Src/py32f0xx_hal.c **** /**
 209:PY32F0xx_HAL_Driver/Src/py32f0xx_hal.c ****   * @brief  DeInitializes the MSP.
 210:PY32F0xx_HAL_Driver/Src/py32f0xx_hal.c ****   * @retval None
 211:PY32F0xx_HAL_Driver/Src/py32f0xx_hal.c ****   */
 212:PY32F0xx_HAL_Driver/Src/py32f0xx_hal.c **** __weak void HAL_MspDeInit(void)
 213:PY32F0xx_HAL_Driver/Src/py32f0xx_hal.c **** {
  47              		.loc 1 213 1 view -0
  48              		.cfi_startproc
  49              		@ args = 0, pretend = 0, frame = 0
  50              		@ frame_needed = 0, uses_anonymous_args = 0
  51              		@ link register save eliminated.
 214:PY32F0xx_HAL_Driver/Src/py32f0xx_hal.c ****   /* NOTE : This function should not be modified, when the callback is needed,
 215:PY32F0xx_HAL_Driver/Src/py32f0xx_hal.c ****             the HAL_MspDeInit could be implemented in the user file
 216:PY32F0xx_HAL_Driver/Src/py32f0xx_hal.c ****    */
 217:PY32F0xx_HAL_Driver/Src/py32f0xx_hal.c **** }
  52              		.loc 1 217 1 view .LVU3
  53              		@ sp needed
  54 0000 7047     		bx	lr
  55              		.cfi_endproc
  56              	.LFE58:
  58              		.section	.text.HAL_DeInit,"ax",%progbits
  59              		.align	1
  60              		.global	HAL_DeInit
  61              		.syntax unified
  62              		.code	16
  63              		.thumb_func
  65              	HAL_DeInit:
  66              	.LFB56:
 176:PY32F0xx_HAL_Driver/Src/py32f0xx_hal.c ****   /* Reset of all peripherals */
  67              		.loc 1 176 1 view -0
  68              		.cfi_startproc
  69              		@ args = 0, pretend = 0, frame = 0
  70              		@ frame_needed = 0, uses_anonymous_args = 0
  71 0000 10B5     		push	{r4, lr}
  72              	.LCFI0:
ARM GAS  /tmp/cc7OGAfB.s 			page 6


  73              		.cfi_def_cfa_offset 8
  74              		.cfi_offset 4, -8
  75              		.cfi_offset 14, -4
 178:PY32F0xx_HAL_Driver/Src/py32f0xx_hal.c ****   __HAL_RCC_APB1_RELEASE_RESET();
  76              		.loc 1 178 3 view .LVU5
  77 0002 084B     		ldr	r3, .L4
  78 0004 0121     		movs	r1, #1
  79 0006 4942     		rsbs	r1, r1, #0
  80 0008 D962     		str	r1, [r3, #44]
 179:PY32F0xx_HAL_Driver/Src/py32f0xx_hal.c **** 
  81              		.loc 1 179 3 view .LVU6
  82 000a 0022     		movs	r2, #0
  83 000c DA62     		str	r2, [r3, #44]
 181:PY32F0xx_HAL_Driver/Src/py32f0xx_hal.c ****   __HAL_RCC_APB2_RELEASE_RESET();
  84              		.loc 1 181 3 view .LVU7
  85 000e 1963     		str	r1, [r3, #48]
 182:PY32F0xx_HAL_Driver/Src/py32f0xx_hal.c **** 
  86              		.loc 1 182 3 view .LVU8
  87 0010 1A63     		str	r2, [r3, #48]
 184:PY32F0xx_HAL_Driver/Src/py32f0xx_hal.c ****   __HAL_RCC_AHB_RELEASE_RESET();
  88              		.loc 1 184 3 view .LVU9
  89 0012 9962     		str	r1, [r3, #40]
 185:PY32F0xx_HAL_Driver/Src/py32f0xx_hal.c **** 
  90              		.loc 1 185 3 view .LVU10
  91 0014 9A62     		str	r2, [r3, #40]
 187:PY32F0xx_HAL_Driver/Src/py32f0xx_hal.c ****   __HAL_RCC_IOP_RELEASE_RESET();
  92              		.loc 1 187 3 view .LVU11
  93 0016 5962     		str	r1, [r3, #36]
 188:PY32F0xx_HAL_Driver/Src/py32f0xx_hal.c **** 
  94              		.loc 1 188 3 view .LVU12
  95 0018 5A62     		str	r2, [r3, #36]
 191:PY32F0xx_HAL_Driver/Src/py32f0xx_hal.c **** 
  96              		.loc 1 191 3 view .LVU13
  97 001a FFF7FEFF 		bl	HAL_MspDeInit
  98              	.LVL0:
 194:PY32F0xx_HAL_Driver/Src/py32f0xx_hal.c **** }
  99              		.loc 1 194 3 view .LVU14
 195:PY32F0xx_HAL_Driver/Src/py32f0xx_hal.c **** 
 100              		.loc 1 195 1 is_stmt 0 view .LVU15
 101 001e 0020     		movs	r0, #0
 102              		@ sp needed
 103 0020 10BD     		pop	{r4, pc}
 104              	.L5:
 105 0022 C046     		.align	2
 106              	.L4:
 107 0024 00100240 		.word	1073876992
 108              		.cfi_endproc
 109              	.LFE56:
 111              		.section	.text.HAL_InitTick,"ax",%progbits
 112              		.align	1
 113              		.weak	HAL_InitTick
 114              		.syntax unified
 115              		.code	16
 116              		.thumb_func
 118              	HAL_InitTick:
 119              	.LVL1:
 120              	.LFB59:
ARM GAS  /tmp/cc7OGAfB.s 			page 7


 218:PY32F0xx_HAL_Driver/Src/py32f0xx_hal.c **** 
 219:PY32F0xx_HAL_Driver/Src/py32f0xx_hal.c **** /**
 220:PY32F0xx_HAL_Driver/Src/py32f0xx_hal.c ****   * @brief This function configures the source of the time base:
 221:PY32F0xx_HAL_Driver/Src/py32f0xx_hal.c ****   *        The time source is configured  to have 1ms time base with a dedicated
 222:PY32F0xx_HAL_Driver/Src/py32f0xx_hal.c ****   *        Tick interrupt priority.
 223:PY32F0xx_HAL_Driver/Src/py32f0xx_hal.c ****   * @note This function is called  automatically at the beginning of program after
 224:PY32F0xx_HAL_Driver/Src/py32f0xx_hal.c ****   *       reset by HAL_Init() or at any time when clock is reconfigured  by HAL_RCC_ClockConfig().
 225:PY32F0xx_HAL_Driver/Src/py32f0xx_hal.c ****   * @note In the default implementation, SysTick timer is the source of time base.
 226:PY32F0xx_HAL_Driver/Src/py32f0xx_hal.c ****   *       It is used to generate interrupts at regular time intervals.
 227:PY32F0xx_HAL_Driver/Src/py32f0xx_hal.c ****   *       Care must be taken if HAL_Delay() is called from a peripheral ISR process,
 228:PY32F0xx_HAL_Driver/Src/py32f0xx_hal.c ****   *       The SysTick interrupt must have higher priority (numerically lower)
 229:PY32F0xx_HAL_Driver/Src/py32f0xx_hal.c ****   *       than the peripheral interrupt. Otherwise the caller ISR process will be blocked.
 230:PY32F0xx_HAL_Driver/Src/py32f0xx_hal.c ****   *       The function is declared as __weak  to be overwritten  in case of other
 231:PY32F0xx_HAL_Driver/Src/py32f0xx_hal.c ****   *       implementation  in user file.
 232:PY32F0xx_HAL_Driver/Src/py32f0xx_hal.c ****   * @param TickPriority Tick interrupt priority.
 233:PY32F0xx_HAL_Driver/Src/py32f0xx_hal.c ****   * @retval HAL status
 234:PY32F0xx_HAL_Driver/Src/py32f0xx_hal.c ****   */
 235:PY32F0xx_HAL_Driver/Src/py32f0xx_hal.c **** __weak HAL_StatusTypeDef HAL_InitTick(uint32_t TickPriority)
 236:PY32F0xx_HAL_Driver/Src/py32f0xx_hal.c **** {
 121              		.loc 1 236 1 is_stmt 1 view -0
 122              		.cfi_startproc
 123              		@ args = 0, pretend = 0, frame = 0
 124              		@ frame_needed = 0, uses_anonymous_args = 0
 125              		.loc 1 236 1 is_stmt 0 view .LVU17
 126 0000 10B5     		push	{r4, lr}
 127              	.LCFI1:
 128              		.cfi_def_cfa_offset 8
 129              		.cfi_offset 4, -8
 130              		.cfi_offset 14, -4
 131 0002 0400     		movs	r4, r0
 237:PY32F0xx_HAL_Driver/Src/py32f0xx_hal.c ****   HAL_StatusTypeDef  status = HAL_OK;
 132              		.loc 1 237 3 is_stmt 1 view .LVU18
 133              	.LVL2:
 238:PY32F0xx_HAL_Driver/Src/py32f0xx_hal.c **** 
 239:PY32F0xx_HAL_Driver/Src/py32f0xx_hal.c ****   if (uwTickFreq != 0U)
 134              		.loc 1 239 3 view .LVU19
 135              		.loc 1 239 18 is_stmt 0 view .LVU20
 136 0004 114B     		ldr	r3, .L13
 137 0006 1968     		ldr	r1, [r3]
 138              		.loc 1 239 6 view .LVU21
 139 0008 0029     		cmp	r1, #0
 140 000a 01D1     		bne	.L11
 240:PY32F0xx_HAL_Driver/Src/py32f0xx_hal.c ****   {
 241:PY32F0xx_HAL_Driver/Src/py32f0xx_hal.c ****     /*Configure the SysTick to have interrupt in 1ms time basis*/
 242:PY32F0xx_HAL_Driver/Src/py32f0xx_hal.c ****     if (HAL_SYSTICK_Config(SystemCoreClock / (1000U /uwTickFreq)) == 0U)
 243:PY32F0xx_HAL_Driver/Src/py32f0xx_hal.c ****     {
 244:PY32F0xx_HAL_Driver/Src/py32f0xx_hal.c ****       /* Configure the SysTick IRQ priority */
 245:PY32F0xx_HAL_Driver/Src/py32f0xx_hal.c ****       if (TickPriority < (1UL << __NVIC_PRIO_BITS))
 246:PY32F0xx_HAL_Driver/Src/py32f0xx_hal.c ****       {
 247:PY32F0xx_HAL_Driver/Src/py32f0xx_hal.c ****         HAL_NVIC_SetPriority(SysTick_IRQn, TickPriority, 0U);
 248:PY32F0xx_HAL_Driver/Src/py32f0xx_hal.c ****         uwTickPrio = TickPriority;
 249:PY32F0xx_HAL_Driver/Src/py32f0xx_hal.c ****       }
 250:PY32F0xx_HAL_Driver/Src/py32f0xx_hal.c ****       else
 251:PY32F0xx_HAL_Driver/Src/py32f0xx_hal.c ****       {
 252:PY32F0xx_HAL_Driver/Src/py32f0xx_hal.c ****         status = HAL_ERROR;
 253:PY32F0xx_HAL_Driver/Src/py32f0xx_hal.c ****       }
 254:PY32F0xx_HAL_Driver/Src/py32f0xx_hal.c ****     }
ARM GAS  /tmp/cc7OGAfB.s 			page 8


 255:PY32F0xx_HAL_Driver/Src/py32f0xx_hal.c ****     else
 256:PY32F0xx_HAL_Driver/Src/py32f0xx_hal.c ****     {
 257:PY32F0xx_HAL_Driver/Src/py32f0xx_hal.c ****       status = HAL_ERROR;
 258:PY32F0xx_HAL_Driver/Src/py32f0xx_hal.c ****     }
 259:PY32F0xx_HAL_Driver/Src/py32f0xx_hal.c ****   }
 260:PY32F0xx_HAL_Driver/Src/py32f0xx_hal.c ****   else
 261:PY32F0xx_HAL_Driver/Src/py32f0xx_hal.c ****   {
 262:PY32F0xx_HAL_Driver/Src/py32f0xx_hal.c ****     status = HAL_ERROR;
 141              		.loc 1 262 12 view .LVU22
 142 000c 0120     		movs	r0, #1
 143              	.LVL3:
 144              	.L7:
 263:PY32F0xx_HAL_Driver/Src/py32f0xx_hal.c ****   }
 264:PY32F0xx_HAL_Driver/Src/py32f0xx_hal.c **** 
 265:PY32F0xx_HAL_Driver/Src/py32f0xx_hal.c ****   /* Return function status */
 266:PY32F0xx_HAL_Driver/Src/py32f0xx_hal.c ****   return status;
 145              		.loc 1 266 3 is_stmt 1 view .LVU23
 267:PY32F0xx_HAL_Driver/Src/py32f0xx_hal.c **** }
 146              		.loc 1 267 1 is_stmt 0 view .LVU24
 147              		@ sp needed
 148              	.LVL4:
 149              		.loc 1 267 1 view .LVU25
 150 000e 10BD     		pop	{r4, pc}
 151              	.LVL5:
 152              	.L11:
 242:PY32F0xx_HAL_Driver/Src/py32f0xx_hal.c ****     {
 153              		.loc 1 242 5 is_stmt 1 view .LVU26
 242:PY32F0xx_HAL_Driver/Src/py32f0xx_hal.c ****     {
 154              		.loc 1 242 53 is_stmt 0 view .LVU27
 155 0010 FA20     		movs	r0, #250
 156              	.LVL6:
 242:PY32F0xx_HAL_Driver/Src/py32f0xx_hal.c ****     {
 157              		.loc 1 242 53 view .LVU28
 158 0012 8000     		lsls	r0, r0, #2
 159 0014 FFF7FEFF 		bl	__aeabi_uidiv
 160              	.LVL7:
 161 0018 0100     		movs	r1, r0
 242:PY32F0xx_HAL_Driver/Src/py32f0xx_hal.c ****     {
 162              		.loc 1 242 9 view .LVU29
 163 001a 0D4B     		ldr	r3, .L13+4
 164 001c 1868     		ldr	r0, [r3]
 165 001e FFF7FEFF 		bl	__aeabi_uidiv
 166              	.LVL8:
 167 0022 FFF7FEFF 		bl	HAL_SYSTICK_Config
 168              	.LVL9:
 242:PY32F0xx_HAL_Driver/Src/py32f0xx_hal.c ****     {
 169              		.loc 1 242 8 discriminator 1 view .LVU30
 170 0026 0028     		cmp	r0, #0
 171 0028 0DD1     		bne	.L9
 245:PY32F0xx_HAL_Driver/Src/py32f0xx_hal.c ****       {
 172              		.loc 1 245 7 is_stmt 1 view .LVU31
 245:PY32F0xx_HAL_Driver/Src/py32f0xx_hal.c ****       {
 173              		.loc 1 245 10 is_stmt 0 view .LVU32
 174 002a 032C     		cmp	r4, #3
 175 002c 01D9     		bls	.L12
 252:PY32F0xx_HAL_Driver/Src/py32f0xx_hal.c ****       }
 176              		.loc 1 252 16 view .LVU33
ARM GAS  /tmp/cc7OGAfB.s 			page 9


 177 002e 0120     		movs	r0, #1
 178 0030 EDE7     		b	.L7
 179              	.L12:
 247:PY32F0xx_HAL_Driver/Src/py32f0xx_hal.c ****         uwTickPrio = TickPriority;
 180              		.loc 1 247 9 is_stmt 1 view .LVU34
 181 0032 0130     		adds	r0, r0, #1
 182 0034 0022     		movs	r2, #0
 183 0036 2100     		movs	r1, r4
 184 0038 4042     		rsbs	r0, r0, #0
 185 003a FFF7FEFF 		bl	HAL_NVIC_SetPriority
 186              	.LVL10:
 248:PY32F0xx_HAL_Driver/Src/py32f0xx_hal.c ****       }
 187              		.loc 1 248 9 view .LVU35
 248:PY32F0xx_HAL_Driver/Src/py32f0xx_hal.c ****       }
 188              		.loc 1 248 20 is_stmt 0 view .LVU36
 189 003e 054B     		ldr	r3, .L13+8
 190 0040 1C60     		str	r4, [r3]
 237:PY32F0xx_HAL_Driver/Src/py32f0xx_hal.c **** 
 191              		.loc 1 237 22 view .LVU37
 192 0042 0020     		movs	r0, #0
 193 0044 E3E7     		b	.L7
 194              	.L9:
 257:PY32F0xx_HAL_Driver/Src/py32f0xx_hal.c ****     }
 195              		.loc 1 257 14 view .LVU38
 196 0046 0120     		movs	r0, #1
 197 0048 E1E7     		b	.L7
 198              	.L14:
 199 004a C046     		.align	2
 200              	.L13:
 201 004c 00000000 		.word	uwTickFreq
 202 0050 00000000 		.word	SystemCoreClock
 203 0054 00000000 		.word	uwTickPrio
 204              		.cfi_endproc
 205              	.LFE59:
 207              		.section	.text.HAL_Init,"ax",%progbits
 208              		.align	1
 209              		.global	HAL_Init
 210              		.syntax unified
 211              		.code	16
 212              		.thumb_func
 214              	HAL_Init:
 215              	.LFB55:
 147:PY32F0xx_HAL_Driver/Src/py32f0xx_hal.c ****   HAL_StatusTypeDef  status = HAL_OK;
 216              		.loc 1 147 1 is_stmt 1 view -0
 217              		.cfi_startproc
 218              		@ args = 0, pretend = 0, frame = 0
 219              		@ frame_needed = 0, uses_anonymous_args = 0
 220 0000 10B5     		push	{r4, lr}
 221              	.LCFI2:
 222              		.cfi_def_cfa_offset 8
 223              		.cfi_offset 4, -8
 224              		.cfi_offset 14, -4
 148:PY32F0xx_HAL_Driver/Src/py32f0xx_hal.c **** 
 225              		.loc 1 148 3 view .LVU40
 226              	.LVL11:
 156:PY32F0xx_HAL_Driver/Src/py32f0xx_hal.c ****   {
 227              		.loc 1 156 3 view .LVU41
ARM GAS  /tmp/cc7OGAfB.s 			page 10


 156:PY32F0xx_HAL_Driver/Src/py32f0xx_hal.c ****   {
 228              		.loc 1 156 7 is_stmt 0 view .LVU42
 229 0002 0320     		movs	r0, #3
 230 0004 FFF7FEFF 		bl	HAL_InitTick
 231              	.LVL12:
 232 0008 041E     		subs	r4, r0, #0
 156:PY32F0xx_HAL_Driver/Src/py32f0xx_hal.c ****   {
 233              		.loc 1 156 6 discriminator 1 view .LVU43
 234 000a 02D0     		beq	.L18
 158:PY32F0xx_HAL_Driver/Src/py32f0xx_hal.c ****   }
 235              		.loc 1 158 12 view .LVU44
 236 000c 0124     		movs	r4, #1
 237              	.L16:
 238              	.LVL13:
 167:PY32F0xx_HAL_Driver/Src/py32f0xx_hal.c **** }
 239              		.loc 1 167 3 is_stmt 1 view .LVU45
 168:PY32F0xx_HAL_Driver/Src/py32f0xx_hal.c **** 
 240              		.loc 1 168 1 is_stmt 0 view .LVU46
 241 000e 2000     		movs	r0, r4
 242              		@ sp needed
 243              	.LVL14:
 168:PY32F0xx_HAL_Driver/Src/py32f0xx_hal.c **** 
 244              		.loc 1 168 1 view .LVU47
 245 0010 10BD     		pop	{r4, pc}
 246              	.LVL15:
 247              	.L18:
 163:PY32F0xx_HAL_Driver/Src/py32f0xx_hal.c ****   }
 248              		.loc 1 163 5 is_stmt 1 view .LVU48
 249 0012 FFF7FEFF 		bl	HAL_MspInit
 250              	.LVL16:
 251 0016 FAE7     		b	.L16
 252              		.cfi_endproc
 253              	.LFE55:
 255              		.section	.text.HAL_IncTick,"ax",%progbits
 256              		.align	1
 257              		.weak	HAL_IncTick
 258              		.syntax unified
 259              		.code	16
 260              		.thumb_func
 262              	HAL_IncTick:
 263              	.LFB60:
 268:PY32F0xx_HAL_Driver/Src/py32f0xx_hal.c **** 
 269:PY32F0xx_HAL_Driver/Src/py32f0xx_hal.c **** /**
 270:PY32F0xx_HAL_Driver/Src/py32f0xx_hal.c ****   * @}
 271:PY32F0xx_HAL_Driver/Src/py32f0xx_hal.c ****   */
 272:PY32F0xx_HAL_Driver/Src/py32f0xx_hal.c **** 
 273:PY32F0xx_HAL_Driver/Src/py32f0xx_hal.c **** /** @addtogroup HAL_Exported_Functions_Group2
 274:PY32F0xx_HAL_Driver/Src/py32f0xx_hal.c ****  *  @brief    HAL Control functions
 275:PY32F0xx_HAL_Driver/Src/py32f0xx_hal.c ****  *
 276:PY32F0xx_HAL_Driver/Src/py32f0xx_hal.c **** @verbatim
 277:PY32F0xx_HAL_Driver/Src/py32f0xx_hal.c ****  ===============================================================================
 278:PY32F0xx_HAL_Driver/Src/py32f0xx_hal.c ****                       ##### HAL Control functions #####
 279:PY32F0xx_HAL_Driver/Src/py32f0xx_hal.c ****  ===============================================================================
 280:PY32F0xx_HAL_Driver/Src/py32f0xx_hal.c ****     [..]  This section provides functions allowing to:
 281:PY32F0xx_HAL_Driver/Src/py32f0xx_hal.c ****       (+) Provide a tick value in millisecond
 282:PY32F0xx_HAL_Driver/Src/py32f0xx_hal.c ****       (+) Provide a blocking delay in millisecond
 283:PY32F0xx_HAL_Driver/Src/py32f0xx_hal.c ****       (+) Suspend the time base source interrupt
ARM GAS  /tmp/cc7OGAfB.s 			page 11


 284:PY32F0xx_HAL_Driver/Src/py32f0xx_hal.c ****       (+) Resume the time base source interrupt
 285:PY32F0xx_HAL_Driver/Src/py32f0xx_hal.c ****       (+) Get the HAL API driver version
 286:PY32F0xx_HAL_Driver/Src/py32f0xx_hal.c ****       (+) Get the device identifier
 287:PY32F0xx_HAL_Driver/Src/py32f0xx_hal.c ****       (+) Get the device revision identifier
 288:PY32F0xx_HAL_Driver/Src/py32f0xx_hal.c **** 
 289:PY32F0xx_HAL_Driver/Src/py32f0xx_hal.c **** @endverbatim
 290:PY32F0xx_HAL_Driver/Src/py32f0xx_hal.c ****   * @{
 291:PY32F0xx_HAL_Driver/Src/py32f0xx_hal.c ****   */
 292:PY32F0xx_HAL_Driver/Src/py32f0xx_hal.c **** 
 293:PY32F0xx_HAL_Driver/Src/py32f0xx_hal.c **** /**
 294:PY32F0xx_HAL_Driver/Src/py32f0xx_hal.c ****   * @brief This function is called to increment  a global variable "uwTick"
 295:PY32F0xx_HAL_Driver/Src/py32f0xx_hal.c ****   *        used as application time base.
 296:PY32F0xx_HAL_Driver/Src/py32f0xx_hal.c ****   * @note In the default implementation, this variable is incremented each 1ms
 297:PY32F0xx_HAL_Driver/Src/py32f0xx_hal.c ****   *       in SysTick ISR.
 298:PY32F0xx_HAL_Driver/Src/py32f0xx_hal.c ****   * @note This function is declared as __weak to be overwritten in case of other
 299:PY32F0xx_HAL_Driver/Src/py32f0xx_hal.c ****   *      implementations in user file.
 300:PY32F0xx_HAL_Driver/Src/py32f0xx_hal.c ****   * @retval None
 301:PY32F0xx_HAL_Driver/Src/py32f0xx_hal.c ****   */
 302:PY32F0xx_HAL_Driver/Src/py32f0xx_hal.c **** __weak void HAL_IncTick(void)
 303:PY32F0xx_HAL_Driver/Src/py32f0xx_hal.c **** {
 264              		.loc 1 303 1 view -0
 265              		.cfi_startproc
 266              		@ args = 0, pretend = 0, frame = 0
 267              		@ frame_needed = 0, uses_anonymous_args = 0
 268              		@ link register save eliminated.
 304:PY32F0xx_HAL_Driver/Src/py32f0xx_hal.c ****   uwTick += uwTickFreq;
 269              		.loc 1 304 3 view .LVU50
 270              		.loc 1 304 10 is_stmt 0 view .LVU51
 271 0000 034A     		ldr	r2, .L20
 272 0002 1368     		ldr	r3, [r2]
 273 0004 0349     		ldr	r1, .L20+4
 274 0006 0968     		ldr	r1, [r1]
 275 0008 5B18     		adds	r3, r3, r1
 276 000a 1360     		str	r3, [r2]
 305:PY32F0xx_HAL_Driver/Src/py32f0xx_hal.c **** }
 277              		.loc 1 305 1 view .LVU52
 278              		@ sp needed
 279 000c 7047     		bx	lr
 280              	.L21:
 281 000e C046     		.align	2
 282              	.L20:
 283 0010 00000000 		.word	uwTick
 284 0014 00000000 		.word	uwTickFreq
 285              		.cfi_endproc
 286              	.LFE60:
 288              		.section	.text.HAL_GetTick,"ax",%progbits
 289              		.align	1
 290              		.weak	HAL_GetTick
 291              		.syntax unified
 292              		.code	16
 293              		.thumb_func
 295              	HAL_GetTick:
 296              	.LFB61:
 306:PY32F0xx_HAL_Driver/Src/py32f0xx_hal.c **** 
 307:PY32F0xx_HAL_Driver/Src/py32f0xx_hal.c **** /**
 308:PY32F0xx_HAL_Driver/Src/py32f0xx_hal.c ****   * @brief Provides a tick value in millisecond.
 309:PY32F0xx_HAL_Driver/Src/py32f0xx_hal.c ****   * @note This function is declared as __weak to be overwritten in case of other
ARM GAS  /tmp/cc7OGAfB.s 			page 12


 310:PY32F0xx_HAL_Driver/Src/py32f0xx_hal.c ****   *       implementations in user file.
 311:PY32F0xx_HAL_Driver/Src/py32f0xx_hal.c ****   * @retval tick value
 312:PY32F0xx_HAL_Driver/Src/py32f0xx_hal.c ****   */
 313:PY32F0xx_HAL_Driver/Src/py32f0xx_hal.c **** __weak uint32_t HAL_GetTick(void)
 314:PY32F0xx_HAL_Driver/Src/py32f0xx_hal.c **** {
 297              		.loc 1 314 1 is_stmt 1 view -0
 298              		.cfi_startproc
 299              		@ args = 0, pretend = 0, frame = 0
 300              		@ frame_needed = 0, uses_anonymous_args = 0
 301              		@ link register save eliminated.
 315:PY32F0xx_HAL_Driver/Src/py32f0xx_hal.c ****   return uwTick;
 302              		.loc 1 315 3 view .LVU54
 303              		.loc 1 315 10 is_stmt 0 view .LVU55
 304 0000 014B     		ldr	r3, .L23
 305 0002 1868     		ldr	r0, [r3]
 316:PY32F0xx_HAL_Driver/Src/py32f0xx_hal.c **** }
 306              		.loc 1 316 1 view .LVU56
 307              		@ sp needed
 308 0004 7047     		bx	lr
 309              	.L24:
 310 0006 C046     		.align	2
 311              	.L23:
 312 0008 00000000 		.word	uwTick
 313              		.cfi_endproc
 314              	.LFE61:
 316              		.section	.text.HAL_GetTickPrio,"ax",%progbits
 317              		.align	1
 318              		.global	HAL_GetTickPrio
 319              		.syntax unified
 320              		.code	16
 321              		.thumb_func
 323              	HAL_GetTickPrio:
 324              	.LFB62:
 317:PY32F0xx_HAL_Driver/Src/py32f0xx_hal.c **** 
 318:PY32F0xx_HAL_Driver/Src/py32f0xx_hal.c **** /**
 319:PY32F0xx_HAL_Driver/Src/py32f0xx_hal.c ****   * @brief This function returns a tick priority.
 320:PY32F0xx_HAL_Driver/Src/py32f0xx_hal.c ****   * @retval tick priority
 321:PY32F0xx_HAL_Driver/Src/py32f0xx_hal.c ****   */
 322:PY32F0xx_HAL_Driver/Src/py32f0xx_hal.c **** uint32_t HAL_GetTickPrio(void)
 323:PY32F0xx_HAL_Driver/Src/py32f0xx_hal.c **** {
 325              		.loc 1 323 1 is_stmt 1 view -0
 326              		.cfi_startproc
 327              		@ args = 0, pretend = 0, frame = 0
 328              		@ frame_needed = 0, uses_anonymous_args = 0
 329              		@ link register save eliminated.
 324:PY32F0xx_HAL_Driver/Src/py32f0xx_hal.c ****   return uwTickPrio;
 330              		.loc 1 324 3 view .LVU58
 331              		.loc 1 324 10 is_stmt 0 view .LVU59
 332 0000 014B     		ldr	r3, .L26
 333              		.loc 1 324 10 discriminator 1 view .LVU60
 334 0002 1868     		ldr	r0, [r3]
 325:PY32F0xx_HAL_Driver/Src/py32f0xx_hal.c **** }
 335              		.loc 1 325 1 view .LVU61
 336              		@ sp needed
 337 0004 7047     		bx	lr
 338              	.L27:
 339 0006 C046     		.align	2
ARM GAS  /tmp/cc7OGAfB.s 			page 13


 340              	.L26:
 341 0008 00000000 		.word	uwTickPrio
 342              		.cfi_endproc
 343              	.LFE62:
 345              		.section	.text.HAL_SetTickFreq,"ax",%progbits
 346              		.align	1
 347              		.global	HAL_SetTickFreq
 348              		.syntax unified
 349              		.code	16
 350              		.thumb_func
 352              	HAL_SetTickFreq:
 353              	.LVL17:
 354              	.LFB63:
 326:PY32F0xx_HAL_Driver/Src/py32f0xx_hal.c **** 
 327:PY32F0xx_HAL_Driver/Src/py32f0xx_hal.c **** /**
 328:PY32F0xx_HAL_Driver/Src/py32f0xx_hal.c ****   * @brief Set new tick Freq.
 329:PY32F0xx_HAL_Driver/Src/py32f0xx_hal.c ****   * @retval status
 330:PY32F0xx_HAL_Driver/Src/py32f0xx_hal.c ****   */
 331:PY32F0xx_HAL_Driver/Src/py32f0xx_hal.c **** HAL_StatusTypeDef HAL_SetTickFreq(uint32_t Freq)
 332:PY32F0xx_HAL_Driver/Src/py32f0xx_hal.c **** {
 355              		.loc 1 332 1 is_stmt 1 view -0
 356              		.cfi_startproc
 357              		@ args = 0, pretend = 0, frame = 0
 358              		@ frame_needed = 0, uses_anonymous_args = 0
 359              		.loc 1 332 1 is_stmt 0 view .LVU63
 360 0000 10B5     		push	{r4, lr}
 361              	.LCFI3:
 362              		.cfi_def_cfa_offset 8
 363              		.cfi_offset 4, -8
 364              		.cfi_offset 14, -4
 365 0002 0400     		movs	r4, r0
 333:PY32F0xx_HAL_Driver/Src/py32f0xx_hal.c ****   HAL_StatusTypeDef status  = HAL_OK;
 366              		.loc 1 333 3 is_stmt 1 view .LVU64
 367              	.LVL18:
 334:PY32F0xx_HAL_Driver/Src/py32f0xx_hal.c ****   assert_param(IS_TICKFREQ(Freq));
 368              		.loc 1 334 3 view .LVU65
 335:PY32F0xx_HAL_Driver/Src/py32f0xx_hal.c **** 
 336:PY32F0xx_HAL_Driver/Src/py32f0xx_hal.c ****   if (uwTickFreq != Freq)
 369              		.loc 1 336 3 view .LVU66
 370              		.loc 1 336 18 is_stmt 0 view .LVU67
 371 0004 074B     		ldr	r3, .L32
 372 0006 1B68     		ldr	r3, [r3]
 373              		.loc 1 336 6 view .LVU68
 374 0008 8342     		cmp	r3, r0
 375 000a 01D1     		bne	.L31
 333:PY32F0xx_HAL_Driver/Src/py32f0xx_hal.c ****   assert_param(IS_TICKFREQ(Freq));
 376              		.loc 1 333 21 view .LVU69
 377 000c 0020     		movs	r0, #0
 378              	.LVL19:
 379              	.L29:
 337:PY32F0xx_HAL_Driver/Src/py32f0xx_hal.c ****   {
 338:PY32F0xx_HAL_Driver/Src/py32f0xx_hal.c ****     /* Apply the new tick Freq  */
 339:PY32F0xx_HAL_Driver/Src/py32f0xx_hal.c ****     status = HAL_InitTick(uwTickPrio);
 340:PY32F0xx_HAL_Driver/Src/py32f0xx_hal.c ****     if (status == HAL_OK)
 341:PY32F0xx_HAL_Driver/Src/py32f0xx_hal.c ****     {
 342:PY32F0xx_HAL_Driver/Src/py32f0xx_hal.c ****       uwTickFreq = Freq;
 343:PY32F0xx_HAL_Driver/Src/py32f0xx_hal.c ****     }
ARM GAS  /tmp/cc7OGAfB.s 			page 14


 344:PY32F0xx_HAL_Driver/Src/py32f0xx_hal.c ****   }
 345:PY32F0xx_HAL_Driver/Src/py32f0xx_hal.c **** 
 346:PY32F0xx_HAL_Driver/Src/py32f0xx_hal.c ****   return status;
 380              		.loc 1 346 3 is_stmt 1 view .LVU70
 347:PY32F0xx_HAL_Driver/Src/py32f0xx_hal.c **** }
 381              		.loc 1 347 1 is_stmt 0 view .LVU71
 382              		@ sp needed
 383              	.LVL20:
 384              		.loc 1 347 1 view .LVU72
 385 000e 10BD     		pop	{r4, pc}
 386              	.LVL21:
 387              	.L31:
 339:PY32F0xx_HAL_Driver/Src/py32f0xx_hal.c ****     if (status == HAL_OK)
 388              		.loc 1 339 5 is_stmt 1 view .LVU73
 339:PY32F0xx_HAL_Driver/Src/py32f0xx_hal.c ****     if (status == HAL_OK)
 389              		.loc 1 339 14 is_stmt 0 view .LVU74
 390 0010 054B     		ldr	r3, .L32+4
 391 0012 1868     		ldr	r0, [r3]
 392              	.LVL22:
 339:PY32F0xx_HAL_Driver/Src/py32f0xx_hal.c ****     if (status == HAL_OK)
 393              		.loc 1 339 14 view .LVU75
 394 0014 FFF7FEFF 		bl	HAL_InitTick
 395              	.LVL23:
 340:PY32F0xx_HAL_Driver/Src/py32f0xx_hal.c ****     {
 396              		.loc 1 340 5 is_stmt 1 view .LVU76
 340:PY32F0xx_HAL_Driver/Src/py32f0xx_hal.c ****     {
 397              		.loc 1 340 8 is_stmt 0 view .LVU77
 398 0018 0028     		cmp	r0, #0
 399 001a F8D1     		bne	.L29
 342:PY32F0xx_HAL_Driver/Src/py32f0xx_hal.c ****     }
 400              		.loc 1 342 7 is_stmt 1 view .LVU78
 342:PY32F0xx_HAL_Driver/Src/py32f0xx_hal.c ****     }
 401              		.loc 1 342 18 is_stmt 0 view .LVU79
 402 001c 014B     		ldr	r3, .L32
 403 001e 1C60     		str	r4, [r3]
 404 0020 F5E7     		b	.L29
 405              	.L33:
 406 0022 C046     		.align	2
 407              	.L32:
 408 0024 00000000 		.word	uwTickFreq
 409 0028 00000000 		.word	uwTickPrio
 410              		.cfi_endproc
 411              	.LFE63:
 413              		.section	.text.HAL_GetTickFreq,"ax",%progbits
 414              		.align	1
 415              		.global	HAL_GetTickFreq
 416              		.syntax unified
 417              		.code	16
 418              		.thumb_func
 420              	HAL_GetTickFreq:
 421              	.LFB64:
 348:PY32F0xx_HAL_Driver/Src/py32f0xx_hal.c **** 
 349:PY32F0xx_HAL_Driver/Src/py32f0xx_hal.c **** /**
 350:PY32F0xx_HAL_Driver/Src/py32f0xx_hal.c ****   * @brief return tick frequency.
 351:PY32F0xx_HAL_Driver/Src/py32f0xx_hal.c ****   * @retval tick period in Hz
 352:PY32F0xx_HAL_Driver/Src/py32f0xx_hal.c ****   */
 353:PY32F0xx_HAL_Driver/Src/py32f0xx_hal.c **** uint32_t HAL_GetTickFreq(void)
ARM GAS  /tmp/cc7OGAfB.s 			page 15


 354:PY32F0xx_HAL_Driver/Src/py32f0xx_hal.c **** {
 422              		.loc 1 354 1 is_stmt 1 view -0
 423              		.cfi_startproc
 424              		@ args = 0, pretend = 0, frame = 0
 425              		@ frame_needed = 0, uses_anonymous_args = 0
 426              		@ link register save eliminated.
 355:PY32F0xx_HAL_Driver/Src/py32f0xx_hal.c ****   return uwTickFreq;
 427              		.loc 1 355 3 view .LVU81
 428              		.loc 1 355 10 is_stmt 0 view .LVU82
 429 0000 014B     		ldr	r3, .L35
 430              		.loc 1 355 10 discriminator 1 view .LVU83
 431 0002 1868     		ldr	r0, [r3]
 356:PY32F0xx_HAL_Driver/Src/py32f0xx_hal.c **** }
 432              		.loc 1 356 1 view .LVU84
 433              		@ sp needed
 434 0004 7047     		bx	lr
 435              	.L36:
 436 0006 C046     		.align	2
 437              	.L35:
 438 0008 00000000 		.word	uwTickFreq
 439              		.cfi_endproc
 440              	.LFE64:
 442              		.section	.text.HAL_Delay,"ax",%progbits
 443              		.align	1
 444              		.weak	HAL_Delay
 445              		.syntax unified
 446              		.code	16
 447              		.thumb_func
 449              	HAL_Delay:
 450              	.LVL24:
 451              	.LFB65:
 357:PY32F0xx_HAL_Driver/Src/py32f0xx_hal.c **** 
 358:PY32F0xx_HAL_Driver/Src/py32f0xx_hal.c **** /**
 359:PY32F0xx_HAL_Driver/Src/py32f0xx_hal.c ****   * @brief This function provides minimum delay (in milliseconds) based
 360:PY32F0xx_HAL_Driver/Src/py32f0xx_hal.c ****   *        on variable incremented.
 361:PY32F0xx_HAL_Driver/Src/py32f0xx_hal.c ****   * @note In the default implementation , SysTick timer is the source of time base.
 362:PY32F0xx_HAL_Driver/Src/py32f0xx_hal.c ****   *       It is used to generate interrupts at regular time intervals where uwTick
 363:PY32F0xx_HAL_Driver/Src/py32f0xx_hal.c ****   *       is incremented.
 364:PY32F0xx_HAL_Driver/Src/py32f0xx_hal.c ****   * @note This function is declared as __weak to be overwritten in case of other
 365:PY32F0xx_HAL_Driver/Src/py32f0xx_hal.c ****   *       implementations in user file.
 366:PY32F0xx_HAL_Driver/Src/py32f0xx_hal.c ****   * @param Delay  specifies the delay time length, in milliseconds.
 367:PY32F0xx_HAL_Driver/Src/py32f0xx_hal.c ****   * @retval None
 368:PY32F0xx_HAL_Driver/Src/py32f0xx_hal.c ****   */
 369:PY32F0xx_HAL_Driver/Src/py32f0xx_hal.c **** __weak void HAL_Delay(uint32_t Delay)
 370:PY32F0xx_HAL_Driver/Src/py32f0xx_hal.c **** {
 452              		.loc 1 370 1 is_stmt 1 view -0
 453              		.cfi_startproc
 454              		@ args = 0, pretend = 0, frame = 0
 455              		@ frame_needed = 0, uses_anonymous_args = 0
 456              		.loc 1 370 1 is_stmt 0 view .LVU86
 457 0000 70B5     		push	{r4, r5, r6, lr}
 458              	.LCFI4:
 459              		.cfi_def_cfa_offset 16
 460              		.cfi_offset 4, -16
 461              		.cfi_offset 5, -12
 462              		.cfi_offset 6, -8
 463              		.cfi_offset 14, -4
ARM GAS  /tmp/cc7OGAfB.s 			page 16


 464 0002 0400     		movs	r4, r0
 371:PY32F0xx_HAL_Driver/Src/py32f0xx_hal.c ****   uint32_t tickstart = HAL_GetTick();
 465              		.loc 1 371 3 is_stmt 1 view .LVU87
 466              		.loc 1 371 24 is_stmt 0 view .LVU88
 467 0004 FFF7FEFF 		bl	HAL_GetTick
 468              	.LVL25:
 469              		.loc 1 371 24 view .LVU89
 470 0008 0500     		movs	r5, r0
 471              	.LVL26:
 372:PY32F0xx_HAL_Driver/Src/py32f0xx_hal.c ****   uint32_t wait = Delay;
 472              		.loc 1 372 3 is_stmt 1 view .LVU90
 373:PY32F0xx_HAL_Driver/Src/py32f0xx_hal.c **** 
 374:PY32F0xx_HAL_Driver/Src/py32f0xx_hal.c ****   /* Add a freq to guarantee minimum wait */
 375:PY32F0xx_HAL_Driver/Src/py32f0xx_hal.c ****   if (wait < HAL_MAX_DELAY)
 473              		.loc 1 375 3 view .LVU91
 474              		.loc 1 375 6 is_stmt 0 view .LVU92
 475 000a 631C     		adds	r3, r4, #1
 476 000c 02D0     		beq	.L39
 376:PY32F0xx_HAL_Driver/Src/py32f0xx_hal.c ****   {
 377:PY32F0xx_HAL_Driver/Src/py32f0xx_hal.c ****     wait += (uint32_t)(uwTickFreq);
 477              		.loc 1 377 5 is_stmt 1 view .LVU93
 478              		.loc 1 377 13 is_stmt 0 view .LVU94
 479 000e 044B     		ldr	r3, .L41
 480 0010 1B68     		ldr	r3, [r3]
 481              		.loc 1 377 10 view .LVU95
 482 0012 E418     		adds	r4, r4, r3
 483              	.LVL27:
 484              	.L39:
 378:PY32F0xx_HAL_Driver/Src/py32f0xx_hal.c ****   }
 379:PY32F0xx_HAL_Driver/Src/py32f0xx_hal.c **** 
 380:PY32F0xx_HAL_Driver/Src/py32f0xx_hal.c ****   while ((HAL_GetTick() - tickstart) < wait)
 381:PY32F0xx_HAL_Driver/Src/py32f0xx_hal.c ****   {
 382:PY32F0xx_HAL_Driver/Src/py32f0xx_hal.c ****   }
 485              		.loc 1 382 3 is_stmt 1 view .LVU96
 380:PY32F0xx_HAL_Driver/Src/py32f0xx_hal.c ****   {
 486              		.loc 1 380 38 discriminator 1 view .LVU97
 380:PY32F0xx_HAL_Driver/Src/py32f0xx_hal.c ****   {
 487              		.loc 1 380 11 is_stmt 0 discriminator 1 view .LVU98
 488 0014 FFF7FEFF 		bl	HAL_GetTick
 489              	.LVL28:
 380:PY32F0xx_HAL_Driver/Src/py32f0xx_hal.c ****   {
 490              		.loc 1 380 25 discriminator 1 view .LVU99
 491 0018 401B     		subs	r0, r0, r5
 380:PY32F0xx_HAL_Driver/Src/py32f0xx_hal.c ****   {
 492              		.loc 1 380 38 discriminator 1 view .LVU100
 493 001a A042     		cmp	r0, r4
 494 001c FAD3     		bcc	.L39
 383:PY32F0xx_HAL_Driver/Src/py32f0xx_hal.c **** }
 495              		.loc 1 383 1 view .LVU101
 496              		@ sp needed
 497              	.LVL29:
 498              	.LVL30:
 499              		.loc 1 383 1 view .LVU102
 500 001e 70BD     		pop	{r4, r5, r6, pc}
 501              	.L42:
 502              		.align	2
 503              	.L41:
ARM GAS  /tmp/cc7OGAfB.s 			page 17


 504 0020 00000000 		.word	uwTickFreq
 505              		.cfi_endproc
 506              	.LFE65:
 508              		.section	.text.HAL_SuspendTick,"ax",%progbits
 509              		.align	1
 510              		.weak	HAL_SuspendTick
 511              		.syntax unified
 512              		.code	16
 513              		.thumb_func
 515              	HAL_SuspendTick:
 516              	.LFB66:
 384:PY32F0xx_HAL_Driver/Src/py32f0xx_hal.c **** 
 385:PY32F0xx_HAL_Driver/Src/py32f0xx_hal.c **** /**
 386:PY32F0xx_HAL_Driver/Src/py32f0xx_hal.c ****   * @brief Suspend Tick increment.
 387:PY32F0xx_HAL_Driver/Src/py32f0xx_hal.c ****   * @note In the default implementation , SysTick timer is the source of time base. It is
 388:PY32F0xx_HAL_Driver/Src/py32f0xx_hal.c ****   *       used to generate interrupts at regular time intervals. Once HAL_SuspendTick()
 389:PY32F0xx_HAL_Driver/Src/py32f0xx_hal.c ****   *       is called, the SysTick interrupt will be disabled and so Tick increment
 390:PY32F0xx_HAL_Driver/Src/py32f0xx_hal.c ****   *       is suspended.
 391:PY32F0xx_HAL_Driver/Src/py32f0xx_hal.c ****   * @note This function is declared as __weak to be overwritten in case of other
 392:PY32F0xx_HAL_Driver/Src/py32f0xx_hal.c ****   *       implementations in user file.
 393:PY32F0xx_HAL_Driver/Src/py32f0xx_hal.c ****   * @retval None
 394:PY32F0xx_HAL_Driver/Src/py32f0xx_hal.c ****   */
 395:PY32F0xx_HAL_Driver/Src/py32f0xx_hal.c **** __weak void HAL_SuspendTick(void)
 396:PY32F0xx_HAL_Driver/Src/py32f0xx_hal.c **** {
 517              		.loc 1 396 1 is_stmt 1 view -0
 518              		.cfi_startproc
 519              		@ args = 0, pretend = 0, frame = 0
 520              		@ frame_needed = 0, uses_anonymous_args = 0
 521              		@ link register save eliminated.
 397:PY32F0xx_HAL_Driver/Src/py32f0xx_hal.c ****   /* Disable SysTick Interrupt */
 398:PY32F0xx_HAL_Driver/Src/py32f0xx_hal.c ****   CLEAR_BIT(SysTick->CTRL,SysTick_CTRL_TICKINT_Msk);
 522              		.loc 1 398 3 view .LVU104
 523 0000 024A     		ldr	r2, .L44
 524 0002 1368     		ldr	r3, [r2]
 525 0004 0221     		movs	r1, #2
 526 0006 8B43     		bics	r3, r1
 527 0008 1360     		str	r3, [r2]
 399:PY32F0xx_HAL_Driver/Src/py32f0xx_hal.c **** }
 528              		.loc 1 399 1 is_stmt 0 view .LVU105
 529              		@ sp needed
 530 000a 7047     		bx	lr
 531              	.L45:
 532              		.align	2
 533              	.L44:
 534 000c 10E000E0 		.word	-536813552
 535              		.cfi_endproc
 536              	.LFE66:
 538              		.section	.text.HAL_ResumeTick,"ax",%progbits
 539              		.align	1
 540              		.weak	HAL_ResumeTick
 541              		.syntax unified
 542              		.code	16
 543              		.thumb_func
 545              	HAL_ResumeTick:
 546              	.LFB67:
 400:PY32F0xx_HAL_Driver/Src/py32f0xx_hal.c **** 
 401:PY32F0xx_HAL_Driver/Src/py32f0xx_hal.c **** /**
ARM GAS  /tmp/cc7OGAfB.s 			page 18


 402:PY32F0xx_HAL_Driver/Src/py32f0xx_hal.c ****   * @brief Resume Tick increment.
 403:PY32F0xx_HAL_Driver/Src/py32f0xx_hal.c ****   * @note In the default implementation , SysTick timer is the source of time base. It is
 404:PY32F0xx_HAL_Driver/Src/py32f0xx_hal.c ****   *       used to generate interrupts at regular time intervals. Once HAL_ResumeTick()
 405:PY32F0xx_HAL_Driver/Src/py32f0xx_hal.c ****   *       is called, the SysTick interrupt will be enabled and so Tick increment
 406:PY32F0xx_HAL_Driver/Src/py32f0xx_hal.c ****   *       is resumed.
 407:PY32F0xx_HAL_Driver/Src/py32f0xx_hal.c ****   * @note This function is declared as __weak to be overwritten in case of other
 408:PY32F0xx_HAL_Driver/Src/py32f0xx_hal.c ****   *       implementations in user file.
 409:PY32F0xx_HAL_Driver/Src/py32f0xx_hal.c ****   * @retval None
 410:PY32F0xx_HAL_Driver/Src/py32f0xx_hal.c ****   */
 411:PY32F0xx_HAL_Driver/Src/py32f0xx_hal.c **** __weak void HAL_ResumeTick(void)
 412:PY32F0xx_HAL_Driver/Src/py32f0xx_hal.c **** {
 547              		.loc 1 412 1 is_stmt 1 view -0
 548              		.cfi_startproc
 549              		@ args = 0, pretend = 0, frame = 0
 550              		@ frame_needed = 0, uses_anonymous_args = 0
 551              		@ link register save eliminated.
 413:PY32F0xx_HAL_Driver/Src/py32f0xx_hal.c ****   /* Enable SysTick Interrupt */
 414:PY32F0xx_HAL_Driver/Src/py32f0xx_hal.c ****   SET_BIT(SysTick->CTRL, SysTick_CTRL_TICKINT_Msk);
 552              		.loc 1 414 3 view .LVU107
 553 0000 024A     		ldr	r2, .L47
 554 0002 1368     		ldr	r3, [r2]
 555 0004 0221     		movs	r1, #2
 556 0006 0B43     		orrs	r3, r1
 557 0008 1360     		str	r3, [r2]
 415:PY32F0xx_HAL_Driver/Src/py32f0xx_hal.c **** }
 558              		.loc 1 415 1 is_stmt 0 view .LVU108
 559              		@ sp needed
 560 000a 7047     		bx	lr
 561              	.L48:
 562              		.align	2
 563              	.L47:
 564 000c 10E000E0 		.word	-536813552
 565              		.cfi_endproc
 566              	.LFE67:
 568              		.section	.text.HAL_GetHalVersion,"ax",%progbits
 569              		.align	1
 570              		.global	HAL_GetHalVersion
 571              		.syntax unified
 572              		.code	16
 573              		.thumb_func
 575              	HAL_GetHalVersion:
 576              	.LFB68:
 416:PY32F0xx_HAL_Driver/Src/py32f0xx_hal.c **** 
 417:PY32F0xx_HAL_Driver/Src/py32f0xx_hal.c **** /**
 418:PY32F0xx_HAL_Driver/Src/py32f0xx_hal.c ****   * @brief  Returns the HAL revision
 419:PY32F0xx_HAL_Driver/Src/py32f0xx_hal.c ****   * @retval version : 0xXYZR (8bits for each decimal, R for RC)
 420:PY32F0xx_HAL_Driver/Src/py32f0xx_hal.c ****   */
 421:PY32F0xx_HAL_Driver/Src/py32f0xx_hal.c **** uint32_t HAL_GetHalVersion(void)
 422:PY32F0xx_HAL_Driver/Src/py32f0xx_hal.c **** {
 577              		.loc 1 422 1 is_stmt 1 view -0
 578              		.cfi_startproc
 579              		@ args = 0, pretend = 0, frame = 0
 580              		@ frame_needed = 0, uses_anonymous_args = 0
 581              		@ link register save eliminated.
 423:PY32F0xx_HAL_Driver/Src/py32f0xx_hal.c ****   return __PY32F0xx_HAL_VERSION;
 582              		.loc 1 423 3 view .LVU110
 424:PY32F0xx_HAL_Driver/Src/py32f0xx_hal.c **** }
ARM GAS  /tmp/cc7OGAfB.s 			page 19


 583              		.loc 1 424 1 is_stmt 0 view .LVU111
 584 0000 0048     		ldr	r0, .L50
 585              		@ sp needed
 586 0002 7047     		bx	lr
 587              	.L51:
 588              		.align	2
 589              	.L50:
 590 0004 00000301 		.word	16973824
 591              		.cfi_endproc
 592              	.LFE68:
 594              		.section	.text.HAL_GetREVID,"ax",%progbits
 595              		.align	1
 596              		.global	HAL_GetREVID
 597              		.syntax unified
 598              		.code	16
 599              		.thumb_func
 601              	HAL_GetREVID:
 602              	.LFB69:
 425:PY32F0xx_HAL_Driver/Src/py32f0xx_hal.c **** 
 426:PY32F0xx_HAL_Driver/Src/py32f0xx_hal.c **** /**
 427:PY32F0xx_HAL_Driver/Src/py32f0xx_hal.c ****   * @brief  Returns the device revision identifier.
 428:PY32F0xx_HAL_Driver/Src/py32f0xx_hal.c ****   * @retval Device revision identifier
 429:PY32F0xx_HAL_Driver/Src/py32f0xx_hal.c ****   */
 430:PY32F0xx_HAL_Driver/Src/py32f0xx_hal.c **** uint32_t HAL_GetREVID(void)
 431:PY32F0xx_HAL_Driver/Src/py32f0xx_hal.c **** {
 603              		.loc 1 431 1 is_stmt 1 view -0
 604              		.cfi_startproc
 605              		@ args = 0, pretend = 0, frame = 0
 606              		@ frame_needed = 0, uses_anonymous_args = 0
 607              		@ link register save eliminated.
 432:PY32F0xx_HAL_Driver/Src/py32f0xx_hal.c ****   return ((DBGMCU->IDCODE & DBGMCU_IDCODE_REV_ID) >> 16U);
 608              		.loc 1 432 3 view .LVU113
 609              		.loc 1 432 18 is_stmt 0 view .LVU114
 610 0000 014B     		ldr	r3, .L53
 611 0002 1868     		ldr	r0, [r3]
 612              		.loc 1 432 51 view .LVU115
 613 0004 000C     		lsrs	r0, r0, #16
 433:PY32F0xx_HAL_Driver/Src/py32f0xx_hal.c **** }
 614              		.loc 1 433 1 view .LVU116
 615              		@ sp needed
 616 0006 7047     		bx	lr
 617              	.L54:
 618              		.align	2
 619              	.L53:
 620 0008 00580140 		.word	1073829888
 621              		.cfi_endproc
 622              	.LFE69:
 624              		.section	.text.HAL_GetDEVID,"ax",%progbits
 625              		.align	1
 626              		.global	HAL_GetDEVID
 627              		.syntax unified
 628              		.code	16
 629              		.thumb_func
 631              	HAL_GetDEVID:
 632              	.LFB70:
 434:PY32F0xx_HAL_Driver/Src/py32f0xx_hal.c **** 
 435:PY32F0xx_HAL_Driver/Src/py32f0xx_hal.c **** /**
ARM GAS  /tmp/cc7OGAfB.s 			page 20


 436:PY32F0xx_HAL_Driver/Src/py32f0xx_hal.c ****   * @brief  Returns the device identifier.
 437:PY32F0xx_HAL_Driver/Src/py32f0xx_hal.c ****   * @retval Device identifier
 438:PY32F0xx_HAL_Driver/Src/py32f0xx_hal.c ****   */
 439:PY32F0xx_HAL_Driver/Src/py32f0xx_hal.c **** uint32_t HAL_GetDEVID(void)
 440:PY32F0xx_HAL_Driver/Src/py32f0xx_hal.c **** {
 633              		.loc 1 440 1 is_stmt 1 view -0
 634              		.cfi_startproc
 635              		@ args = 0, pretend = 0, frame = 0
 636              		@ frame_needed = 0, uses_anonymous_args = 0
 637              		@ link register save eliminated.
 441:PY32F0xx_HAL_Driver/Src/py32f0xx_hal.c ****   return ((DBGMCU->IDCODE) & DBGMCU_IDCODE_DEV_ID);
 638              		.loc 1 441 3 view .LVU118
 639              		.loc 1 441 18 is_stmt 0 view .LVU119
 640 0000 024B     		ldr	r3, .L56
 641 0002 1868     		ldr	r0, [r3]
 642              		.loc 1 441 28 view .LVU120
 643 0004 0005     		lsls	r0, r0, #20
 644 0006 000D     		lsrs	r0, r0, #20
 442:PY32F0xx_HAL_Driver/Src/py32f0xx_hal.c **** }
 645              		.loc 1 442 1 view .LVU121
 646              		@ sp needed
 647 0008 7047     		bx	lr
 648              	.L57:
 649 000a C046     		.align	2
 650              	.L56:
 651 000c 00580140 		.word	1073829888
 652              		.cfi_endproc
 653              	.LFE70:
 655              		.section	.text.HAL_GetUIDw0,"ax",%progbits
 656              		.align	1
 657              		.global	HAL_GetUIDw0
 658              		.syntax unified
 659              		.code	16
 660              		.thumb_func
 662              	HAL_GetUIDw0:
 663              	.LFB71:
 443:PY32F0xx_HAL_Driver/Src/py32f0xx_hal.c **** 
 444:PY32F0xx_HAL_Driver/Src/py32f0xx_hal.c **** /**
 445:PY32F0xx_HAL_Driver/Src/py32f0xx_hal.c ****   * @brief  Returns first word of the unique device identifier (UID based on 96 bits)
 446:PY32F0xx_HAL_Driver/Src/py32f0xx_hal.c ****   * @retval Device identifier
 447:PY32F0xx_HAL_Driver/Src/py32f0xx_hal.c ****   */
 448:PY32F0xx_HAL_Driver/Src/py32f0xx_hal.c **** uint32_t HAL_GetUIDw0(void)
 449:PY32F0xx_HAL_Driver/Src/py32f0xx_hal.c **** {
 664              		.loc 1 449 1 is_stmt 1 view -0
 665              		.cfi_startproc
 666              		@ args = 0, pretend = 0, frame = 0
 667              		@ frame_needed = 0, uses_anonymous_args = 0
 668              		@ link register save eliminated.
 450:PY32F0xx_HAL_Driver/Src/py32f0xx_hal.c ****   return (READ_REG(*((uint32_t *)UID_BASE)));
 669              		.loc 1 450 3 view .LVU123
 670              		.loc 1 450 11 is_stmt 0 view .LVU124
 671 0000 014B     		ldr	r3, .L59
 672              		.loc 1 450 11 discriminator 1 view .LVU125
 673 0002 1868     		ldr	r0, [r3]
 451:PY32F0xx_HAL_Driver/Src/py32f0xx_hal.c **** }
 674              		.loc 1 451 1 view .LVU126
 675              		@ sp needed
ARM GAS  /tmp/cc7OGAfB.s 			page 21


 676 0004 7047     		bx	lr
 677              	.L60:
 678 0006 C046     		.align	2
 679              	.L59:
 680 0008 000EFF1F 		.word	536808960
 681              		.cfi_endproc
 682              	.LFE71:
 684              		.section	.text.HAL_GetUIDw1,"ax",%progbits
 685              		.align	1
 686              		.global	HAL_GetUIDw1
 687              		.syntax unified
 688              		.code	16
 689              		.thumb_func
 691              	HAL_GetUIDw1:
 692              	.LFB72:
 452:PY32F0xx_HAL_Driver/Src/py32f0xx_hal.c **** 
 453:PY32F0xx_HAL_Driver/Src/py32f0xx_hal.c **** /**
 454:PY32F0xx_HAL_Driver/Src/py32f0xx_hal.c ****   * @brief  Returns second word of the unique device identifier (UID based on 96 bits)
 455:PY32F0xx_HAL_Driver/Src/py32f0xx_hal.c ****   * @retval Device identifier
 456:PY32F0xx_HAL_Driver/Src/py32f0xx_hal.c ****   */
 457:PY32F0xx_HAL_Driver/Src/py32f0xx_hal.c **** uint32_t HAL_GetUIDw1(void)
 458:PY32F0xx_HAL_Driver/Src/py32f0xx_hal.c **** {
 693              		.loc 1 458 1 is_stmt 1 view -0
 694              		.cfi_startproc
 695              		@ args = 0, pretend = 0, frame = 0
 696              		@ frame_needed = 0, uses_anonymous_args = 0
 697              		@ link register save eliminated.
 459:PY32F0xx_HAL_Driver/Src/py32f0xx_hal.c ****   return (READ_REG(*((uint32_t *)(UID_BASE + 4U))));
 698              		.loc 1 459 3 view .LVU128
 699              		.loc 1 459 11 is_stmt 0 view .LVU129
 700 0000 014B     		ldr	r3, .L62
 701              		.loc 1 459 11 discriminator 1 view .LVU130
 702 0002 1868     		ldr	r0, [r3]
 460:PY32F0xx_HAL_Driver/Src/py32f0xx_hal.c **** }
 703              		.loc 1 460 1 view .LVU131
 704              		@ sp needed
 705 0004 7047     		bx	lr
 706              	.L63:
 707 0006 C046     		.align	2
 708              	.L62:
 709 0008 040EFF1F 		.word	536808964
 710              		.cfi_endproc
 711              	.LFE72:
 713              		.section	.text.HAL_GetUIDw2,"ax",%progbits
 714              		.align	1
 715              		.global	HAL_GetUIDw2
 716              		.syntax unified
 717              		.code	16
 718              		.thumb_func
 720              	HAL_GetUIDw2:
 721              	.LFB73:
 461:PY32F0xx_HAL_Driver/Src/py32f0xx_hal.c **** 
 462:PY32F0xx_HAL_Driver/Src/py32f0xx_hal.c **** /**
 463:PY32F0xx_HAL_Driver/Src/py32f0xx_hal.c ****   * @brief  Returns third word of the unique device identifier (UID based on 96 bits)
 464:PY32F0xx_HAL_Driver/Src/py32f0xx_hal.c ****   * @retval Device identifier
 465:PY32F0xx_HAL_Driver/Src/py32f0xx_hal.c ****   */
 466:PY32F0xx_HAL_Driver/Src/py32f0xx_hal.c **** uint32_t HAL_GetUIDw2(void)
ARM GAS  /tmp/cc7OGAfB.s 			page 22


 467:PY32F0xx_HAL_Driver/Src/py32f0xx_hal.c **** {
 722              		.loc 1 467 1 is_stmt 1 view -0
 723              		.cfi_startproc
 724              		@ args = 0, pretend = 0, frame = 0
 725              		@ frame_needed = 0, uses_anonymous_args = 0
 726              		@ link register save eliminated.
 468:PY32F0xx_HAL_Driver/Src/py32f0xx_hal.c ****   return (READ_REG(*((uint32_t *)(UID_BASE + 8U))));
 727              		.loc 1 468 3 view .LVU133
 728              		.loc 1 468 11 is_stmt 0 view .LVU134
 729 0000 014B     		ldr	r3, .L65
 730              		.loc 1 468 11 discriminator 1 view .LVU135
 731 0002 1868     		ldr	r0, [r3]
 469:PY32F0xx_HAL_Driver/Src/py32f0xx_hal.c **** }
 732              		.loc 1 469 1 view .LVU136
 733              		@ sp needed
 734 0004 7047     		bx	lr
 735              	.L66:
 736 0006 C046     		.align	2
 737              	.L65:
 738 0008 080EFF1F 		.word	536808968
 739              		.cfi_endproc
 740              	.LFE73:
 742              		.section	.text.HAL_DBGMCU_EnableDBGMCUStopMode,"ax",%progbits
 743              		.align	1
 744              		.global	HAL_DBGMCU_EnableDBGMCUStopMode
 745              		.syntax unified
 746              		.code	16
 747              		.thumb_func
 749              	HAL_DBGMCU_EnableDBGMCUStopMode:
 750              	.LFB74:
 470:PY32F0xx_HAL_Driver/Src/py32f0xx_hal.c **** 
 471:PY32F0xx_HAL_Driver/Src/py32f0xx_hal.c **** /**
 472:PY32F0xx_HAL_Driver/Src/py32f0xx_hal.c ****   * @}
 473:PY32F0xx_HAL_Driver/Src/py32f0xx_hal.c ****   */
 474:PY32F0xx_HAL_Driver/Src/py32f0xx_hal.c **** 
 475:PY32F0xx_HAL_Driver/Src/py32f0xx_hal.c **** /** @addtogroup HAL_Exported_Functions_Group3
 476:PY32F0xx_HAL_Driver/Src/py32f0xx_hal.c ****  *  @brief    HAL Debug functions
 477:PY32F0xx_HAL_Driver/Src/py32f0xx_hal.c ****  *
 478:PY32F0xx_HAL_Driver/Src/py32f0xx_hal.c **** @verbatim
 479:PY32F0xx_HAL_Driver/Src/py32f0xx_hal.c ****  ===============================================================================
 480:PY32F0xx_HAL_Driver/Src/py32f0xx_hal.c ****                       ##### HAL Debug functions #####
 481:PY32F0xx_HAL_Driver/Src/py32f0xx_hal.c ****  ===============================================================================
 482:PY32F0xx_HAL_Driver/Src/py32f0xx_hal.c ****     [..]  This section provides functions allowing to:
 483:PY32F0xx_HAL_Driver/Src/py32f0xx_hal.c ****       (+) Enable/Disable Debug module during STOP mode
 484:PY32F0xx_HAL_Driver/Src/py32f0xx_hal.c ****       (+) Enable/Disable Debug module during STANDBY mode
 485:PY32F0xx_HAL_Driver/Src/py32f0xx_hal.c **** 
 486:PY32F0xx_HAL_Driver/Src/py32f0xx_hal.c **** @endverbatim
 487:PY32F0xx_HAL_Driver/Src/py32f0xx_hal.c ****   * @{
 488:PY32F0xx_HAL_Driver/Src/py32f0xx_hal.c ****   */
 489:PY32F0xx_HAL_Driver/Src/py32f0xx_hal.c **** 
 490:PY32F0xx_HAL_Driver/Src/py32f0xx_hal.c **** /**
 491:PY32F0xx_HAL_Driver/Src/py32f0xx_hal.c ****   * @brief  Enable the Debug Module during STOP mode
 492:PY32F0xx_HAL_Driver/Src/py32f0xx_hal.c ****   * @retval None
 493:PY32F0xx_HAL_Driver/Src/py32f0xx_hal.c ****   */
 494:PY32F0xx_HAL_Driver/Src/py32f0xx_hal.c **** void HAL_DBGMCU_EnableDBGMCUStopMode(void)
 495:PY32F0xx_HAL_Driver/Src/py32f0xx_hal.c **** {
 751              		.loc 1 495 1 is_stmt 1 view -0
ARM GAS  /tmp/cc7OGAfB.s 			page 23


 752              		.cfi_startproc
 753              		@ args = 0, pretend = 0, frame = 0
 754              		@ frame_needed = 0, uses_anonymous_args = 0
 755              		@ link register save eliminated.
 496:PY32F0xx_HAL_Driver/Src/py32f0xx_hal.c ****   SET_BIT(DBGMCU->CR, DBGMCU_CR_DBG_STOP);
 756              		.loc 1 496 3 view .LVU138
 757 0000 024A     		ldr	r2, .L68
 758 0002 5368     		ldr	r3, [r2, #4]
 759 0004 0221     		movs	r1, #2
 760 0006 0B43     		orrs	r3, r1
 761 0008 5360     		str	r3, [r2, #4]
 497:PY32F0xx_HAL_Driver/Src/py32f0xx_hal.c **** }
 762              		.loc 1 497 1 is_stmt 0 view .LVU139
 763              		@ sp needed
 764 000a 7047     		bx	lr
 765              	.L69:
 766              		.align	2
 767              	.L68:
 768 000c 00580140 		.word	1073829888
 769              		.cfi_endproc
 770              	.LFE74:
 772              		.section	.text.HAL_DBGMCU_DisableDBGMCUStopMode,"ax",%progbits
 773              		.align	1
 774              		.global	HAL_DBGMCU_DisableDBGMCUStopMode
 775              		.syntax unified
 776              		.code	16
 777              		.thumb_func
 779              	HAL_DBGMCU_DisableDBGMCUStopMode:
 780              	.LFB75:
 498:PY32F0xx_HAL_Driver/Src/py32f0xx_hal.c **** 
 499:PY32F0xx_HAL_Driver/Src/py32f0xx_hal.c **** /**
 500:PY32F0xx_HAL_Driver/Src/py32f0xx_hal.c ****   * @brief  Disable the Debug Module during STOP mode
 501:PY32F0xx_HAL_Driver/Src/py32f0xx_hal.c ****   * @retval None
 502:PY32F0xx_HAL_Driver/Src/py32f0xx_hal.c ****   */
 503:PY32F0xx_HAL_Driver/Src/py32f0xx_hal.c **** void HAL_DBGMCU_DisableDBGMCUStopMode(void)
 504:PY32F0xx_HAL_Driver/Src/py32f0xx_hal.c **** {
 781              		.loc 1 504 1 is_stmt 1 view -0
 782              		.cfi_startproc
 783              		@ args = 0, pretend = 0, frame = 0
 784              		@ frame_needed = 0, uses_anonymous_args = 0
 785              		@ link register save eliminated.
 505:PY32F0xx_HAL_Driver/Src/py32f0xx_hal.c ****   CLEAR_BIT(DBGMCU->CR, DBGMCU_CR_DBG_STOP);
 786              		.loc 1 505 3 view .LVU141
 787 0000 024A     		ldr	r2, .L71
 788 0002 5368     		ldr	r3, [r2, #4]
 789 0004 0221     		movs	r1, #2
 790 0006 8B43     		bics	r3, r1
 791 0008 5360     		str	r3, [r2, #4]
 506:PY32F0xx_HAL_Driver/Src/py32f0xx_hal.c **** }
 792              		.loc 1 506 1 is_stmt 0 view .LVU142
 793              		@ sp needed
 794 000a 7047     		bx	lr
 795              	.L72:
 796              		.align	2
 797              	.L71:
 798 000c 00580140 		.word	1073829888
 799              		.cfi_endproc
ARM GAS  /tmp/cc7OGAfB.s 			page 24


 800              	.LFE75:
 802              		.section	.text.HAL_SYSCFG_DMA_Req,"ax",%progbits
 803              		.align	1
 804              		.global	HAL_SYSCFG_DMA_Req
 805              		.syntax unified
 806              		.code	16
 807              		.thumb_func
 809              	HAL_SYSCFG_DMA_Req:
 810              	.LVL31:
 811              	.LFB76:
 507:PY32F0xx_HAL_Driver/Src/py32f0xx_hal.c **** 
 508:PY32F0xx_HAL_Driver/Src/py32f0xx_hal.c **** 
 509:PY32F0xx_HAL_Driver/Src/py32f0xx_hal.c **** 
 510:PY32F0xx_HAL_Driver/Src/py32f0xx_hal.c **** /**
 511:PY32F0xx_HAL_Driver/Src/py32f0xx_hal.c ****   * @}
 512:PY32F0xx_HAL_Driver/Src/py32f0xx_hal.c ****   */
 513:PY32F0xx_HAL_Driver/Src/py32f0xx_hal.c **** 
 514:PY32F0xx_HAL_Driver/Src/py32f0xx_hal.c **** /** @addtogroup HAL_Exported_Functions_Group4
 515:PY32F0xx_HAL_Driver/Src/py32f0xx_hal.c ****  *  @brief    SYSCFG configuration functions
 516:PY32F0xx_HAL_Driver/Src/py32f0xx_hal.c ****  *
 517:PY32F0xx_HAL_Driver/Src/py32f0xx_hal.c **** @verbatim
 518:PY32F0xx_HAL_Driver/Src/py32f0xx_hal.c ****  ===============================================================================
 519:PY32F0xx_HAL_Driver/Src/py32f0xx_hal.c ****                       ##### HAL SYSCFG configuration functions #####
 520:PY32F0xx_HAL_Driver/Src/py32f0xx_hal.c ****  ===============================================================================
 521:PY32F0xx_HAL_Driver/Src/py32f0xx_hal.c ****     [..]  This section provides functions allowing to:
 522:PY32F0xx_HAL_Driver/Src/py32f0xx_hal.c ****       (+) Enable/Disable Pin remap
 523:PY32F0xx_HAL_Driver/Src/py32f0xx_hal.c ****       (+) Configure the Voltage reference buffer
 524:PY32F0xx_HAL_Driver/Src/py32f0xx_hal.c ****       (+) Enable/Disable the Voltage reference buffer
 525:PY32F0xx_HAL_Driver/Src/py32f0xx_hal.c ****       (+) Enable/Disable the I/O analog switch voltage booster
 526:PY32F0xx_HAL_Driver/Src/py32f0xx_hal.c ****       (+) Enable/Disable dead battery behavior(*)
 527:PY32F0xx_HAL_Driver/Src/py32f0xx_hal.c ****       (+) Configure Clamping Diode on specific pins(*)
 528:PY32F0xx_HAL_Driver/Src/py32f0xx_hal.c ****    (*) Feature not available on all devices
 529:PY32F0xx_HAL_Driver/Src/py32f0xx_hal.c **** 
 530:PY32F0xx_HAL_Driver/Src/py32f0xx_hal.c **** @endverbatim
 531:PY32F0xx_HAL_Driver/Src/py32f0xx_hal.c ****   * @{
 532:PY32F0xx_HAL_Driver/Src/py32f0xx_hal.c ****   */
 533:PY32F0xx_HAL_Driver/Src/py32f0xx_hal.c **** #if (defined(DMA1) || defined(DMA))
 534:PY32F0xx_HAL_Driver/Src/py32f0xx_hal.c **** void HAL_SYSCFG_DMA_Req(uint32_t Requset)
 535:PY32F0xx_HAL_Driver/Src/py32f0xx_hal.c **** {
 812              		.loc 1 535 1 is_stmt 1 view -0
 813              		.cfi_startproc
 814              		@ args = 0, pretend = 0, frame = 0
 815              		@ frame_needed = 0, uses_anonymous_args = 0
 816              		@ link register save eliminated.
 536:PY32F0xx_HAL_Driver/Src/py32f0xx_hal.c ****   /* Check the parameter */
 537:PY32F0xx_HAL_Driver/Src/py32f0xx_hal.c **** 
 538:PY32F0xx_HAL_Driver/Src/py32f0xx_hal.c ****   SET_BIT(SYSCFG->CFGR3, Requset);
 817              		.loc 1 538 3 view .LVU144
 818 0000 024A     		ldr	r2, .L74
 819 0002 D369     		ldr	r3, [r2, #28]
 820 0004 0343     		orrs	r3, r0
 821 0006 D361     		str	r3, [r2, #28]
 539:PY32F0xx_HAL_Driver/Src/py32f0xx_hal.c **** }
 822              		.loc 1 539 1 is_stmt 0 view .LVU145
 823              		@ sp needed
 824 0008 7047     		bx	lr
 825              	.L75:
ARM GAS  /tmp/cc7OGAfB.s 			page 25


 826 000a C046     		.align	2
 827              	.L74:
 828 000c 00000140 		.word	1073807360
 829              		.cfi_endproc
 830              	.LFE76:
 832              		.global	uwTickFreq
 833              		.section	.data.uwTickFreq,"aw"
 834              		.align	2
 837              	uwTickFreq:
 838 0000 01000000 		.word	1
 839              		.global	uwTickPrio
 840              		.section	.data.uwTickPrio,"aw"
 841              		.align	2
 844              	uwTickPrio:
 845 0000 04000000 		.word	4
 846              		.global	uwTick
 847              		.section	.bss.uwTick,"aw",%nobits
 848              		.align	2
 851              	uwTick:
 852 0000 00000000 		.space	4
 853              		.text
 854              	.Letext0:
 855              		.file 2 "CMSIS/Device/PY32F0xx/Include/py32f003x8.h"
 856              		.file 3 "/usr/lib/gcc/arm-none-eabi/14.2.1/include/stdint.h"
 857              		.file 4 "CMSIS/Include/core_cm0plus.h"
 858              		.file 5 "PY32F0xx_HAL_Driver/Inc/py32f0xx_hal_def.h"
 859              		.file 6 "PY32F0xx_HAL_Driver/Inc/py32f0xx_hal.h"
 860              		.file 7 "CMSIS/Device/PY32F0xx/Include/system_py32f0xx.h"
 861              		.file 8 "PY32F0xx_HAL_Driver/Inc/py32f0xx_hal_cortex.h"
ARM GAS  /tmp/cc7OGAfB.s 			page 26


DEFINED SYMBOLS
                            *ABS*:00000000 py32f0xx_hal.c
     /tmp/cc7OGAfB.s:19     .text.HAL_MspInit:00000000 $t
     /tmp/cc7OGAfB.s:25     .text.HAL_MspInit:00000000 HAL_MspInit
     /tmp/cc7OGAfB.s:39     .text.HAL_MspDeInit:00000000 $t
     /tmp/cc7OGAfB.s:45     .text.HAL_MspDeInit:00000000 HAL_MspDeInit
     /tmp/cc7OGAfB.s:59     .text.HAL_DeInit:00000000 $t
     /tmp/cc7OGAfB.s:65     .text.HAL_DeInit:00000000 HAL_DeInit
     /tmp/cc7OGAfB.s:107    .text.HAL_DeInit:00000024 $d
     /tmp/cc7OGAfB.s:112    .text.HAL_InitTick:00000000 $t
     /tmp/cc7OGAfB.s:118    .text.HAL_InitTick:00000000 HAL_InitTick
     /tmp/cc7OGAfB.s:201    .text.HAL_InitTick:0000004c $d
     /tmp/cc7OGAfB.s:837    .data.uwTickFreq:00000000 uwTickFreq
     /tmp/cc7OGAfB.s:844    .data.uwTickPrio:00000000 uwTickPrio
     /tmp/cc7OGAfB.s:208    .text.HAL_Init:00000000 $t
     /tmp/cc7OGAfB.s:214    .text.HAL_Init:00000000 HAL_Init
     /tmp/cc7OGAfB.s:256    .text.HAL_IncTick:00000000 $t
     /tmp/cc7OGAfB.s:262    .text.HAL_IncTick:00000000 HAL_IncTick
     /tmp/cc7OGAfB.s:283    .text.HAL_IncTick:00000010 $d
     /tmp/cc7OGAfB.s:851    .bss.uwTick:00000000 uwTick
     /tmp/cc7OGAfB.s:289    .text.HAL_GetTick:00000000 $t
     /tmp/cc7OGAfB.s:295    .text.HAL_GetTick:00000000 HAL_GetTick
     /tmp/cc7OGAfB.s:312    .text.HAL_GetTick:00000008 $d
     /tmp/cc7OGAfB.s:317    .text.HAL_GetTickPrio:00000000 $t
     /tmp/cc7OGAfB.s:323    .text.HAL_GetTickPrio:00000000 HAL_GetTickPrio
     /tmp/cc7OGAfB.s:341    .text.HAL_GetTickPrio:00000008 $d
     /tmp/cc7OGAfB.s:346    .text.HAL_SetTickFreq:00000000 $t
     /tmp/cc7OGAfB.s:352    .text.HAL_SetTickFreq:00000000 HAL_SetTickFreq
     /tmp/cc7OGAfB.s:408    .text.HAL_SetTickFreq:00000024 $d
     /tmp/cc7OGAfB.s:414    .text.HAL_GetTickFreq:00000000 $t
     /tmp/cc7OGAfB.s:420    .text.HAL_GetTickFreq:00000000 HAL_GetTickFreq
     /tmp/cc7OGAfB.s:438    .text.HAL_GetTickFreq:00000008 $d
     /tmp/cc7OGAfB.s:443    .text.HAL_Delay:00000000 $t
     /tmp/cc7OGAfB.s:449    .text.HAL_Delay:00000000 HAL_Delay
     /tmp/cc7OGAfB.s:504    .text.HAL_Delay:00000020 $d
     /tmp/cc7OGAfB.s:509    .text.HAL_SuspendTick:00000000 $t
     /tmp/cc7OGAfB.s:515    .text.HAL_SuspendTick:00000000 HAL_SuspendTick
     /tmp/cc7OGAfB.s:534    .text.HAL_SuspendTick:0000000c $d
     /tmp/cc7OGAfB.s:539    .text.HAL_ResumeTick:00000000 $t
     /tmp/cc7OGAfB.s:545    .text.HAL_ResumeTick:00000000 HAL_ResumeTick
     /tmp/cc7OGAfB.s:564    .text.HAL_ResumeTick:0000000c $d
     /tmp/cc7OGAfB.s:569    .text.HAL_GetHalVersion:00000000 $t
     /tmp/cc7OGAfB.s:575    .text.HAL_GetHalVersion:00000000 HAL_GetHalVersion
     /tmp/cc7OGAfB.s:590    .text.HAL_GetHalVersion:00000004 $d
     /tmp/cc7OGAfB.s:595    .text.HAL_GetREVID:00000000 $t
     /tmp/cc7OGAfB.s:601    .text.HAL_GetREVID:00000000 HAL_GetREVID
     /tmp/cc7OGAfB.s:620    .text.HAL_GetREVID:00000008 $d
     /tmp/cc7OGAfB.s:625    .text.HAL_GetDEVID:00000000 $t
     /tmp/cc7OGAfB.s:631    .text.HAL_GetDEVID:00000000 HAL_GetDEVID
     /tmp/cc7OGAfB.s:651    .text.HAL_GetDEVID:0000000c $d
     /tmp/cc7OGAfB.s:656    .text.HAL_GetUIDw0:00000000 $t
     /tmp/cc7OGAfB.s:662    .text.HAL_GetUIDw0:00000000 HAL_GetUIDw0
     /tmp/cc7OGAfB.s:680    .text.HAL_GetUIDw0:00000008 $d
     /tmp/cc7OGAfB.s:685    .text.HAL_GetUIDw1:00000000 $t
     /tmp/cc7OGAfB.s:691    .text.HAL_GetUIDw1:00000000 HAL_GetUIDw1
     /tmp/cc7OGAfB.s:709    .text.HAL_GetUIDw1:00000008 $d
     /tmp/cc7OGAfB.s:714    .text.HAL_GetUIDw2:00000000 $t
ARM GAS  /tmp/cc7OGAfB.s 			page 27


     /tmp/cc7OGAfB.s:720    .text.HAL_GetUIDw2:00000000 HAL_GetUIDw2
     /tmp/cc7OGAfB.s:738    .text.HAL_GetUIDw2:00000008 $d
     /tmp/cc7OGAfB.s:743    .text.HAL_DBGMCU_EnableDBGMCUStopMode:00000000 $t
     /tmp/cc7OGAfB.s:749    .text.HAL_DBGMCU_EnableDBGMCUStopMode:00000000 HAL_DBGMCU_EnableDBGMCUStopMode
     /tmp/cc7OGAfB.s:768    .text.HAL_DBGMCU_EnableDBGMCUStopMode:0000000c $d
     /tmp/cc7OGAfB.s:773    .text.HAL_DBGMCU_DisableDBGMCUStopMode:00000000 $t
     /tmp/cc7OGAfB.s:779    .text.HAL_DBGMCU_DisableDBGMCUStopMode:00000000 HAL_DBGMCU_DisableDBGMCUStopMode
     /tmp/cc7OGAfB.s:798    .text.HAL_DBGMCU_DisableDBGMCUStopMode:0000000c $d
     /tmp/cc7OGAfB.s:803    .text.HAL_SYSCFG_DMA_Req:00000000 $t
     /tmp/cc7OGAfB.s:809    .text.HAL_SYSCFG_DMA_Req:00000000 HAL_SYSCFG_DMA_Req
     /tmp/cc7OGAfB.s:828    .text.HAL_SYSCFG_DMA_Req:0000000c $d
     /tmp/cc7OGAfB.s:834    .data.uwTickFreq:00000000 $d
     /tmp/cc7OGAfB.s:841    .data.uwTickPrio:00000000 $d
     /tmp/cc7OGAfB.s:848    .bss.uwTick:00000000 $d

UNDEFINED SYMBOLS
__aeabi_uidiv
HAL_SYSTICK_Config
HAL_NVIC_SetPriority
SystemCoreClock
